-------------------------------------------------------------------------------
Test set: TestSuite
-------------------------------------------------------------------------------
Tests run: 2, Failures: 1, Errors: 0, Skipped: 0, Time elapsed: 243.628 s <<< FAILURE! - in TestSuite
runScenario(cucumberOptions.TestRunner)  Time elapsed: 92.264 s  <<< FAILURE!
java.lang.AssertionError: expected [false] but found [true]

