<?xml version="1.0" encoding="UTF-8"?>
<!-- Generated by org.testng.reporters.JUnitXMLReporter -->
<testsuite ignored="1" hostname="DESKTOP-18EMREV" failures="1" tests="1" name="DemoBankRealTimeProject" time="9.499" errors="0" timestamp="27 Oct 2019 10:58:41 GMT">
  <testcase classname="tests.manager.SM4" name="verifyAddingNewCustomerRedirectsToDetailsOfAddedCustomer" time="9.381">
    <failure type="org.openqa.selenium.UnhandledAlertException" message="Dismissed user prompt dialog: Email Address Already Exist !!: 
Build info: version: &amp;apos;3.141.59&amp;apos;, revision: &amp;apos;e82be7d358&amp;apos;, time: &amp;apos;2018-11-14T08:25:48&amp;apos;
System info: host: &amp;apos;DESKTOP-18EMREV&amp;apos;, ip: &amp;apos;192.168.1.2&amp;apos;, os.name: &amp;apos;Windows 10&amp;apos;, os.arch: &amp;apos;amd64&amp;apos;, os.version: &amp;apos;10.0&amp;apos;, java.version: &amp;apos;12.0.1&amp;apos;
Driver info: org.openqa.selenium.firefox.FirefoxDriver
Capabilities {acceptInsecureCerts: true, browserName: firefox, browserVersion: 67.0, javascriptEnabled: true, moz:accessibilityChecks: false, moz:buildID: 20190516215225, moz:geckodriverVersion: 0.24.0, moz:headless: false, moz:processID: 9416, moz:profile: C:\Users\sujic\AppData\Loca..., moz:shutdownTimeout: 60000, moz:useNonSpecCompliantPointerOrigin: false, moz:webdriverClick: true, pageLoadStrategy: normal, platform: WINDOWS, platformName: WINDOWS, platformVersion: 10.0, rotatable: false, setWindowRect: true, strictFileInteractability: false, timeouts: {implicit: 0, pageLoad: 300000, script: 30000}, unhandledPromptBehavior: dismiss and notify}
Session ID: a2ffbeb2-cd32-46a4-aab9-7fdb480f89ca
*** Element info: {Using=xpath, value=//p[text()=&amp;apos;Customer Registered Successfully!!!&amp;apos;]}">
      <![CDATA[org.openqa.selenium.UnhandledAlertException: Dismissed user prompt dialog: Email Address Already Exist !!: 
Build info: version: '3.141.59', revision: 'e82be7d358', time: '2018-11-14T08:25:48'
System info: host: 'DESKTOP-18EMREV', ip: '192.168.1.2', os.name: 'Windows 10', os.arch: 'amd64', os.version: '10.0', java.version: '12.0.1'
Driver info: org.openqa.selenium.firefox.FirefoxDriver
Capabilities {acceptInsecureCerts: true, browserName: firefox, browserVersion: 67.0, javascriptEnabled: true, moz:accessibilityChecks: false, moz:buildID: 20190516215225, moz:geckodriverVersion: 0.24.0, moz:headless: false, moz:processID: 9416, moz:profile: C:\Users\sujic\AppData\Loca..., moz:shutdownTimeout: 60000, moz:useNonSpecCompliantPointerOrigin: false, moz:webdriverClick: true, pageLoadStrategy: normal, platform: WINDOWS, platformName: WINDOWS, platformVersion: 10.0, rotatable: false, setWindowRect: true, strictFileInteractability: false, timeouts: {implicit: 0, pageLoad: 300000, script: 30000}, unhandledPromptBehavior: dismiss and notify}
Session ID: a2ffbeb2-cd32-46a4-aab9-7fdb480f89ca
*** Element info: {Using=xpath, value=//p[text()='Customer Registered Successfully!!!']}
at org.openqa.selenium.remote.http.W3CHttpResponseCodec.decode(W3CHttpResponseCodec.java:120)
at org.openqa.selenium.remote.http.W3CHttpResponseCodec.decode(W3CHttpResponseCodec.java:49)
at org.openqa.selenium.remote.HttpCommandExecutor.execute(HttpCommandExecutor.java:158)
at org.openqa.selenium.remote.service.DriverCommandExecutor.execute(DriverCommandExecutor.java:83)
at org.openqa.selenium.remote.RemoteWebDriver.execute(RemoteWebDriver.java:552)
at org.openqa.selenium.remote.RemoteWebDriver.findElements(RemoteWebDriver.java:353)
at org.openqa.selenium.remote.RemoteWebDriver.findElementsByXPath(RemoteWebDriver.java:432)
at org.openqa.selenium.By$ByXPath.findElements(By.java:348)
at org.openqa.selenium.remote.RemoteWebDriver.findElements(RemoteWebDriver.java:311)
at tests.manager.SM4.verifyAddingNewCustomerRedirectsToDetailsOfAddedCustomer(SM4.java:32)
... Removed 24 stack frames]]>
    </failure>
  </testcase> <!-- verifyAddingNewCustomerRedirectsToDetailsOfAddedCustomer -->
  <testcase classname="tests.manager.SM4" name="verifyAddingNewAccountToNewlyCreatedCustomer" time="0.0">
    <ignored/>
  </testcase> <!-- verifyAddingNewAccountToNewlyCreatedCustomer -->
</testsuite> <!-- DemoBankRealTimeProject -->
