<?xml version="1.0" encoding="UTF-8"?>
<!-- Generated by org.testng.reporters.JUnitXMLReporter -->
<testsuite ignored="0" hostname="DESKTOP-18EMREV" failures="0" tests="1" name="Homepage verification" time="48.251" errors="0" timestamp="20 Jun 2019 20:37:30 GMT">
  <testcase classname="homepageVerifyTitle" name="@AfterTest closeBrowser" time="0.007">
    <failure type="java.lang.StackOverflowError">
      <![CDATA[java.lang.StackOverflowError
at homepageVerifyTitle.closeBrowser(homepageVerifyTitle.java:27)
at homepageVerifyTitle.closeBrowser(homepageVerifyTitle.java:27)
at homepageVerifyTitle.closeBrowser(homepageVerifyTitle.java:27)
at homepageVerifyTitle.closeBrowser(homepageVerifyTitle.java:27)
at homepageVerifyTitle.closeBrowser(homepageVerifyTitle.java:27)
at homepageVerifyTitle.closeBrowser(homepageVerifyTitle.java:27)
at homepageVerifyTitle.closeBrowser(homepageVerifyTitle.java:27)
at homepageVerifyTitle.closeBrowser(homepageVerifyTitle.java:27)
at homepageVerifyTitle.closeBrowser(homepageVerifyTitle.java:27)
at homepageVerifyTitle.closeBrowser(homepageVerifyTitle.java:27)
at homepageVerifyTitle.closeBrowser(homepageVerifyTitle.java:27)
at homepageVerifyTitle.closeBrowser(homepageVerifyTitle.java:27)
at homepageVerifyTitle.closeBrowser(homepageVerifyTitle.java:27)
at homepageVerifyTitle.closeBrowser(homepageVerifyTitle.java:27)
at homepageVerifyTitle.closeBrowser(homepageVerifyTitle.java:27)
at homepageVerifyTitle.closeBrowser(homepageVerifyTitle.java:27)
at homepageVerifyTitle.closeBrowser(homepageVerifyTitle.java:27)
at homepageVerifyTitle.closeBrowser(homepageVerifyTitle.java:27)
at homepageVerifyTitle.closeBrowser(homepageVerifyTitle.java:27)
at homepageVerifyTitle.closeBrowser(homepageVerifyTitle.java:27)
at homepageVerifyTitle.closeBrowser(homepageVerifyTitle.java:27)
at homepageVerifyTitle.closeBrowser(homepageVerifyTitle.java:27)
at homepageVerifyTitle.closeBrowser(homepageVerifyTitle.java:27)
at homepageVerifyTitle.closeBrowser(homepageVerifyTitle.java:27)
at homepageVerifyTitle.closeBrowser(homepageVerifyTitle.java:27)
at homepageVerifyTitle.closeBrowser(homepageVerifyTitle.java:27)
at homepageVerifyTitle.closeBrowser(homepageVerifyTitle.java:27)
at homepageVerifyTitle.closeBrowser(homepageVerifyTitle.java:27)
at homepageVerifyTitle.closeBrowser(homepageVerifyTitle.java:27)
at homepageVerifyTitle.closeBrowser(homepageVerifyTitle.java:27)
at homepageVerifyTitle.closeBrowser(homepageVerifyTitle.java:27)
at homepageVerifyTitle.closeBrowser(homepageVerifyTitle.java:27)
at homepageVerifyTitle.closeBrowser(homepageVerifyTitle.java:27)
at homepageVerifyTitle.closeBrowser(homepageVerifyTitle.java:27)
at homepageVerifyTitle.closeBrowser(homepageVerifyTitle.java:27)
at homepageVerifyTitle.closeBrowser(homepageVerifyTitle.java:27)
at homepageVerifyTitle.closeBrowser(homepageVerifyTitle.java:27)
at homepageVerifyTitle.closeBrowser(homepageVerifyTitle.java:27)
at homepageVerifyTitle.closeBrowser(homepageVerifyTitle.java:27)
at homepageVerifyTitle.closeBrowser(homepageVerifyTitle.java:27)
at homepageVerifyTitle.closeBrowser(homepageVerifyTitle.java:27)
at homepageVerifyTitle.closeBrowser(homepageVerifyTitle.java:27)
at homepageVerifyTitle.closeBrowser(homepageVerifyTitle.java:27)
at homepageVerifyTitle.closeBrowser(homepageVerifyTitle.java:27)
at homepageVerifyTitle.closeBrowser(homepageVerifyTitle.java:27)
at homepageVerifyTitle.closeBrowser(homepageVerifyTitle.java:27)
at homepageVerifyTitle.closeBrowser(homepageVerifyTitle.java:27)
at homepageVerifyTitle.closeBrowser(homepageVerifyTitle.java:27)
at homepageVerifyTitle.closeBrowser(homepageVerifyTitle.java:27)
at homepageVerifyTitle.closeBrowser(homepageVerifyTitle.java:27)
at homepageVerifyTitle.closeBrowser(homepageVerifyTitle.java:27)
at homepageVerifyTitle.closeBrowser(homepageVerifyTitle.java:27)
at homepageVerifyTitle.closeBrowser(homepageVerifyTitle.java:27)
at homepageVerifyTitle.closeBrowser(homepageVerifyTitle.java:27)
at homepageVerifyTitle.closeBrowser(homepageVerifyTitle.java:27)
at homepageVerifyTitle.closeBrowser(homepageVerifyTitle.java:27)
at homepageVerifyTitle.closeBrowser(homepageVerifyTitle.java:27)
at homepageVerifyTitle.closeBrowser(homepageVerifyTitle.java:27)
at homepageVerifyTitle.closeBrowser(homepageVerifyTitle.java:27)
at homepageVerifyTitle.closeBrowser(homepageVerifyTitle.java:27)
at homepageVerifyTitle.closeBrowser(homepageVerifyTitle.java:27)
at homepageVerifyTitle.closeBrowser(homepageVerifyTitle.java:27)
at homepageVerifyTitle.closeBrowser(homepageVerifyTitle.java:27)
at homepageVerifyTitle.closeBrowser(homepageVerifyTitle.java:27)
at homepageVerifyTitle.closeBrowser(homepageVerifyTitle.java:27)
at homepageVerifyTitle.closeBrowser(homepageVerifyTitle.java:27)
at homepageVerifyTitle.closeBrowser(homepageVerifyTitle.java:27)
at homepageVerifyTitle.closeBrowser(homepageVerifyTitle.java:27)
at homepageVerifyTitle.closeBrowser(homepageVerifyTitle.java:27)
at homepageVerifyTitle.closeBrowser(homepageVerifyTitle.java:27)
at homepageVerifyTitle.closeBrowser(homepageVerifyTitle.java:27)
at homepageVerifyTitle.closeBrowser(homepageVerifyTitle.java:27)
at homepageVerifyTitle.closeBrowser(homepageVerifyTitle.java:27)
at homepageVerifyTitle.closeBrowser(homepageVerifyTitle.java:27)
at homepageVerifyTitle.closeBrowser(homepageVerifyTitle.java:27)
at homepageVerifyTitle.closeBrowser(homepageVerifyTitle.java:27)
at homepageVerifyTitle.closeBrowser(homepageVerifyTitle.java:27)
at homepageVerifyTitle.closeBrowser(homepageVerifyTitle.java:27)
at homepageVerifyTitle.closeBrowser(homepageVerifyTitle.java:27)
at homepageVerifyTitle.closeBrowser(homepageVerifyTitle.java:27)
at homepageVerifyTitle.closeBrowser(homepageVerifyTitle.java:27)
at homepageVerifyTitle.closeBrowser(homepageVerifyTitle.java:27)
at homepageVerifyTitle.closeBrowser(homepageVerifyTitle.java:27)
at homepageVerifyTitle.closeBrowser(homepageVerifyTitle.java:27)
at homepageVerifyTitle.closeBrowser(homepageVerifyTitle.java:27)
at homepageVerifyTitle.closeBrowser(homepageVerifyTitle.java:27)
at homepageVerifyTitle.closeBrowser(homepageVerifyTitle.java:27)
at homepageVerifyTitle.closeBrowser(homepageVerifyTitle.java:27)
at homepageVerifyTitle.closeBrowser(homepageVerifyTitle.java:27)
at homepageVerifyTitle.closeBrowser(homepageVerifyTitle.java:27)
at homepageVerifyTitle.closeBrowser(homepageVerifyTitle.java:27)
at homepageVerifyTitle.closeBrowser(homepageVerifyTitle.java:27)
at homepageVerifyTitle.closeBrowser(homepageVerifyTitle.java:27)
at homepageVerifyTitle.closeBrowser(homepageVerifyTitle.java:27)
at homepageVerifyTitle.closeBrowser(homepageVerifyTitle.java:27)
at homepageVerifyTitle.closeBrowser(homepageVerifyTitle.java:27)
at homepageVerifyTitle.closeBrowser(homepageVerifyTitle.java:27)
at homepageVerifyTitle.closeBrowser(homepageVerifyTitle.java:27)
at homepageVerifyTitle.closeBrowser(homepageVerifyTitle.java:27)
at homepageVerifyTitle.closeBrowser(homepageVerifyTitle.java:27)
at homepageVerifyTitle.closeBrowser(homepageVerifyTitle.java:27)
at homepageVerifyTitle.closeBrowser(homepageVerifyTitle.java:27)
at homepageVerifyTitle.closeBrowser(homepageVerifyTitle.java:27)
at homepageVerifyTitle.closeBrowser(homepageVerifyTitle.java:27)
at homepageVerifyTitle.closeBrowser(homepageVerifyTitle.java:27)
at homepageVerifyTitle.closeBrowser(homepageVerifyTitle.java:27)
at homepageVerifyTitle.closeBrowser(homepageVerifyTitle.java:27)
at homepageVerifyTitle.closeBrowser(homepageVerifyTitle.java:27)
at homepageVerifyTitle.closeBrowser(homepageVerifyTitle.java:27)
at homepageVerifyTitle.closeBrowser(homepageVerifyTitle.java:27)
at homepageVerifyTitle.closeBrowser(homepageVerifyTitle.java:27)
at homepageVerifyTitle.closeBrowser(homepageVerifyTitle.java:27)
at homepageVerifyTitle.closeBrowser(homepageVerifyTitle.java:27)
at homepageVerifyTitle.closeBrowser(homepageVerifyTitle.java:27)
at homepageVerifyTitle.closeBrowser(homepageVerifyTitle.java:27)
at homepageVerifyTitle.closeBrowser(homepageVerifyTitle.java:27)
at homepageVerifyTitle.closeBrowser(homepageVerifyTitle.java:27)
at homepageVerifyTitle.closeBrowser(homepageVerifyTitle.java:27)
at homepageVerifyTitle.closeBrowser(homepageVerifyTitle.java:27)
at homepageVerifyTitle.closeBrowser(homepageVerifyTitle.java:27)
at homepageVerifyTitle.closeBrowser(homepageVerifyTitle.java:27)
at homepageVerifyTitle.closeBrowser(homepageVerifyTitle.java:27)
at homepageVerifyTitle.closeBrowser(homepageVerifyTitle.java:27)
at homepageVerifyTitle.closeBrowser(homepageVerifyTitle.java:27)
at homepageVerifyTitle.closeBrowser(homepageVerifyTitle.java:27)
at homepageVerifyTitle.closeBrowser(homepageVerifyTitle.java:27)
at homepageVerifyTitle.closeBrowser(homepageVerifyTitle.java:27)
at homepageVerifyTitle.closeBrowser(homepageVerifyTitle.java:27)
at homepageVerifyTitle.closeBrowser(homepageVerifyTitle.java:27)
at homepageVerifyTitle.closeBrowser(homepageVerifyTitle.java:27)
at homepageVerifyTitle.closeBrowser(homepageVerifyTitle.java:27)
at homepageVerifyTitle.closeBrowser(homepageVerifyTitle.java:27)
at homepageVerifyTitle.closeBrowser(homepageVerifyTitle.java:27)
at homepageVerifyTitle.closeBrowser(homepageVerifyTitle.java:27)
at homepageVerifyTitle.closeBrowser(homepageVerifyTitle.java:27)
at homepageVerifyTitle.closeBrowser(homepageVerifyTitle.java:27)
at homepageVerifyTitle.closeBrowser(homepageVerifyTitle.java:27)
at homepageVerifyTitle.closeBrowser(homepageVerifyTitle.java:27)
at homepageVerifyTitle.closeBrowser(homepageVerifyTitle.java:27)
at homepageVerifyTitle.closeBrowser(homepageVerifyTitle.java:27)
at homepageVerifyTitle.closeBrowser(homepageVerifyTitle.java:27)
at homepageVerifyTitle.closeBrowser(homepageVerifyTitle.java:27)
at homepageVerifyTitle.closeBrowser(homepageVerifyTitle.java:27)
at homepageVerifyTitle.closeBrowser(homepageVerifyTitle.java:27)
at homepageVerifyTitle.closeBrowser(homepageVerifyTitle.java:27)
at homepageVerifyTitle.closeBrowser(homepageVerifyTitle.java:27)
at homepageVerifyTitle.closeBrowser(homepageVerifyTitle.java:27)
at homepageVerifyTitle.closeBrowser(homepageVerifyTitle.java:27)
at homepageVerifyTitle.closeBrowser(homepageVerifyTitle.java:27)
at homepageVerifyTitle.closeBrowser(homepageVerifyTitle.java:27)
at homepageVerifyTitle.closeBrowser(homepageVerifyTitle.java:27)
at homepageVerifyTitle.closeBrowser(homepageVerifyTitle.java:27)
at homepageVerifyTitle.closeBrowser(homepageVerifyTitle.java:27)
at homepageVerifyTitle.closeBrowser(homepageVerifyTitle.java:27)
at homepageVerifyTitle.closeBrowser(homepageVerifyTitle.java:27)
at homepageVerifyTitle.closeBrowser(homepageVerifyTitle.java:27)
at homepageVerifyTitle.closeBrowser(homepageVerifyTitle.java:27)
at homepageVerifyTitle.closeBrowser(homepageVerifyTitle.java:27)
at homepageVerifyTitle.closeBrowser(homepageVerifyTitle.java:27)
at homepageVerifyTitle.closeBrowser(homepageVerifyTitle.java:27)
at homepageVerifyTitle.closeBrowser(homepageVerifyTitle.java:27)
at homepageVerifyTitle.closeBrowser(homepageVerifyTitle.java:27)
at homepageVerifyTitle.closeBrowser(homepageVerifyTitle.java:27)
at homepageVerifyTitle.closeBrowser(homepageVerifyTitle.java:27)
at homepageVerifyTitle.closeBrowser(homepageVerifyTitle.java:27)
at homepageVerifyTitle.closeBrowser(homepageVerifyTitle.java:27)
at homepageVerifyTitle.closeBrowser(homepageVerifyTitle.java:27)
at homepageVerifyTitle.closeBrowser(homepageVerifyTitle.java:27)
at homepageVerifyTitle.closeBrowser(homepageVerifyTitle.java:27)
at homepageVerifyTitle.closeBrowser(homepageVerifyTitle.java:27)
at homepageVerifyTitle.closeBrowser(homepageVerifyTitle.java:27)
at homepageVerifyTitle.closeBrowser(homepageVerifyTitle.java:27)
at homepageVerifyTitle.closeBrowser(homepageVerifyTitle.java:27)
at homepageVerifyTitle.closeBrowser(homepageVerifyTitle.java:27)
at homepageVerifyTitle.closeBrowser(homepageVerifyTitle.java:27)
at homepageVerifyTitle.closeBrowser(homepageVerifyTitle.java:27)
at homepageVerifyTitle.closeBrowser(homepageVerifyTitle.java:27)
at homepageVerifyTitle.closeBrowser(homepageVerifyTitle.java:27)
at homepageVerifyTitle.closeBrowser(homepageVerifyTitle.java:27)
at homepageVerifyTitle.closeBrowser(homepageVerifyTitle.java:27)
at homepageVerifyTitle.closeBrowser(homepageVerifyTitle.java:27)
at homepageVerifyTitle.closeBrowser(homepageVerifyTitle.java:27)
at homepageVerifyTitle.closeBrowser(homepageVerifyTitle.java:27)
at homepageVerifyTitle.closeBrowser(homepageVerifyTitle.java:27)
at homepageVerifyTitle.closeBrowser(homepageVerifyTitle.java:27)
at homepageVerifyTitle.closeBrowser(homepageVerifyTitle.java:27)
at homepageVerifyTitle.closeBrowser(homepageVerifyTitle.java:27)
at homepageVerifyTitle.closeBrowser(homepageVerifyTitle.java:27)
at homepageVerifyTitle.closeBrowser(homepageVerifyTitle.java:27)
at homepageVerifyTitle.closeBrowser(homepageVerifyTitle.java:27)
at homepageVerifyTitle.closeBrowser(homepageVerifyTitle.java:27)
at homepageVerifyTitle.closeBrowser(homepageVerifyTitle.java:27)
at homepageVerifyTitle.closeBrowser(homepageVerifyTitle.java:27)
at homepageVerifyTitle.closeBrowser(homepageVerifyTitle.java:27)
at homepageVerifyTitle.closeBrowser(homepageVerifyTitle.java:27)
at homepageVerifyTitle.closeBrowser(homepageVerifyTitle.java:27)
at homepageVerifyTitle.closeBrowser(homepageVerifyTitle.java:27)
at homepageVerifyTitle.closeBrowser(homepageVerifyTitle.java:27)
at homepageVerifyTitle.closeBrowser(homepageVerifyTitle.java:27)
at homepageVerifyTitle.closeBrowser(homepageVerifyTitle.java:27)
at homepageVerifyTitle.closeBrowser(homepageVerifyTitle.java:27)
at homepageVerifyTitle.closeBrowser(homepageVerifyTitle.java:27)
at homepageVerifyTitle.closeBrowser(homepageVerifyTitle.java:27)
at homepageVerifyTitle.closeBrowser(homepageVerifyTitle.java:27)
at homepageVerifyTitle.closeBrowser(homepageVerifyTitle.java:27)
at homepageVerifyTitle.closeBrowser(homepageVerifyTitle.java:27)
at homepageVerifyTitle.closeBrowser(homepageVerifyTitle.java:27)
at homepageVerifyTitle.closeBrowser(homepageVerifyTitle.java:27)
at homepageVerifyTitle.closeBrowser(homepageVerifyTitle.java:27)
at homepageVerifyTitle.closeBrowser(homepageVerifyTitle.java:27)
at homepageVerifyTitle.closeBrowser(homepageVerifyTitle.java:27)
at homepageVerifyTitle.closeBrowser(homepageVerifyTitle.java:27)
at homepageVerifyTitle.closeBrowser(homepageVerifyTitle.java:27)
at homepageVerifyTitle.closeBrowser(homepageVerifyTitle.java:27)
at homepageVerifyTitle.closeBrowser(homepageVerifyTitle.java:27)
at homepageVerifyTitle.closeBrowser(homepageVerifyTitle.java:27)
at homepageVerifyTitle.closeBrowser(homepageVerifyTitle.java:27)
at homepageVerifyTitle.closeBrowser(homepageVerifyTitle.java:27)
at homepageVerifyTitle.closeBrowser(homepageVerifyTitle.java:27)
at homepageVerifyTitle.closeBrowser(homepageVerifyTitle.java:27)
at homepageVerifyTitle.closeBrowser(homepageVerifyTitle.java:27)
at homepageVerifyTitle.closeBrowser(homepageVerifyTitle.java:27)
at homepageVerifyTitle.closeBrowser(homepageVerifyTitle.java:27)
at homepageVerifyTitle.closeBrowser(homepageVerifyTitle.java:27)
at homepageVerifyTitle.closeBrowser(homepageVerifyTitle.java:27)
at homepageVerifyTitle.closeBrowser(homepageVerifyTitle.java:27)
at homepageVerifyTitle.closeBrowser(homepageVerifyTitle.java:27)
at homepageVerifyTitle.closeBrowser(homepageVerifyTitle.java:27)
at homepageVerifyTitle.closeBrowser(homepageVerifyTitle.java:27)
at homepageVerifyTitle.closeBrowser(homepageVerifyTitle.java:27)
at homepageVerifyTitle.closeBrowser(homepageVerifyTitle.java:27)
at homepageVerifyTitle.closeBrowser(homepageVerifyTitle.java:27)
at homepageVerifyTitle.closeBrowser(homepageVerifyTitle.java:27)
at homepageVerifyTitle.closeBrowser(homepageVerifyTitle.java:27)
at homepageVerifyTitle.closeBrowser(homepageVerifyTitle.java:27)
at homepageVerifyTitle.closeBrowser(homepageVerifyTitle.java:27)
at homepageVerifyTitle.closeBrowser(homepageVerifyTitle.java:27)
at homepageVerifyTitle.closeBrowser(homepageVerifyTitle.java:27)
at homepageVerifyTitle.closeBrowser(homepageVerifyTitle.java:27)
at homepageVerifyTitle.closeBrowser(homepageVerifyTitle.java:27)
at homepageVerifyTitle.closeBrowser(homepageVerifyTitle.java:27)
at homepageVerifyTitle.closeBrowser(homepageVerifyTitle.java:27)
at homepageVerifyTitle.closeBrowser(homepageVerifyTitle.java:27)
at homepageVerifyTitle.closeBrowser(homepageVerifyTitle.java:27)
at homepageVerifyTitle.closeBrowser(homepageVerifyTitle.java:27)
at homepageVerifyTitle.closeBrowser(homepageVerifyTitle.java:27)
at homepageVerifyTitle.closeBrowser(homepageVerifyTitle.java:27)
at homepageVerifyTitle.closeBrowser(homepageVerifyTitle.java:27)
at homepageVerifyTitle.closeBrowser(homepageVerifyTitle.java:27)
at homepageVerifyTitle.closeBrowser(homepageVerifyTitle.java:27)
at homepageVerifyTitle.closeBrowser(homepageVerifyTitle.java:27)
at homepageVerifyTitle.closeBrowser(homepageVerifyTitle.java:27)
at homepageVerifyTitle.closeBrowser(homepageVerifyTitle.java:27)
at homepageVerifyTitle.closeBrowser(homepageVerifyTitle.java:27)
at homepageVerifyTitle.closeBrowser(homepageVerifyTitle.java:27)
at homepageVerifyTitle.closeBrowser(homepageVerifyTitle.java:27)
at homepageVerifyTitle.closeBrowser(homepageVerifyTitle.java:27)
at homepageVerifyTitle.closeBrowser(homepageVerifyTitle.java:27)
at homepageVerifyTitle.closeBrowser(homepageVerifyTitle.java:27)
at homepageVerifyTitle.closeBrowser(homepageVerifyTitle.java:27)
at homepageVerifyTitle.closeBrowser(homepageVerifyTitle.java:27)
at homepageVerifyTitle.closeBrowser(homepageVerifyTitle.java:27)
at homepageVerifyTitle.closeBrowser(homepageVerifyTitle.java:27)
at homepageVerifyTitle.closeBrowser(homepageVerifyTitle.java:27)
at homepageVerifyTitle.closeBrowser(homepageVerifyTitle.java:27)
at homepageVerifyTitle.closeBrowser(homepageVerifyTitle.java:27)
at homepageVerifyTitle.closeBrowser(homepageVerifyTitle.java:27)
at homepageVerifyTitle.closeBrowser(homepageVerifyTitle.java:27)
at homepageVerifyTitle.closeBrowser(homepageVerifyTitle.java:27)
at homepageVerifyTitle.closeBrowser(homepageVerifyTitle.java:27)
at homepageVerifyTitle.closeBrowser(homepageVerifyTitle.java:27)
at homepageVerifyTitle.closeBrowser(homepageVerifyTitle.java:27)
at homepageVerifyTitle.closeBrowser(homepageVerifyTitle.java:27)
at homepageVerifyTitle.closeBrowser(homepageVerifyTitle.java:27)
at homepageVerifyTitle.closeBrowser(homepageVerifyTitle.java:27)
at homepageVerifyTitle.closeBrowser(homepageVerifyTitle.java:27)
at homepageVerifyTitle.closeBrowser(homepageVerifyTitle.java:27)
at homepageVerifyTitle.closeBrowser(homepageVerifyTitle.java:27)
at homepageVerifyTitle.closeBrowser(homepageVerifyTitle.java:27)
at homepageVerifyTitle.closeBrowser(homepageVerifyTitle.java:27)
at homepageVerifyTitle.closeBrowser(homepageVerifyTitle.java:27)
at homepageVerifyTitle.closeBrowser(homepageVerifyTitle.java:27)
at homepageVerifyTitle.closeBrowser(homepageVerifyTitle.java:27)
at homepageVerifyTitle.closeBrowser(homepageVerifyTitle.java:27)
at homepageVerifyTitle.closeBrowser(homepageVerifyTitle.java:27)
at homepageVerifyTitle.closeBrowser(homepageVerifyTitle.java:27)
at homepageVerifyTitle.closeBrowser(homepageVerifyTitle.java:27)
at homepageVerifyTitle.closeBrowser(homepageVerifyTitle.java:27)
at homepageVerifyTitle.closeBrowser(homepageVerifyTitle.java:27)
at homepageVerifyTitle.closeBrowser(homepageVerifyTitle.java:27)
at homepageVerifyTitle.closeBrowser(homepageVerifyTitle.java:27)
at homepageVerifyTitle.closeBrowser(homepageVerifyTitle.java:27)
at homepageVerifyTitle.closeBrowser(homepageVerifyTitle.java:27)
at homepageVerifyTitle.closeBrowser(homepageVerifyTitle.java:27)
at homepageVerifyTitle.closeBrowser(homepageVerifyTitle.java:27)
at homepageVerifyTitle.closeBrowser(homepageVerifyTitle.java:27)
at homepageVerifyTitle.closeBrowser(homepageVerifyTitle.java:27)
at homepageVerifyTitle.closeBrowser(homepageVerifyTitle.java:27)
at homepageVerifyTitle.closeBrowser(homepageVerifyTitle.java:27)
at homepageVerifyTitle.closeBrowser(homepageVerifyTitle.java:27)
at homepageVerifyTitle.closeBrowser(homepageVerifyTitle.java:27)
at homepageVerifyTitle.closeBrowser(homepageVerifyTitle.java:27)
at homepageVerifyTitle.closeBrowser(homepageVerifyTitle.java:27)
at homepageVerifyTitle.closeBrowser(homepageVerifyTitle.java:27)
at homepageVerifyTitle.closeBrowser(homepageVerifyTitle.java:27)
at homepageVerifyTitle.closeBrowser(homepageVerifyTitle.java:27)
at homepageVerifyTitle.closeBrowser(homepageVerifyTitle.java:27)
at homepageVerifyTitle.closeBrowser(homepageVerifyTitle.java:27)
at homepageVerifyTitle.closeBrowser(homepageVerifyTitle.java:27)
at homepageVerifyTitle.closeBrowser(homepageVerifyTitle.java:27)
at homepageVerifyTitle.closeBrowser(homepageVerifyTitle.java:27)
at homepageVerifyTitle.closeBrowser(homepageVerifyTitle.java:27)
at homepageVerifyTitle.closeBrowser(homepageVerifyTitle.java:27)
at homepageVerifyTitle.closeBrowser(homepageVerifyTitle.java:27)
at homepageVerifyTitle.closeBrowser(homepageVerifyTitle.java:27)
at homepageVerifyTitle.closeBrowser(homepageVerifyTitle.java:27)
at homepageVerifyTitle.closeBrowser(homepageVerifyTitle.java:27)
at homepageVerifyTitle.closeBrowser(homepageVerifyTitle.java:27)
at homepageVerifyTitle.closeBrowser(homepageVerifyTitle.java:27)
at homepageVerifyTitle.closeBrowser(homepageVerifyTitle.java:27)
at homepageVerifyTitle.closeBrowser(homepageVerifyTitle.java:27)
at homepageVerifyTitle.closeBrowser(homepageVerifyTitle.java:27)
at homepageVerifyTitle.closeBrowser(homepageVerifyTitle.java:27)
at homepageVerifyTitle.closeBrowser(homepageVerifyTitle.java:27)
at homepageVerifyTitle.closeBrowser(homepageVerifyTitle.java:27)
at homepageVerifyTitle.closeBrowser(homepageVerifyTitle.java:27)
at homepageVerifyTitle.closeBrowser(homepageVerifyTitle.java:27)
at homepageVerifyTitle.closeBrowser(homepageVerifyTitle.java:27)
at homepageVerifyTitle.closeBrowser(homepageVerifyTitle.java:27)
at homepageVerifyTitle.closeBrowser(homepageVerifyTitle.java:27)
at homepageVerifyTitle.closeBrowser(homepageVerifyTitle.java:27)
at homepageVerifyTitle.closeBrowser(homepageVerifyTitle.java:27)
at homepageVerifyTitle.closeBrowser(homepageVerifyTitle.java:27)
at homepageVerifyTitle.closeBrowser(homepageVerifyTitle.java:27)
at homepageVerifyTitle.closeBrowser(homepageVerifyTitle.java:27)
at homepageVerifyTitle.closeBrowser(homepageVerifyTitle.java:27)
at homepageVerifyTitle.closeBrowser(homepageVerifyTitle.java:27)
at homepageVerifyTitle.closeBrowser(homepageVerifyTitle.java:27)
at homepageVerifyTitle.closeBrowser(homepageVerifyTitle.java:27)
at homepageVerifyTitle.closeBrowser(homepageVerifyTitle.java:27)
at homepageVerifyTitle.closeBrowser(homepageVerifyTitle.java:27)
at homepageVerifyTitle.closeBrowser(homepageVerifyTitle.java:27)
at homepageVerifyTitle.closeBrowser(homepageVerifyTitle.java:27)
at homepageVerifyTitle.closeBrowser(homepageVerifyTitle.java:27)
at homepageVerifyTitle.closeBrowser(homepageVerifyTitle.java:27)
at homepageVerifyTitle.closeBrowser(homepageVerifyTitle.java:27)
at homepageVerifyTitle.closeBrowser(homepageVerifyTitle.java:27)
at homepageVerifyTitle.closeBrowser(homepageVerifyTitle.java:27)
at homepageVerifyTitle.closeBrowser(homepageVerifyTitle.java:27)
at homepageVerifyTitle.closeBrowser(homepageVerifyTitle.java:27)
at homepageVerifyTitle.closeBrowser(homepageVerifyTitle.java:27)
at homepageVerifyTitle.closeBrowser(homepageVerifyTitle.java:27)
at homepageVerifyTitle.closeBrowser(homepageVerifyTitle.java:27)
at homepageVerifyTitle.closeBrowser(homepageVerifyTitle.java:27)
at homepageVerifyTitle.closeBrowser(homepageVerifyTitle.java:27)
at homepageVerifyTitle.closeBrowser(homepageVerifyTitle.java:27)
at homepageVerifyTitle.closeBrowser(homepageVerifyTitle.java:27)
at homepageVerifyTitle.closeBrowser(homepageVerifyTitle.java:27)
at homepageVerifyTitle.closeBrowser(homepageVerifyTitle.java:27)
at homepageVerifyTitle.closeBrowser(homepageVerifyTitle.java:27)
at homepageVerifyTitle.closeBrowser(homepageVerifyTitle.java:27)
at homepageVerifyTitle.closeBrowser(homepageVerifyTitle.java:27)
at homepageVerifyTitle.closeBrowser(homepageVerifyTitle.java:27)
at homepageVerifyTitle.closeBrowser(homepageVerifyTitle.java:27)
at homepageVerifyTitle.closeBrowser(homepageVerifyTitle.java:27)
at homepageVerifyTitle.closeBrowser(homepageVerifyTitle.java:27)
at homepageVerifyTitle.closeBrowser(homepageVerifyTitle.java:27)
at homepageVerifyTitle.closeBrowser(homepageVerifyTitle.java:27)
at homepageVerifyTitle.closeBrowser(homepageVerifyTitle.java:27)
at homepageVerifyTitle.closeBrowser(homepageVerifyTitle.java:27)
at homepageVerifyTitle.closeBrowser(homepageVerifyTitle.java:27)
at homepageVerifyTitle.closeBrowser(homepageVerifyTitle.java:27)
at homepageVerifyTitle.closeBrowser(homepageVerifyTitle.java:27)
at homepageVerifyTitle.closeBrowser(homepageVerifyTitle.java:27)
at homepageVerifyTitle.closeBrowser(homepageVerifyTitle.java:27)
at homepageVerifyTitle.closeBrowser(homepageVerifyTitle.java:27)
at homepageVerifyTitle.closeBrowser(homepageVerifyTitle.java:27)
at homepageVerifyTitle.closeBrowser(homepageVerifyTitle.java:27)
at homepageVerifyTitle.closeBrowser(homepageVerifyTitle.java:27)
at homepageVerifyTitle.closeBrowser(homepageVerifyTitle.java:27)
at homepageVerifyTitle.closeBrowser(homepageVerifyTitle.java:27)
at homepageVerifyTitle.closeBrowser(homepageVerifyTitle.java:27)
at homepageVerifyTitle.closeBrowser(homepageVerifyTitle.java:27)
at homepageVerifyTitle.closeBrowser(homepageVerifyTitle.java:27)
at homepageVerifyTitle.closeBrowser(homepageVerifyTitle.java:27)
at homepageVerifyTitle.closeBrowser(homepageVerifyTitle.java:27)
at homepageVerifyTitle.closeBrowser(homepageVerifyTitle.java:27)
at homepageVerifyTitle.closeBrowser(homepageVerifyTitle.java:27)
at homepageVerifyTitle.closeBrowser(homepageVerifyTitle.java:27)
at homepageVerifyTitle.closeBrowser(homepageVerifyTitle.java:27)
at homepageVerifyTitle.closeBrowser(homepageVerifyTitle.java:27)
at homepageVerifyTitle.closeBrowser(homepageVerifyTitle.java:27)
at homepageVerifyTitle.closeBrowser(homepageVerifyTitle.java:27)
at homepageVerifyTitle.closeBrowser(homepageVerifyTitle.java:27)
at homepageVerifyTitle.closeBrowser(homepageVerifyTitle.java:27)
at homepageVerifyTitle.closeBrowser(homepageVerifyTitle.java:27)
at homepageVerifyTitle.closeBrowser(homepageVerifyTitle.java:27)
at homepageVerifyTitle.closeBrowser(homepageVerifyTitle.java:27)
at homepageVerifyTitle.closeBrowser(homepageVerifyTitle.java:27)
at homepageVerifyTitle.closeBrowser(homepageVerifyTitle.java:27)
at homepageVerifyTitle.closeBrowser(homepageVerifyTitle.java:27)
at homepageVerifyTitle.closeBrowser(homepageVerifyTitle.java:27)
at homepageVerifyTitle.closeBrowser(homepageVerifyTitle.java:27)
at homepageVerifyTitle.closeBrowser(homepageVerifyTitle.java:27)
at homepageVerifyTitle.closeBrowser(homepageVerifyTitle.java:27)
at homepageVerifyTitle.closeBrowser(homepageVerifyTitle.java:27)
at homepageVerifyTitle.closeBrowser(homepageVerifyTitle.java:27)
at homepageVerifyTitle.closeBrowser(homepageVerifyTitle.java:27)
at homepageVerifyTitle.closeBrowser(homepageVerifyTitle.java:27)
at homepageVerifyTitle.closeBrowser(homepageVerifyTitle.java:27)
at homepageVerifyTitle.closeBrowser(homepageVerifyTitle.java:27)
at homepageVerifyTitle.closeBrowser(homepageVerifyTitle.java:27)
at homepageVerifyTitle.closeBrowser(homepageVerifyTitle.java:27)
at homepageVerifyTitle.closeBrowser(homepageVerifyTitle.java:27)
at homepageVerifyTitle.closeBrowser(homepageVerifyTitle.java:27)
at homepageVerifyTitle.closeBrowser(homepageVerifyTitle.java:27)
at homepageVerifyTitle.closeBrowser(homepageVerifyTitle.java:27)
at homepageVerifyTitle.closeBrowser(homepageVerifyTitle.java:27)
at homepageVerifyTitle.closeBrowser(homepageVerifyTitle.java:27)
at homepageVerifyTitle.closeBrowser(homepageVerifyTitle.java:27)
at homepageVerifyTitle.closeBrowser(homepageVerifyTitle.java:27)
at homepageVerifyTitle.closeBrowser(homepageVerifyTitle.java:27)
at homepageVerifyTitle.closeBrowser(homepageVerifyTitle.java:27)
at homepageVerifyTitle.closeBrowser(homepageVerifyTitle.java:27)
at homepageVerifyTitle.closeBrowser(homepageVerifyTitle.java:27)
at homepageVerifyTitle.closeBrowser(homepageVerifyTitle.java:27)
at homepageVerifyTitle.closeBrowser(homepageVerifyTitle.java:27)
at homepageVerifyTitle.closeBrowser(homepageVerifyTitle.java:27)
at homepageVerifyTitle.closeBrowser(homepageVerifyTitle.java:27)
at homepageVerifyTitle.closeBrowser(homepageVerifyTitle.java:27)
at homepageVerifyTitle.closeBrowser(homepageVerifyTitle.java:27)
at homepageVerifyTitle.closeBrowser(homepageVerifyTitle.java:27)
at homepageVerifyTitle.closeBrowser(homepageVerifyTitle.java:27)
at homepageVerifyTitle.closeBrowser(homepageVerifyTitle.java:27)
at homepageVerifyTitle.closeBrowser(homepageVerifyTitle.java:27)
at homepageVerifyTitle.closeBrowser(homepageVerifyTitle.java:27)
at homepageVerifyTitle.closeBrowser(homepageVerifyTitle.java:27)
at homepageVerifyTitle.closeBrowser(homepageVerifyTitle.java:27)
at homepageVerifyTitle.closeBrowser(homepageVerifyTitle.java:27)
at homepageVerifyTitle.closeBrowser(homepageVerifyTitle.java:27)
at homepageVerifyTitle.closeBrowser(homepageVerifyTitle.java:27)
at homepageVerifyTitle.closeBrowser(homepageVerifyTitle.java:27)
at homepageVerifyTitle.closeBrowser(homepageVerifyTitle.java:27)
at homepageVerifyTitle.closeBrowser(homepageVerifyTitle.java:27)
at homepageVerifyTitle.closeBrowser(homepageVerifyTitle.java:27)
at homepageVerifyTitle.closeBrowser(homepageVerifyTitle.java:27)
at homepageVerifyTitle.closeBrowser(homepageVerifyTitle.java:27)
at homepageVerifyTitle.closeBrowser(homepageVerifyTitle.java:27)
at homepageVerifyTitle.closeBrowser(homepageVerifyTitle.java:27)
at homepageVerifyTitle.closeBrowser(homepageVerifyTitle.java:27)
at homepageVerifyTitle.closeBrowser(homepageVerifyTitle.java:27)
at homepageVerifyTitle.closeBrowser(homepageVerifyTitle.java:27)
at homepageVerifyTitle.closeBrowser(homepageVerifyTitle.java:27)
at homepageVerifyTitle.closeBrowser(homepageVerifyTitle.java:27)
at homepageVerifyTitle.closeBrowser(homepageVerifyTitle.java:27)
at homepageVerifyTitle.closeBrowser(homepageVerifyTitle.java:27)
at homepageVerifyTitle.closeBrowser(homepageVerifyTitle.java:27)
at homepageVerifyTitle.closeBrowser(homepageVerifyTitle.java:27)
at homepageVerifyTitle.closeBrowser(homepageVerifyTitle.java:27)
at homepageVerifyTitle.closeBrowser(homepageVerifyTitle.java:27)
at homepageVerifyTitle.closeBrowser(homepageVerifyTitle.java:27)
at homepageVerifyTitle.closeBrowser(homepageVerifyTitle.java:27)
at homepageVerifyTitle.closeBrowser(homepageVerifyTitle.java:27)
at homepageVerifyTitle.closeBrowser(homepageVerifyTitle.java:27)
at homepageVerifyTitle.closeBrowser(homepageVerifyTitle.java:27)
at homepageVerifyTitle.closeBrowser(homepageVerifyTitle.java:27)
at homepageVerifyTitle.closeBrowser(homepageVerifyTitle.java:27)
at homepageVerifyTitle.closeBrowser(homepageVerifyTitle.java:27)
at homepageVerifyTitle.closeBrowser(homepageVerifyTitle.java:27)
at homepageVerifyTitle.closeBrowser(homepageVerifyTitle.java:27)
at homepageVerifyTitle.closeBrowser(homepageVerifyTitle.java:27)
at homepageVerifyTitle.closeBrowser(homepageVerifyTitle.java:27)
at homepageVerifyTitle.closeBrowser(homepageVerifyTitle.java:27)
at homepageVerifyTitle.closeBrowser(homepageVerifyTitle.java:27)
at homepageVerifyTitle.closeBrowser(homepageVerifyTitle.java:27)
at homepageVerifyTitle.closeBrowser(homepageVerifyTitle.java:27)
at homepageVerifyTitle.closeBrowser(homepageVerifyTitle.java:27)
at homepageVerifyTitle.closeBrowser(homepageVerifyTitle.java:27)
at homepageVerifyTitle.closeBrowser(homepageVerifyTitle.java:27)
at homepageVerifyTitle.closeBrowser(homepageVerifyTitle.java:27)
at homepageVerifyTitle.closeBrowser(homepageVerifyTitle.java:27)
at homepageVerifyTitle.closeBrowser(homepageVerifyTitle.java:27)
at homepageVerifyTitle.closeBrowser(homepageVerifyTitle.java:27)
at homepageVerifyTitle.closeBrowser(homepageVerifyTitle.java:27)
at homepageVerifyTitle.closeBrowser(homepageVerifyTitle.java:27)
at homepageVerifyTitle.closeBrowser(homepageVerifyTitle.java:27)
at homepageVerifyTitle.closeBrowser(homepageVerifyTitle.java:27)
at homepageVerifyTitle.closeBrowser(homepageVerifyTitle.java:27)
at homepageVerifyTitle.closeBrowser(homepageVerifyTitle.java:27)
at homepageVerifyTitle.closeBrowser(homepageVerifyTitle.java:27)
at homepageVerifyTitle.closeBrowser(homepageVerifyTitle.java:27)
at homepageVerifyTitle.closeBrowser(homepageVerifyTitle.java:27)
at homepageVerifyTitle.closeBrowser(homepageVerifyTitle.java:27)
at homepageVerifyTitle.closeBrowser(homepageVerifyTitle.java:27)
at homepageVerifyTitle.closeBrowser(homepageVerifyTitle.java:27)
at homepageVerifyTitle.closeBrowser(homepageVerifyTitle.java:27)
at homepageVerifyTitle.closeBrowser(homepageVerifyTitle.java:27)
at homepageVerifyTitle.closeBrowser(homepageVerifyTitle.java:27)
at homepageVerifyTitle.closeBrowser(homepageVerifyTitle.java:27)
at homepageVerifyTitle.closeBrowser(homepageVerifyTitle.java:27)
at homepageVerifyTitle.closeBrowser(homepageVerifyTitle.java:27)
at homepageVerifyTitle.closeBrowser(homepageVerifyTitle.java:27)
at homepageVerifyTitle.closeBrowser(homepageVerifyTitle.java:27)
at homepageVerifyTitle.closeBrowser(homepageVerifyTitle.java:27)
at homepageVerifyTitle.closeBrowser(homepageVerifyTitle.java:27)
at homepageVerifyTitle.closeBrowser(homepageVerifyTitle.java:27)
at homepageVerifyTitle.closeBrowser(homepageVerifyTitle.java:27)
at homepageVerifyTitle.closeBrowser(homepageVerifyTitle.java:27)
at homepageVerifyTitle.closeBrowser(homepageVerifyTitle.java:27)
at homepageVerifyTitle.closeBrowser(homepageVerifyTitle.java:27)
at homepageVerifyTitle.closeBrowser(homepageVerifyTitle.java:27)
at homepageVerifyTitle.closeBrowser(homepageVerifyTitle.java:27)
at homepageVerifyTitle.closeBrowser(homepageVerifyTitle.java:27)
at homepageVerifyTitle.closeBrowser(homepageVerifyTitle.java:27)
at homepageVerifyTitle.closeBrowser(homepageVerifyTitle.java:27)
at homepageVerifyTitle.closeBrowser(homepageVerifyTitle.java:27)
at homepageVerifyTitle.closeBrowser(homepageVerifyTitle.java:27)
at homepageVerifyTitle.closeBrowser(homepageVerifyTitle.java:27)
at homepageVerifyTitle.closeBrowser(homepageVerifyTitle.java:27)
at homepageVerifyTitle.closeBrowser(homepageVerifyTitle.java:27)
at homepageVerifyTitle.closeBrowser(homepageVerifyTitle.java:27)
at homepageVerifyTitle.closeBrowser(homepageVerifyTitle.java:27)
at homepageVerifyTitle.closeBrowser(homepageVerifyTitle.java:27)
at homepageVerifyTitle.closeBrowser(homepageVerifyTitle.java:27)
at homepageVerifyTitle.closeBrowser(homepageVerifyTitle.java:27)
at homepageVerifyTitle.closeBrowser(homepageVerifyTitle.java:27)
at homepageVerifyTitle.closeBrowser(homepageVerifyTitle.java:27)
at homepageVerifyTitle.closeBrowser(homepageVerifyTitle.java:27)
at homepageVerifyTitle.closeBrowser(homepageVerifyTitle.java:27)
at homepageVerifyTitle.closeBrowser(homepageVerifyTitle.java:27)
at homepageVerifyTitle.closeBrowser(homepageVerifyTitle.java:27)
at homepageVerifyTitle.closeBrowser(homepageVerifyTitle.java:27)
at homepageVerifyTitle.closeBrowser(homepageVerifyTitle.java:27)
at homepageVerifyTitle.closeBrowser(homepageVerifyTitle.java:27)
at homepageVerifyTitle.closeBrowser(homepageVerifyTitle.java:27)
at homepageVerifyTitle.closeBrowser(homepageVerifyTitle.java:27)
at homepageVerifyTitle.closeBrowser(homepageVerifyTitle.java:27)
at homepageVerifyTitle.closeBrowser(homepageVerifyTitle.java:27)
at homepageVerifyTitle.closeBrowser(homepageVerifyTitle.java:27)
at homepageVerifyTitle.closeBrowser(homepageVerifyTitle.java:27)
at homepageVerifyTitle.closeBrowser(homepageVerifyTitle.java:27)
at homepageVerifyTitle.closeBrowser(homepageVerifyTitle.java:27)
at homepageVerifyTitle.closeBrowser(homepageVerifyTitle.java:27)
at homepageVerifyTitle.closeBrowser(homepageVerifyTitle.java:27)
at homepageVerifyTitle.closeBrowser(homepageVerifyTitle.java:27)
at homepageVerifyTitle.closeBrowser(homepageVerifyTitle.java:27)
at homepageVerifyTitle.closeBrowser(homepageVerifyTitle.java:27)
at homepageVerifyTitle.closeBrowser(homepageVerifyTitle.java:27)
at homepageVerifyTitle.closeBrowser(homepageVerifyTitle.java:27)
at homepageVerifyTitle.closeBrowser(homepageVerifyTitle.java:27)
at homepageVerifyTitle.closeBrowser(homepageVerifyTitle.java:27)
at homepageVerifyTitle.closeBrowser(homepageVerifyTitle.java:27)
at homepageVerifyTitle.closeBrowser(homepageVerifyTitle.java:27)
at homepageVerifyTitle.closeBrowser(homepageVerifyTitle.java:27)
at homepageVerifyTitle.closeBrowser(homepageVerifyTitle.java:27)
at homepageVerifyTitle.closeBrowser(homepageVerifyTitle.java:27)
at homepageVerifyTitle.closeBrowser(homepageVerifyTitle.java:27)
at homepageVerifyTitle.closeBrowser(homepageVerifyTitle.java:27)
at homepageVerifyTitle.closeBrowser(homepageVerifyTitle.java:27)
at homepageVerifyTitle.closeBrowser(homepageVerifyTitle.java:27)
at homepageVerifyTitle.closeBrowser(homepageVerifyTitle.java:27)
at homepageVerifyTitle.closeBrowser(homepageVerifyTitle.java:27)
at homepageVerifyTitle.closeBrowser(homepageVerifyTitle.java:27)
at homepageVerifyTitle.closeBrowser(homepageVerifyTitle.java:27)
at homepageVerifyTitle.closeBrowser(homepageVerifyTitle.java:27)
at homepageVerifyTitle.closeBrowser(homepageVerifyTitle.java:27)
at homepageVerifyTitle.closeBrowser(homepageVerifyTitle.java:27)
at homepageVerifyTitle.closeBrowser(homepageVerifyTitle.java:27)
at homepageVerifyTitle.closeBrowser(homepageVerifyTitle.java:27)
at homepageVerifyTitle.closeBrowser(homepageVerifyTitle.java:27)
at homepageVerifyTitle.closeBrowser(homepageVerifyTitle.java:27)
at homepageVerifyTitle.closeBrowser(homepageVerifyTitle.java:27)
at homepageVerifyTitle.closeBrowser(homepageVerifyTitle.java:27)
at homepageVerifyTitle.closeBrowser(homepageVerifyTitle.java:27)
at homepageVerifyTitle.closeBrowser(homepageVerifyTitle.java:27)
at homepageVerifyTitle.closeBrowser(homepageVerifyTitle.java:27)
at homepageVerifyTitle.closeBrowser(homepageVerifyTitle.java:27)
at homepageVerifyTitle.closeBrowser(homepageVerifyTitle.java:27)
at homepageVerifyTitle.closeBrowser(homepageVerifyTitle.java:27)
at homepageVerifyTitle.closeBrowser(homepageVerifyTitle.java:27)
at homepageVerifyTitle.closeBrowser(homepageVerifyTitle.java:27)
at homepageVerifyTitle.closeBrowser(homepageVerifyTitle.java:27)
at homepageVerifyTitle.closeBrowser(homepageVerifyTitle.java:27)
at homepageVerifyTitle.closeBrowser(homepageVerifyTitle.java:27)
at homepageVerifyTitle.closeBrowser(homepageVerifyTitle.java:27)
at homepageVerifyTitle.closeBrowser(homepageVerifyTitle.java:27)
at homepageVerifyTitle.closeBrowser(homepageVerifyTitle.java:27)
at homepageVerifyTitle.closeBrowser(homepageVerifyTitle.java:27)
at homepageVerifyTitle.closeBrowser(homepageVerifyTitle.java:27)
at homepageVerifyTitle.closeBrowser(homepageVerifyTitle.java:27)
at homepageVerifyTitle.closeBrowser(homepageVerifyTitle.java:27)
at homepageVerifyTitle.closeBrowser(homepageVerifyTitle.java:27)
at homepageVerifyTitle.closeBrowser(homepageVerifyTitle.java:27)
at homepageVerifyTitle.closeBrowser(homepageVerifyTitle.java:27)
at homepageVerifyTitle.closeBrowser(homepageVerifyTitle.java:27)
at homepageVerifyTitle.closeBrowser(homepageVerifyTitle.java:27)
at homepageVerifyTitle.closeBrowser(homepageVerifyTitle.java:27)
at homepageVerifyTitle.closeBrowser(homepageVerifyTitle.java:27)
at homepageVerifyTitle.closeBrowser(homepageVerifyTitle.java:27)
at homepageVerifyTitle.closeBrowser(homepageVerifyTitle.java:27)
at homepageVerifyTitle.closeBrowser(homepageVerifyTitle.java:27)
at homepageVerifyTitle.closeBrowser(homepageVerifyTitle.java:27)
at homepageVerifyTitle.closeBrowser(homepageVerifyTitle.java:27)
at homepageVerifyTitle.closeBrowser(homepageVerifyTitle.java:27)
at homepageVerifyTitle.closeBrowser(homepageVerifyTitle.java:27)
at homepageVerifyTitle.closeBrowser(homepageVerifyTitle.java:27)
at homepageVerifyTitle.closeBrowser(homepageVerifyTitle.java:27)
at homepageVerifyTitle.closeBrowser(homepageVerifyTitle.java:27)
at homepageVerifyTitle.closeBrowser(homepageVerifyTitle.java:27)
at homepageVerifyTitle.closeBrowser(homepageVerifyTitle.java:27)
at homepageVerifyTitle.closeBrowser(homepageVerifyTitle.java:27)
at homepageVerifyTitle.closeBrowser(homepageVerifyTitle.java:27)
at homepageVerifyTitle.closeBrowser(homepageVerifyTitle.java:27)
at homepageVerifyTitle.closeBrowser(homepageVerifyTitle.java:27)
at homepageVerifyTitle.closeBrowser(homepageVerifyTitle.java:27)
at homepageVerifyTitle.closeBrowser(homepageVerifyTitle.java:27)
at homepageVerifyTitle.closeBrowser(homepageVerifyTitle.java:27)
at homepageVerifyTitle.closeBrowser(homepageVerifyTitle.java:27)
at homepageVerifyTitle.closeBrowser(homepageVerifyTitle.java:27)
at homepageVerifyTitle.closeBrowser(homepageVerifyTitle.java:27)
at homepageVerifyTitle.closeBrowser(homepageVerifyTitle.java:27)
at homepageVerifyTitle.closeBrowser(homepageVerifyTitle.java:27)
at homepageVerifyTitle.closeBrowser(homepageVerifyTitle.java:27)
at homepageVerifyTitle.closeBrowser(homepageVerifyTitle.java:27)
at homepageVerifyTitle.closeBrowser(homepageVerifyTitle.java:27)
at homepageVerifyTitle.closeBrowser(homepageVerifyTitle.java:27)
at homepageVerifyTitle.closeBrowser(homepageVerifyTitle.java:27)
at homepageVerifyTitle.closeBrowser(homepageVerifyTitle.java:27)
at homepageVerifyTitle.closeBrowser(homepageVerifyTitle.java:27)
at homepageVerifyTitle.closeBrowser(homepageVerifyTitle.java:27)
at homepageVerifyTitle.closeBrowser(homepageVerifyTitle.java:27)
at homepageVerifyTitle.closeBrowser(homepageVerifyTitle.java:27)
at homepageVerifyTitle.closeBrowser(homepageVerifyTitle.java:27)
at homepageVerifyTitle.closeBrowser(homepageVerifyTitle.java:27)
at homepageVerifyTitle.closeBrowser(homepageVerifyTitle.java:27)
at homepageVerifyTitle.closeBrowser(homepageVerifyTitle.java:27)
at homepageVerifyTitle.closeBrowser(homepageVerifyTitle.java:27)
at homepageVerifyTitle.closeBrowser(homepageVerifyTitle.java:27)
at homepageVerifyTitle.closeBrowser(homepageVerifyTitle.java:27)
at homepageVerifyTitle.closeBrowser(homepageVerifyTitle.java:27)
at homepageVerifyTitle.closeBrowser(homepageVerifyTitle.java:27)
at homepageVerifyTitle.closeBrowser(homepageVerifyTitle.java:27)
at homepageVerifyTitle.closeBrowser(homepageVerifyTitle.java:27)
at homepageVerifyTitle.closeBrowser(homepageVerifyTitle.java:27)
at homepageVerifyTitle.closeBrowser(homepageVerifyTitle.java:27)
at homepageVerifyTitle.closeBrowser(homepageVerifyTitle.java:27)
at homepageVerifyTitle.closeBrowser(homepageVerifyTitle.java:27)
at homepageVerifyTitle.closeBrowser(homepageVerifyTitle.java:27)
at homepageVerifyTitle.closeBrowser(homepageVerifyTitle.java:27)
at homepageVerifyTitle.closeBrowser(homepageVerifyTitle.java:27)
at homepageVerifyTitle.closeBrowser(homepageVerifyTitle.java:27)
at homepageVerifyTitle.closeBrowser(homepageVerifyTitle.java:27)
at homepageVerifyTitle.closeBrowser(homepageVerifyTitle.java:27)
at homepageVerifyTitle.closeBrowser(homepageVerifyTitle.java:27)
at homepageVerifyTitle.closeBrowser(homepageVerifyTitle.java:27)
at homepageVerifyTitle.closeBrowser(homepageVerifyTitle.java:27)
at homepageVerifyTitle.closeBrowser(homepageVerifyTitle.java:27)
at homepageVerifyTitle.closeBrowser(homepageVerifyTitle.java:27)
at homepageVerifyTitle.closeBrowser(homepageVerifyTitle.java:27)
at homepageVerifyTitle.closeBrowser(homepageVerifyTitle.java:27)
at homepageVerifyTitle.closeBrowser(homepageVerifyTitle.java:27)
at homepageVerifyTitle.closeBrowser(homepageVerifyTitle.java:27)
at homepageVerifyTitle.closeBrowser(homepageVerifyTitle.java:27)
at homepageVerifyTitle.closeBrowser(homepageVerifyTitle.java:27)
at homepageVerifyTitle.closeBrowser(homepageVerifyTitle.java:27)
at homepageVerifyTitle.closeBrowser(homepageVerifyTitle.java:27)
at homepageVerifyTitle.closeBrowser(homepageVerifyTitle.java:27)
at homepageVerifyTitle.closeBrowser(homepageVerifyTitle.java:27)
at homepageVerifyTitle.closeBrowser(homepageVerifyTitle.java:27)
at homepageVerifyTitle.closeBrowser(homepageVerifyTitle.java:27)
at homepageVerifyTitle.closeBrowser(homepageVerifyTitle.java:27)
at homepageVerifyTitle.closeBrowser(homepageVerifyTitle.java:27)
at homepageVerifyTitle.closeBrowser(homepageVerifyTitle.java:27)
at homepageVerifyTitle.closeBrowser(homepageVerifyTitle.java:27)
at homepageVerifyTitle.closeBrowser(homepageVerifyTitle.java:27)
at homepageVerifyTitle.closeBrowser(homepageVerifyTitle.java:27)
at homepageVerifyTitle.closeBrowser(homepageVerifyTitle.java:27)
at homepageVerifyTitle.closeBrowser(homepageVerifyTitle.java:27)
at homepageVerifyTitle.closeBrowser(homepageVerifyTitle.java:27)
at homepageVerifyTitle.closeBrowser(homepageVerifyTitle.java:27)
at homepageVerifyTitle.closeBrowser(homepageVerifyTitle.java:27)
at homepageVerifyTitle.closeBrowser(homepageVerifyTitle.java:27)
at homepageVerifyTitle.closeBrowser(homepageVerifyTitle.java:27)
at homepageVerifyTitle.closeBrowser(homepageVerifyTitle.java:27)
at homepageVerifyTitle.closeBrowser(homepageVerifyTitle.java:27)
at homepageVerifyTitle.closeBrowser(homepageVerifyTitle.java:27)
at homepageVerifyTitle.closeBrowser(homepageVerifyTitle.java:27)
at homepageVerifyTitle.closeBrowser(homepageVerifyTitle.java:27)
at homepageVerifyTitle.closeBrowser(homepageVerifyTitle.java:27)
at homepageVerifyTitle.closeBrowser(homepageVerifyTitle.java:27)
at homepageVerifyTitle.closeBrowser(homepageVerifyTitle.java:27)
at homepageVerifyTitle.closeBrowser(homepageVerifyTitle.java:27)
at homepageVerifyTitle.closeBrowser(homepageVerifyTitle.java:27)
at homepageVerifyTitle.closeBrowser(homepageVerifyTitle.java:27)
at homepageVerifyTitle.closeBrowser(homepageVerifyTitle.java:27)
at homepageVerifyTitle.closeBrowser(homepageVerifyTitle.java:27)
at homepageVerifyTitle.closeBrowser(homepageVerifyTitle.java:27)
at homepageVerifyTitle.closeBrowser(homepageVerifyTitle.java:27)
at homepageVerifyTitle.closeBrowser(homepageVerifyTitle.java:27)
at homepageVerifyTitle.closeBrowser(homepageVerifyTitle.java:27)
at homepageVerifyTitle.closeBrowser(homepageVerifyTitle.java:27)
at homepageVerifyTitle.closeBrowser(homepageVerifyTitle.java:27)
at homepageVerifyTitle.closeBrowser(homepageVerifyTitle.java:27)
at homepageVerifyTitle.closeBrowser(homepageVerifyTitle.java:27)
at homepageVerifyTitle.closeBrowser(homepageVerifyTitle.java:27)
at homepageVerifyTitle.closeBrowser(homepageVerifyTitle.java:27)
at homepageVerifyTitle.closeBrowser(homepageVerifyTitle.java:27)
at homepageVerifyTitle.closeBrowser(homepageVerifyTitle.java:27)
at homepageVerifyTitle.closeBrowser(homepageVerifyTitle.java:27)
at homepageVerifyTitle.closeBrowser(homepageVerifyTitle.java:27)
at homepageVerifyTitle.closeBrowser(homepageVerifyTitle.java:27)
at homepageVerifyTitle.closeBrowser(homepageVerifyTitle.java:27)
at homepageVerifyTitle.closeBrowser(homepageVerifyTitle.java:27)
at homepageVerifyTitle.closeBrowser(homepageVerifyTitle.java:27)
at homepageVerifyTitle.closeBrowser(homepageVerifyTitle.java:27)
at homepageVerifyTitle.closeBrowser(homepageVerifyTitle.java:27)
at homepageVerifyTitle.closeBrowser(homepageVerifyTitle.java:27)
at homepageVerifyTitle.closeBrowser(homepageVerifyTitle.java:27)
at homepageVerifyTitle.closeBrowser(homepageVerifyTitle.java:27)
at homepageVerifyTitle.closeBrowser(homepageVerifyTitle.java:27)
at homepageVerifyTitle.closeBrowser(homepageVerifyTitle.java:27)
at homepageVerifyTitle.closeBrowser(homepageVerifyTitle.java:27)
at homepageVerifyTitle.closeBrowser(homepageVerifyTitle.java:27)
at homepageVerifyTitle.closeBrowser(homepageVerifyTitle.java:27)
at homepageVerifyTitle.closeBrowser(homepageVerifyTitle.java:27)
at homepageVerifyTitle.closeBrowser(homepageVerifyTitle.java:27)
at homepageVerifyTitle.closeBrowser(homepageVerifyTitle.java:27)
at homepageVerifyTitle.closeBrowser(homepageVerifyTitle.java:27)
at homepageVerifyTitle.closeBrowser(homepageVerifyTitle.java:27)
at homepageVerifyTitle.closeBrowser(homepageVerifyTitle.java:27)
at homepageVerifyTitle.closeBrowser(homepageVerifyTitle.java:27)
at homepageVerifyTitle.closeBrowser(homepageVerifyTitle.java:27)
at homepageVerifyTitle.closeBrowser(homepageVerifyTitle.java:27)
at homepageVerifyTitle.closeBrowser(homepageVerifyTitle.java:27)
at homepageVerifyTitle.closeBrowser(homepageVerifyTitle.java:27)
at homepageVerifyTitle.closeBrowser(homepageVerifyTitle.java:27)
at homepageVerifyTitle.closeBrowser(homepageVerifyTitle.java:27)
at homepageVerifyTitle.closeBrowser(homepageVerifyTitle.java:27)
at homepageVerifyTitle.closeBrowser(homepageVerifyTitle.java:27)
at homepageVerifyTitle.closeBrowser(homepageVerifyTitle.java:27)
at homepageVerifyTitle.closeBrowser(homepageVerifyTitle.java:27)
at homepageVerifyTitle.closeBrowser(homepageVerifyTitle.java:27)
at homepageVerifyTitle.closeBrowser(homepageVerifyTitle.java:27)
at homepageVerifyTitle.closeBrowser(homepageVerifyTitle.java:27)
at homepageVerifyTitle.closeBrowser(homepageVerifyTitle.java:27)
at homepageVerifyTitle.closeBrowser(homepageVerifyTitle.java:27)
at homepageVerifyTitle.closeBrowser(homepageVerifyTitle.java:27)
at homepageVerifyTitle.closeBrowser(homepageVerifyTitle.java:27)
at homepageVerifyTitle.closeBrowser(homepageVerifyTitle.java:27)
at homepageVerifyTitle.closeBrowser(homepageVerifyTitle.java:27)
at homepageVerifyTitle.closeBrowser(homepageVerifyTitle.java:27)
at homepageVerifyTitle.closeBrowser(homepageVerifyTitle.java:27)
at homepageVerifyTitle.closeBrowser(homepageVerifyTitle.java:27)
at homepageVerifyTitle.closeBrowser(homepageVerifyTitle.java:27)
at homepageVerifyTitle.closeBrowser(homepageVerifyTitle.java:27)
at homepageVerifyTitle.closeBrowser(homepageVerifyTitle.java:27)
at homepageVerifyTitle.closeBrowser(homepageVerifyTitle.java:27)
at homepageVerifyTitle.closeBrowser(homepageVerifyTitle.java:27)
at homepageVerifyTitle.closeBrowser(homepageVerifyTitle.java:27)
at homepageVerifyTitle.closeBrowser(homepageVerifyTitle.java:27)
at homepageVerifyTitle.closeBrowser(homepageVerifyTitle.java:27)
at homepageVerifyTitle.closeBrowser(homepageVerifyTitle.java:27)
at homepageVerifyTitle.closeBrowser(homepageVerifyTitle.java:27)
at homepageVerifyTitle.closeBrowser(homepageVerifyTitle.java:27)
at homepageVerifyTitle.closeBrowser(homepageVerifyTitle.java:27)
at homepageVerifyTitle.closeBrowser(homepageVerifyTitle.java:27)
at homepageVerifyTitle.closeBrowser(homepageVerifyTitle.java:27)
at homepageVerifyTitle.closeBrowser(homepageVerifyTitle.java:27)
at homepageVerifyTitle.closeBrowser(homepageVerifyTitle.java:27)
at homepageVerifyTitle.closeBrowser(homepageVerifyTitle.java:27)
at homepageVerifyTitle.closeBrowser(homepageVerifyTitle.java:27)
at homepageVerifyTitle.closeBrowser(homepageVerifyTitle.java:27)
at homepageVerifyTitle.closeBrowser(homepageVerifyTitle.java:27)
at homepageVerifyTitle.closeBrowser(homepageVerifyTitle.java:27)
at homepageVerifyTitle.closeBrowser(homepageVerifyTitle.java:27)
at homepageVerifyTitle.closeBrowser(homepageVerifyTitle.java:27)
at homepageVerifyTitle.closeBrowser(homepageVerifyTitle.java:27)
at homepageVerifyTitle.closeBrowser(homepageVerifyTitle.java:27)
at homepageVerifyTitle.closeBrowser(homepageVerifyTitle.java:27)
at homepageVerifyTitle.closeBrowser(homepageVerifyTitle.java:27)
at homepageVerifyTitle.closeBrowser(homepageVerifyTitle.java:27)
at homepageVerifyTitle.closeBrowser(homepageVerifyTitle.java:27)
at homepageVerifyTitle.closeBrowser(homepageVerifyTitle.java:27)
at homepageVerifyTitle.closeBrowser(homepageVerifyTitle.java:27)
at homepageVerifyTitle.closeBrowser(homepageVerifyTitle.java:27)
at homepageVerifyTitle.closeBrowser(homepageVerifyTitle.java:27)
at homepageVerifyTitle.closeBrowser(homepageVerifyTitle.java:27)
at homepageVerifyTitle.closeBrowser(homepageVerifyTitle.java:27)
at homepageVerifyTitle.closeBrowser(homepageVerifyTitle.java:27)
at homepageVerifyTitle.closeBrowser(homepageVerifyTitle.java:27)
at homepageVerifyTitle.closeBrowser(homepageVerifyTitle.java:27)
at homepageVerifyTitle.closeBrowser(homepageVerifyTitle.java:27)
at homepageVerifyTitle.closeBrowser(homepageVerifyTitle.java:27)
at homepageVerifyTitle.closeBrowser(homepageVerifyTitle.java:27)
at homepageVerifyTitle.closeBrowser(homepageVerifyTitle.java:27)
at homepageVerifyTitle.closeBrowser(homepageVerifyTitle.java:27)
at homepageVerifyTitle.closeBrowser(homepageVerifyTitle.java:27)
at homepageVerifyTitle.closeBrowser(homepageVerifyTitle.java:27)
at homepageVerifyTitle.closeBrowser(homepageVerifyTitle.java:27)
at homepageVerifyTitle.closeBrowser(homepageVerifyTitle.java:27)
at homepageVerifyTitle.closeBrowser(homepageVerifyTitle.java:27)
at homepageVerifyTitle.closeBrowser(homepageVerifyTitle.java:27)
at homepageVerifyTitle.closeBrowser(homepageVerifyTitle.java:27)
at homepageVerifyTitle.closeBrowser(homepageVerifyTitle.java:27)
at homepageVerifyTitle.closeBrowser(homepageVerifyTitle.java:27)
at homepageVerifyTitle.closeBrowser(homepageVerifyTitle.java:27)
at homepageVerifyTitle.closeBrowser(homepageVerifyTitle.java:27)
at homepageVerifyTitle.closeBrowser(homepageVerifyTitle.java:27)
at homepageVerifyTitle.closeBrowser(homepageVerifyTitle.java:27)
at homepageVerifyTitle.closeBrowser(homepageVerifyTitle.java:27)
at homepageVerifyTitle.closeBrowser(homepageVerifyTitle.java:27)
at homepageVerifyTitle.closeBrowser(homepageVerifyTitle.java:27)
at homepageVerifyTitle.closeBrowser(homepageVerifyTitle.java:27)
at homepageVerifyTitle.closeBrowser(homepageVerifyTitle.java:27)
at homepageVerifyTitle.closeBrowser(homepageVerifyTitle.java:27)
at homepageVerifyTitle.closeBrowser(homepageVerifyTitle.java:27)
at homepageVerifyTitle.closeBrowser(homepageVerifyTitle.java:27)
at homepageVerifyTitle.closeBrowser(homepageVerifyTitle.java:27)
at homepageVerifyTitle.closeBrowser(homepageVerifyTitle.java:27)
at homepageVerifyTitle.closeBrowser(homepageVerifyTitle.java:27)
at homepageVerifyTitle.closeBrowser(homepageVerifyTitle.java:27)
at homepageVerifyTitle.closeBrowser(homepageVerifyTitle.java:27)
at homepageVerifyTitle.closeBrowser(homepageVerifyTitle.java:27)
at homepageVerifyTitle.closeBrowser(homepageVerifyTitle.java:27)
at homepageVerifyTitle.closeBrowser(homepageVerifyTitle.java:27)
at homepageVerifyTitle.closeBrowser(homepageVerifyTitle.java:27)
at homepageVerifyTitle.closeBrowser(homepageVerifyTitle.java:27)
at homepageVerifyTitle.closeBrowser(homepageVerifyTitle.java:27)
at homepageVerifyTitle.closeBrowser(homepageVerifyTitle.java:27)
at homepageVerifyTitle.closeBrowser(homepageVerifyTitle.java:27)
at homepageVerifyTitle.closeBrowser(homepageVerifyTitle.java:27)
at homepageVerifyTitle.closeBrowser(homepageVerifyTitle.java:27)
at homepageVerifyTitle.closeBrowser(homepageVerifyTitle.java:27)
at homepageVerifyTitle.closeBrowser(homepageVerifyTitle.java:27)
at homepageVerifyTitle.closeBrowser(homepageVerifyTitle.java:27)
at homepageVerifyTitle.closeBrowser(homepageVerifyTitle.java:27)
at homepageVerifyTitle.closeBrowser(homepageVerifyTitle.java:27)
at homepageVerifyTitle.closeBrowser(homepageVerifyTitle.java:27)
at homepageVerifyTitle.closeBrowser(homepageVerifyTitle.java:27)
at homepageVerifyTitle.closeBrowser(homepageVerifyTitle.java:27)
at homepageVerifyTitle.closeBrowser(homepageVerifyTitle.java:27)
at homepageVerifyTitle.closeBrowser(homepageVerifyTitle.java:27)
at homepageVerifyTitle.closeBrowser(homepageVerifyTitle.java:27)
at homepageVerifyTitle.closeBrowser(homepageVerifyTitle.java:27)
at homepageVerifyTitle.closeBrowser(homepageVerifyTitle.java:27)
at homepageVerifyTitle.closeBrowser(homepageVerifyTitle.java:27)
at homepageVerifyTitle.closeBrowser(homepageVerifyTitle.java:27)
at homepageVerifyTitle.closeBrowser(homepageVerifyTitle.java:27)
at homepageVerifyTitle.closeBrowser(homepageVerifyTitle.java:27)
at homepageVerifyTitle.closeBrowser(homepageVerifyTitle.java:27)
at homepageVerifyTitle.closeBrowser(homepageVerifyTitle.java:27)
at homepageVerifyTitle.closeBrowser(homepageVerifyTitle.java:27)
at homepageVerifyTitle.closeBrowser(homepageVerifyTitle.java:27)
at homepageVerifyTitle.closeBrowser(homepageVerifyTitle.java:27)
at homepageVerifyTitle.closeBrowser(homepageVerifyTitle.java:27)
at homepageVerifyTitle.closeBrowser(homepageVerifyTitle.java:27)
at homepageVerifyTitle.closeBrowser(homepageVerifyTitle.java:27)
at homepageVerifyTitle.closeBrowser(homepageVerifyTitle.java:27)
at homepageVerifyTitle.closeBrowser(homepageVerifyTitle.java:27)
at homepageVerifyTitle.closeBrowser(homepageVerifyTitle.java:27)
at homepageVerifyTitle.closeBrowser(homepageVerifyTitle.java:27)
at homepageVerifyTitle.closeBrowser(homepageVerifyTitle.java:27)
at homepageVerifyTitle.closeBrowser(homepageVerifyTitle.java:27)
at homepageVerifyTitle.closeBrowser(homepageVerifyTitle.java:27)
at homepageVerifyTitle.closeBrowser(homepageVerifyTitle.java:27)
at homepageVerifyTitle.closeBrowser(homepageVerifyTitle.java:27)
at homepageVerifyTitle.closeBrowser(homepageVerifyTitle.java:27)
at homepageVerifyTitle.closeBrowser(homepageVerifyTitle.java:27)
at homepageVerifyTitle.closeBrowser(homepageVerifyTitle.java:27)
at homepageVerifyTitle.closeBrowser(homepageVerifyTitle.java:27)
at homepageVerifyTitle.closeBrowser(homepageVerifyTitle.java:27)
at homepageVerifyTitle.closeBrowser(homepageVerifyTitle.java:27)
at homepageVerifyTitle.closeBrowser(homepageVerifyTitle.java:27)
at homepageVerifyTitle.closeBrowser(homepageVerifyTitle.java:27)
at homepageVerifyTitle.closeBrowser(homepageVerifyTitle.java:27)
at homepageVerifyTitle.closeBrowser(homepageVerifyTitle.java:27)
at homepageVerifyTitle.closeBrowser(homepageVerifyTitle.java:27)
at homepageVerifyTitle.closeBrowser(homepageVerifyTitle.java:27)
at homepageVerifyTitle.closeBrowser(homepageVerifyTitle.java:27)
at homepageVerifyTitle.closeBrowser(homepageVerifyTitle.java:27)
at homepageVerifyTitle.closeBrowser(homepageVerifyTitle.java:27)
at homepageVerifyTitle.closeBrowser(homepageVerifyTitle.java:27)
at homepageVerifyTitle.closeBrowser(homepageVerifyTitle.java:27)
at homepageVerifyTitle.closeBrowser(homepageVerifyTitle.java:27)
at homepageVerifyTitle.closeBrowser(homepageVerifyTitle.java:27)
at homepageVerifyTitle.closeBrowser(homepageVerifyTitle.java:27)
at homepageVerifyTitle.closeBrowser(homepageVerifyTitle.java:27)
at homepageVerifyTitle.closeBrowser(homepageVerifyTitle.java:27)
at homepageVerifyTitle.closeBrowser(homepageVerifyTitle.java:27)
at homepageVerifyTitle.closeBrowser(homepageVerifyTitle.java:27)
at homepageVerifyTitle.closeBrowser(homepageVerifyTitle.java:27)
at homepageVerifyTitle.closeBrowser(homepageVerifyTitle.java:27)
at homepageVerifyTitle.closeBrowser(homepageVerifyTitle.java:27)
at homepageVerifyTitle.closeBrowser(homepageVerifyTitle.java:27)
at homepageVerifyTitle.closeBrowser(homepageVerifyTitle.java:27)
at homepageVerifyTitle.closeBrowser(homepageVerifyTitle.java:27)
at homepageVerifyTitle.closeBrowser(homepageVerifyTitle.java:27)
at homepageVerifyTitle.closeBrowser(homepageVerifyTitle.java:27)
at homepageVerifyTitle.closeBrowser(homepageVerifyTitle.java:27)
at homepageVerifyTitle.closeBrowser(homepageVerifyTitle.java:27)
at homepageVerifyTitle.closeBrowser(homepageVerifyTitle.java:27)
at homepageVerifyTitle.closeBrowser(homepageVerifyTitle.java:27)
at homepageVerifyTitle.closeBrowser(homepageVerifyTitle.java:27)
at homepageVerifyTitle.closeBrowser(homepageVerifyTitle.java:27)
at homepageVerifyTitle.closeBrowser(homepageVerifyTitle.java:27)
at homepageVerifyTitle.closeBrowser(homepageVerifyTitle.java:27)
at homepageVerifyTitle.closeBrowser(homepageVerifyTitle.java:27)
at homepageVerifyTitle.closeBrowser(homepageVerifyTitle.java:27)
at homepageVerifyTitle.closeBrowser(homepageVerifyTitle.java:27)
at homepageVerifyTitle.closeBrowser(homepageVerifyTitle.java:27)
at homepageVerifyTitle.closeBrowser(homepageVerifyTitle.java:27)
at homepageVerifyTitle.closeBrowser(homepageVerifyTitle.java:27)
at homepageVerifyTitle.closeBrowser(homepageVerifyTitle.java:27)
at homepageVerifyTitle.closeBrowser(homepageVerifyTitle.java:27)
at homepageVerifyTitle.closeBrowser(homepageVerifyTitle.java:27)
at homepageVerifyTitle.closeBrowser(homepageVerifyTitle.java:27)
at homepageVerifyTitle.closeBrowser(homepageVerifyTitle.java:27)
at homepageVerifyTitle.closeBrowser(homepageVerifyTitle.java:27)
at homepageVerifyTitle.closeBrowser(homepageVerifyTitle.java:27)
at homepageVerifyTitle.closeBrowser(homepageVerifyTitle.java:27)
at homepageVerifyTitle.closeBrowser(homepageVerifyTitle.java:27)
at homepageVerifyTitle.closeBrowser(homepageVerifyTitle.java:27)
at homepageVerifyTitle.closeBrowser(homepageVerifyTitle.java:27)
at homepageVerifyTitle.closeBrowser(homepageVerifyTitle.java:27)
at homepageVerifyTitle.closeBrowser(homepageVerifyTitle.java:27)
at homepageVerifyTitle.closeBrowser(homepageVerifyTitle.java:27)
at homepageVerifyTitle.closeBrowser(homepageVerifyTitle.java:27)
at homepageVerifyTitle.closeBrowser(homepageVerifyTitle.java:27)
at homepageVerifyTitle.closeBrowser(homepageVerifyTitle.java:27)
at homepageVerifyTitle.closeBrowser(homepageVerifyTitle.java:27)
at homepageVerifyTitle.closeBrowser(homepageVerifyTitle.java:27)
at homepageVerifyTitle.closeBrowser(homepageVerifyTitle.java:27)
at homepageVerifyTitle.closeBrowser(homepageVerifyTitle.java:27)
at homepageVerifyTitle.closeBrowser(homepageVerifyTitle.java:27)
at homepageVerifyTitle.closeBrowser(homepageVerifyTitle.java:27)
at homepageVerifyTitle.closeBrowser(homepageVerifyTitle.java:27)
at homepageVerifyTitle.closeBrowser(homepageVerifyTitle.java:27)
at homepageVerifyTitle.closeBrowser(homepageVerifyTitle.java:27)
at homepageVerifyTitle.closeBrowser(homepageVerifyTitle.java:27)
at homepageVerifyTitle.closeBrowser(homepageVerifyTitle.java:27)
at homepageVerifyTitle.closeBrowser(homepageVerifyTitle.java:27)
at homepageVerifyTitle.closeBrowser(homepageVerifyTitle.java:27)
at homepageVerifyTitle.closeBrowser(homepageVerifyTitle.java:27)
at homepageVerifyTitle.closeBrowser(homepageVerifyTitle.java:27)
at homepageVerifyTitle.closeBrowser(homepageVerifyTitle.java:27)
at homepageVerifyTitle.closeBrowser(homepageVerifyTitle.java:27)
at homepageVerifyTitle.closeBrowser(homepageVerifyTitle.java:27)
at homepageVerifyTitle.closeBrowser(homepageVerifyTitle.java:27)
at homepageVerifyTitle.closeBrowser(homepageVerifyTitle.java:27)
at homepageVerifyTitle.closeBrowser(homepageVerifyTitle.java:27)
at homepageVerifyTitle.closeBrowser(homepageVerifyTitle.java:27)
at homepageVerifyTitle.closeBrowser(homepageVerifyTitle.java:27)
at homepageVerifyTitle.closeBrowser(homepageVerifyTitle.java:27)
at homepageVerifyTitle.closeBrowser(homepageVerifyTitle.java:27)
at homepageVerifyTitle.closeBrowser(homepageVerifyTitle.java:27)
at homepageVerifyTitle.closeBrowser(homepageVerifyTitle.java:27)
at homepageVerifyTitle.closeBrowser(homepageVerifyTitle.java:27)
at homepageVerifyTitle.closeBrowser(homepageVerifyTitle.java:27)
at homepageVerifyTitle.closeBrowser(homepageVerifyTitle.java:27)
at homepageVerifyTitle.closeBrowser(homepageVerifyTitle.java:27)
at homepageVerifyTitle.closeBrowser(homepageVerifyTitle.java:27)
at homepageVerifyTitle.closeBrowser(homepageVerifyTitle.java:27)
at homepageVerifyTitle.closeBrowser(homepageVerifyTitle.java:27)
at homepageVerifyTitle.closeBrowser(homepageVerifyTitle.java:27)
at homepageVerifyTitle.closeBrowser(homepageVerifyTitle.java:27)
at homepageVerifyTitle.closeBrowser(homepageVerifyTitle.java:27)
at homepageVerifyTitle.closeBrowser(homepageVerifyTitle.java:27)
at homepageVerifyTitle.closeBrowser(homepageVerifyTitle.java:27)
at homepageVerifyTitle.closeBrowser(homepageVerifyTitle.java:27)
at homepageVerifyTitle.closeBrowser(homepageVerifyTitle.java:27)
at homepageVerifyTitle.closeBrowser(homepageVerifyTitle.java:27)
at homepageVerifyTitle.closeBrowser(homepageVerifyTitle.java:27)
at homepageVerifyTitle.closeBrowser(homepageVerifyTitle.java:27)
at homepageVerifyTitle.closeBrowser(homepageVerifyTitle.java:27)
at homepageVerifyTitle.closeBrowser(homepageVerifyTitle.java:27)
at homepageVerifyTitle.closeBrowser(homepageVerifyTitle.java:27)
at homepageVerifyTitle.closeBrowser(homepageVerifyTitle.java:27)
at homepageVerifyTitle.closeBrowser(homepageVerifyTitle.java:27)
at homepageVerifyTitle.closeBrowser(homepageVerifyTitle.java:27)
at homepageVerifyTitle.closeBrowser(homepageVerifyTitle.java:27)
at homepageVerifyTitle.closeBrowser(homepageVerifyTitle.java:27)
at homepageVerifyTitle.closeBrowser(homepageVerifyTitle.java:27)
at homepageVerifyTitle.closeBrowser(homepageVerifyTitle.java:27)
at homepageVerifyTitle.closeBrowser(homepageVerifyTitle.java:27)
at homepageVerifyTitle.closeBrowser(homepageVerifyTitle.java:27)
at homepageVerifyTitle.closeBrowser(homepageVerifyTitle.java:27)
at homepageVerifyTitle.closeBrowser(homepageVerifyTitle.java:27)
at homepageVerifyTitle.closeBrowser(homepageVerifyTitle.java:27)
at homepageVerifyTitle.closeBrowser(homepageVerifyTitle.java:27)
at homepageVerifyTitle.closeBrowser(homepageVerifyTitle.java:27)
at homepageVerifyTitle.closeBrowser(homepageVerifyTitle.java:27)
at homepageVerifyTitle.closeBrowser(homepageVerifyTitle.java:27)
at homepageVerifyTitle.closeBrowser(homepageVerifyTitle.java:27)
at homepageVerifyTitle.closeBrowser(homepageVerifyTitle.java:27)
at homepageVerifyTitle.closeBrowser(homepageVerifyTitle.java:27)
at homepageVerifyTitle.closeBrowser(homepageVerifyTitle.java:27)
at homepageVerifyTitle.closeBrowser(homepageVerifyTitle.java:27)
at homepageVerifyTitle.closeBrowser(homepageVerifyTitle.java:27)
at homepageVerifyTitle.closeBrowser(homepageVerifyTitle.java:27)
at homepageVerifyTitle.closeBrowser(homepageVerifyTitle.java:27)
at homepageVerifyTitle.closeBrowser(homepageVerifyTitle.java:27)
at homepageVerifyTitle.closeBrowser(homepageVerifyTitle.java:27)
at homepageVerifyTitle.closeBrowser(homepageVerifyTitle.java:27)
at homepageVerifyTitle.closeBrowser(homepageVerifyTitle.java:27)
at homepageVerifyTitle.closeBrowser(homepageVerifyTitle.java:27)
at homepageVerifyTitle.closeBrowser(homepageVerifyTitle.java:27)
at homepageVerifyTitle.closeBrowser(homepageVerifyTitle.java:27)
at homepageVerifyTitle.closeBrowser(homepageVerifyTitle.java:27)
at homepageVerifyTitle.closeBrowser(homepageVerifyTitle.java:27)
at homepageVerifyTitle.closeBrowser(homepageVerifyTitle.java:27)
at homepageVerifyTitle.closeBrowser(homepageVerifyTitle.java:27)
at homepageVerifyTitle.closeBrowser(homepageVerifyTitle.java:27)
at homepageVerifyTitle.closeBrowser(homepageVerifyTitle.java:27)
at homepageVerifyTitle.closeBrowser(homepageVerifyTitle.java:27)
at homepageVerifyTitle.closeBrowser(homepageVerifyTitle.java:27)
at homepageVerifyTitle.closeBrowser(homepageVerifyTitle.java:27)
at homepageVerifyTitle.closeBrowser(homepageVerifyTitle.java:27)
at homepageVerifyTitle.closeBrowser(homepageVerifyTitle.java:27)
at homepageVerifyTitle.closeBrowser(homepageVerifyTitle.java:27)
at homepageVerifyTitle.closeBrowser(homepageVerifyTitle.java:27)
at homepageVerifyTitle.closeBrowser(homepageVerifyTitle.java:27)
at homepageVerifyTitle.closeBrowser(homepageVerifyTitle.java:27)
at homepageVerifyTitle.closeBrowser(homepageVerifyTitle.java:27)
at homepageVerifyTitle.closeBrowser(homepageVerifyTitle.java:27)
]]>
    </failure>
  </testcase> <!-- @AfterTest closeBrowser -->
  <testcase classname="homepageVerifyTitle" name="homepageVerifyTitle" time="37.704"/>
</testsuite> <!-- Homepage verification -->
