-------------------------------------------------------------------------------
Test set: TestSuite
-------------------------------------------------------------------------------
Tests run: 2, Failures: 1, Errors: 0, Skipped: 0, Time elapsed: 54.52 s <<< FAILURE! - in TestSuite
closeBrowser(homepageVerifyTitle)  Time elapsed: 37.773 s  <<< FAILURE!
java.lang.StackOverflowError
	at homepageVerifyTitle.closeBrowser(homepageVerifyTitle.java:27)
	at homepageVerifyTitle.closeBrowser(homepageVerifyTitle.java:27)
	at homepageVerifyTitle.closeBrowser(homepageVerifyTitle.java:27)
	at homepageVerifyTitle.closeBrowser(homepageVerifyTitle.java:27)
	at homepageVerifyTitle.closeBrowser(homepageVerifyTitle.java:27)
	at homepageVerifyTitle.closeBrowser(homepageVerifyTitle.java:27)
	at homepageVerifyTitle.closeBrowser(homepageVerifyTitle.java:27)
	at homepageVerifyTitle.closeBrowser(homepageVerifyTitle.java:27)
	at homepageVerifyTitle.closeBrowser(homepageVerifyTitle.java:27)
	at homepageVerifyTitle.closeBrowser(homepageVerifyTitle.java:27)
	at homepageVerifyTitle.closeBrowser(homepageVerifyTitle.java:27)
	at homepageVerifyTitle.closeBrowser(homepageVerifyTitle.java:27)
	at homepageVerifyTitle.closeBrowser(homepageVerifyTitle.java:27)
	at homepageVerifyTitle.closeBrowser(homepageVerifyTitle.java:27)
	at homepageVerifyTitle.closeBrowser(homepageVerifyTitle.java:27)
	at homepageVerifyTitle.closeBrowser(homepageVerifyTitle.java:27)
	at homepageVerifyTitle.closeBrowser(homepageVerifyTitle.java:27)
	at homepageVerifyTitle.closeBrowser(homepageVerifyTitle.java:27)
	at homepageVerifyTitle.closeBrowser(homepageVerifyTitle.java:27)
	at homepageVerifyTitle.closeBrowser(homepageVerifyTitle.java:27)
	at homepageVerifyTitle.closeBrowser(homepageVerifyTitle.java:27)
	at homepageVerifyTitle.closeBrowser(homepageVerifyTitle.java:27)
	at homepageVerifyTitle.closeBrowser(homepageVerifyTitle.java:27)
	at homepageVerifyTitle.closeBrowser(homepageVerifyTitle.java:27)
	at homepageVerifyTitle.closeBrowser(homepageVerifyTitle.java:27)
	at homepageVerifyTitle.closeBrowser(homepageVerifyTitle.java:27)
	at homepageVerifyTitle.closeBrowser(homepageVerifyTitle.java:27)
	at homepageVerifyTitle.closeBrowser(homepageVerifyTitle.java:27)
	at homepageVerifyTitle.closeBrowser(homepageVerifyTitle.java:27)
	at homepageVerifyTitle.closeBrowser(homepageVerifyTitle.java:27)
	at homepageVerifyTitle.closeBrowser(homepageVerifyTitle.java:27)
	at homepageVerifyTitle.closeBrowser(homepageVerifyTitle.java:27)
	at homepageVerifyTitle.closeBrowser(homepageVerifyTitle.java:27)
	at homepageVerifyTitle.closeBrowser(homepageVerifyTitle.java:27)
	at homepageVerifyTitle.closeBrowser(homepageVerifyTitle.java:27)
	at homepageVerifyTitle.closeBrowser(homepageVerifyTitle.java:27)
	at homepageVerifyTitle.closeBrowser(homepageVerifyTitle.java:27)
	at homepageVerifyTitle.closeBrowser(homepageVerifyTitle.java:27)
	at homepageVerifyTitle.closeBrowser(homepageVerifyTitle.java:27)
	at homepageVerifyTitle.closeBrowser(homepageVerifyTitle.java:27)
	at homepageVerifyTitle.closeBrowser(homepageVerifyTitle.java:27)
	at homepageVerifyTitle.closeBrowser(homepageVerifyTitle.java:27)
	at homepageVerifyTitle.closeBrowser(homepageVerifyTitle.java:27)
	at homepageVerifyTitle.closeBrowser(homepageVerifyTitle.java:27)
	at homepageVerifyTitle.closeBrowser(homepageVerifyTitle.java:27)
	at homepageVerifyTitle.closeBrowser(homepageVerifyTitle.java:27)
	at homepageVerifyTitle.closeBrowser(homepageVerifyTitle.java:27)
	at homepageVerifyTitle.closeBrowser(homepageVerifyTitle.java:27)
	at homepageVerifyTitle.closeBrowser(homepageVerifyTitle.java:27)
	at homepageVerifyTitle.closeBrowser(homepageVerifyTitle.java:27)
	at homepageVerifyTitle.closeBrowser(homepageVerifyTitle.java:27)
	at homepageVerifyTitle.closeBrowser(homepageVerifyTitle.java:27)
	at homepageVerifyTitle.closeBrowser(homepageVerifyTitle.java:27)
	at homepageVerifyTitle.closeBrowser(homepageVerifyTitle.java:27)
	at homepageVerifyTitle.closeBrowser(homepageVerifyTitle.java:27)
	at homepageVerifyTitle.closeBrowser(homepageVerifyTitle.java:27)
	at homepageVerifyTitle.closeBrowser(homepageVerifyTitle.java:27)
	at homepageVerifyTitle.closeBrowser(homepageVerifyTitle.java:27)
	at homepageVerifyTitle.closeBrowser(homepageVerifyTitle.java:27)
	at homepageVerifyTitle.closeBrowser(homepageVerifyTitle.java:27)
	at homepageVerifyTitle.closeBrowser(homepageVerifyTitle.java:27)
	at homepageVerifyTitle.closeBrowser(homepageVerifyTitle.java:27)
	at homepageVerifyTitle.closeBrowser(homepageVerifyTitle.java:27)
	at homepageVerifyTitle.closeBrowser(homepageVerifyTitle.java:27)
	at homepageVerifyTitle.closeBrowser(homepageVerifyTitle.java:27)
	at homepageVerifyTitle.closeBrowser(homepageVerifyTitle.java:27)
	at homepageVerifyTitle.closeBrowser(homepageVerifyTitle.java:27)
	at homepageVerifyTitle.closeBrowser(homepageVerifyTitle.java:27)
	at homepageVerifyTitle.closeBrowser(homepageVerifyTitle.java:27)
	at homepageVerifyTitle.closeBrowser(homepageVerifyTitle.java:27)
	at homepageVerifyTitle.closeBrowser(homepageVerifyTitle.java:27)
	at homepageVerifyTitle.closeBrowser(homepageVerifyTitle.java:27)
	at homepageVerifyTitle.closeBrowser(homepageVerifyTitle.java:27)
	at homepageVerifyTitle.closeBrowser(homepageVerifyTitle.java:27)
	at homepageVerifyTitle.closeBrowser(homepageVerifyTitle.java:27)
	at homepageVerifyTitle.closeBrowser(homepageVerifyTitle.java:27)
	at homepageVerifyTitle.closeBrowser(homepageVerifyTitle.java:27)
	at homepageVerifyTitle.closeBrowser(homepageVerifyTitle.java:27)
	at homepageVerifyTitle.closeBrowser(homepageVerifyTitle.java:27)
	at homepageVerifyTitle.closeBrowser(homepageVerifyTitle.java:27)
	at homepageVerifyTitle.closeBrowser(homepageVerifyTitle.java:27)
	at homepageVerifyTitle.closeBrowser(homepageVerifyTitle.java:27)
	at homepageVerifyTitle.closeBrowser(homepageVerifyTitle.java:27)
	at homepageVerifyTitle.closeBrowser(homepageVerifyTitle.java:27)
	at homepageVerifyTitle.closeBrowser(homepageVerifyTitle.java:27)
	at homepageVerifyTitle.closeBrowser(homepageVerifyTitle.java:27)
	at homepageVerifyTitle.closeBrowser(homepageVerifyTitle.java:27)
	at homepageVerifyTitle.closeBrowser(homepageVerifyTitle.java:27)
	at homepageVerifyTitle.closeBrowser(homepageVerifyTitle.java:27)
	at homepageVerifyTitle.closeBrowser(homepageVerifyTitle.java:27)
	at homepageVerifyTitle.closeBrowser(homepageVerifyTitle.java:27)
	at homepageVerifyTitle.closeBrowser(homepageVerifyTitle.java:27)
	at homepageVerifyTitle.closeBrowser(homepageVerifyTitle.java:27)
	at homepageVerifyTitle.closeBrowser(homepageVerifyTitle.java:27)
	at homepageVerifyTitle.closeBrowser(homepageVerifyTitle.java:27)
	at homepageVerifyTitle.closeBrowser(homepageVerifyTitle.java:27)
	at homepageVerifyTitle.closeBrowser(homepageVerifyTitle.java:27)
	at homepageVerifyTitle.closeBrowser(homepageVerifyTitle.java:27)
	at homepageVerifyTitle.closeBrowser(homepageVerifyTitle.java:27)
	at homepageVerifyTitle.closeBrowser(homepageVerifyTitle.java:27)
	at homepageVerifyTitle.closeBrowser(homepageVerifyTitle.java:27)
	at homepageVerifyTitle.closeBrowser(homepageVerifyTitle.java:27)
	at homepageVerifyTitle.closeBrowser(homepageVerifyTitle.java:27)
	at homepageVerifyTitle.closeBrowser(homepageVerifyTitle.java:27)
	at homepageVerifyTitle.closeBrowser(homepageVerifyTitle.java:27)
	at homepageVerifyTitle.closeBrowser(homepageVerifyTitle.java:27)
	at homepageVerifyTitle.closeBrowser(homepageVerifyTitle.java:27)
	at homepageVerifyTitle.closeBrowser(homepageVerifyTitle.java:27)
	at homepageVerifyTitle.closeBrowser(homepageVerifyTitle.java:27)
	at homepageVerifyTitle.closeBrowser(homepageVerifyTitle.java:27)
	at homepageVerifyTitle.closeBrowser(homepageVerifyTitle.java:27)
	at homepageVerifyTitle.closeBrowser(homepageVerifyTitle.java:27)
	at homepageVerifyTitle.closeBrowser(homepageVerifyTitle.java:27)
	at homepageVerifyTitle.closeBrowser(homepageVerifyTitle.java:27)
	at homepageVerifyTitle.closeBrowser(homepageVerifyTitle.java:27)
	at homepageVerifyTitle.closeBrowser(homepageVerifyTitle.java:27)
	at homepageVerifyTitle.closeBrowser(homepageVerifyTitle.java:27)
	at homepageVerifyTitle.closeBrowser(homepageVerifyTitle.java:27)
	at homepageVerifyTitle.closeBrowser(homepageVerifyTitle.java:27)
	at homepageVerifyTitle.closeBrowser(homepageVerifyTitle.java:27)
	at homepageVerifyTitle.closeBrowser(homepageVerifyTitle.java:27)
	at homepageVerifyTitle.closeBrowser(homepageVerifyTitle.java:27)
	at homepageVerifyTitle.closeBrowser(homepageVerifyTitle.java:27)
	at homepageVerifyTitle.closeBrowser(homepageVerifyTitle.java:27)
	at homepageVerifyTitle.closeBrowser(homepageVerifyTitle.java:27)
	at homepageVerifyTitle.closeBrowser(homepageVerifyTitle.java:27)
	at homepageVerifyTitle.closeBrowser(homepageVerifyTitle.java:27)
	at homepageVerifyTitle.closeBrowser(homepageVerifyTitle.java:27)
	at homepageVerifyTitle.closeBrowser(homepageVerifyTitle.java:27)
	at homepageVerifyTitle.closeBrowser(homepageVerifyTitle.java:27)
	at homepageVerifyTitle.closeBrowser(homepageVerifyTitle.java:27)
	at homepageVerifyTitle.closeBrowser(homepageVerifyTitle.java:27)
	at homepageVerifyTitle.closeBrowser(homepageVerifyTitle.java:27)
	at homepageVerifyTitle.closeBrowser(homepageVerifyTitle.java:27)
	at homepageVerifyTitle.closeBrowser(homepageVerifyTitle.java:27)
	at homepageVerifyTitle.closeBrowser(homepageVerifyTitle.java:27)
	at homepageVerifyTitle.closeBrowser(homepageVerifyTitle.java:27)
	at homepageVerifyTitle.closeBrowser(homepageVerifyTitle.java:27)
	at homepageVerifyTitle.closeBrowser(homepageVerifyTitle.java:27)
	at homepageVerifyTitle.closeBrowser(homepageVerifyTitle.java:27)
	at homepageVerifyTitle.closeBrowser(homepageVerifyTitle.java:27)
	at homepageVerifyTitle.closeBrowser(homepageVerifyTitle.java:27)
	at homepageVerifyTitle.closeBrowser(homepageVerifyTitle.java:27)
	at homepageVerifyTitle.closeBrowser(homepageVerifyTitle.java:27)
	at homepageVerifyTitle.closeBrowser(homepageVerifyTitle.java:27)
	at homepageVerifyTitle.closeBrowser(homepageVerifyTitle.java:27)
	at homepageVerifyTitle.closeBrowser(homepageVerifyTitle.java:27)
	at homepageVerifyTitle.closeBrowser(homepageVerifyTitle.java:27)
	at homepageVerifyTitle.closeBrowser(homepageVerifyTitle.java:27)
	at homepageVerifyTitle.closeBrowser(homepageVerifyTitle.java:27)
	at homepageVerifyTitle.closeBrowser(homepageVerifyTitle.java:27)
	at homepageVerifyTitle.closeBrowser(homepageVerifyTitle.java:27)
	at homepageVerifyTitle.closeBrowser(homepageVerifyTitle.java:27)
	at homepageVerifyTitle.closeBrowser(homepageVerifyTitle.java:27)
	at homepageVerifyTitle.closeBrowser(homepageVerifyTitle.java:27)
	at homepageVerifyTitle.closeBrowser(homepageVerifyTitle.java:27)
	at homepageVerifyTitle.closeBrowser(homepageVerifyTitle.java:27)
	at homepageVerifyTitle.closeBrowser(homepageVerifyTitle.java:27)
	at homepageVerifyTitle.closeBrowser(homepageVerifyTitle.java:27)
	at homepageVerifyTitle.closeBrowser(homepageVerifyTitle.java:27)
	at homepageVerifyTitle.closeBrowser(homepageVerifyTitle.java:27)
	at homepageVerifyTitle.closeBrowser(homepageVerifyTitle.java:27)
	at homepageVerifyTitle.closeBrowser(homepageVerifyTitle.java:27)
	at homepageVerifyTitle.closeBrowser(homepageVerifyTitle.java:27)
	at homepageVerifyTitle.closeBrowser(homepageVerifyTitle.java:27)
	at homepageVerifyTitle.closeBrowser(homepageVerifyTitle.java:27)
	at homepageVerifyTitle.closeBrowser(homepageVerifyTitle.java:27)
	at homepageVerifyTitle.closeBrowser(homepageVerifyTitle.java:27)
	at homepageVerifyTitle.closeBrowser(homepageVerifyTitle.java:27)
	at homepageVerifyTitle.closeBrowser(homepageVerifyTitle.java:27)
	at homepageVerifyTitle.closeBrowser(homepageVerifyTitle.java:27)
	at homepageVerifyTitle.closeBrowser(homepageVerifyTitle.java:27)
	at homepageVerifyTitle.closeBrowser(homepageVerifyTitle.java:27)
	at homepageVerifyTitle.closeBrowser(homepageVerifyTitle.java:27)
	at homepageVerifyTitle.closeBrowser(homepageVerifyTitle.java:27)
	at homepageVerifyTitle.closeBrowser(homepageVerifyTitle.java:27)
	at homepageVerifyTitle.closeBrowser(homepageVerifyTitle.java:27)
	at homepageVerifyTitle.closeBrowser(homepageVerifyTitle.java:27)
	at homepageVerifyTitle.closeBrowser(homepageVerifyTitle.java:27)
	at homepageVerifyTitle.closeBrowser(homepageVerifyTitle.java:27)
	at homepageVerifyTitle.closeBrowser(homepageVerifyTitle.java:27)
	at homepageVerifyTitle.closeBrowser(homepageVerifyTitle.java:27)
	at homepageVerifyTitle.closeBrowser(homepageVerifyTitle.java:27)
	at homepageVerifyTitle.closeBrowser(homepageVerifyTitle.java:27)
	at homepageVerifyTitle.closeBrowser(homepageVerifyTitle.java:27)
	at homepageVerifyTitle.closeBrowser(homepageVerifyTitle.java:27)
	at homepageVerifyTitle.closeBrowser(homepageVerifyTitle.java:27)
	at homepageVerifyTitle.closeBrowser(homepageVerifyTitle.java:27)
	at homepageVerifyTitle.closeBrowser(homepageVerifyTitle.java:27)
	at homepageVerifyTitle.closeBrowser(homepageVerifyTitle.java:27)
	at homepageVerifyTitle.closeBrowser(homepageVerifyTitle.java:27)
	at homepageVerifyTitle.closeBrowser(homepageVerifyTitle.java:27)
	at homepageVerifyTitle.closeBrowser(homepageVerifyTitle.java:27)
	at homepageVerifyTitle.closeBrowser(homepageVerifyTitle.java:27)
	at homepageVerifyTitle.closeBrowser(homepageVerifyTitle.java:27)
	at homepageVerifyTitle.closeBrowser(homepageVerifyTitle.java:27)
	at homepageVerifyTitle.closeBrowser(homepageVerifyTitle.java:27)
	at homepageVerifyTitle.closeBrowser(homepageVerifyTitle.java:27)
	at homepageVerifyTitle.closeBrowser(homepageVerifyTitle.java:27)
	at homepageVerifyTitle.closeBrowser(homepageVerifyTitle.java:27)
	at homepageVerifyTitle.closeBrowser(homepageVerifyTitle.java:27)
	at homepageVerifyTitle.closeBrowser(homepageVerifyTitle.java:27)
	at homepageVerifyTitle.closeBrowser(homepageVerifyTitle.java:27)
	at homepageVerifyTitle.closeBrowser(homepageVerifyTitle.java:27)
	at homepageVerifyTitle.closeBrowser(homepageVerifyTitle.java:27)
	at homepageVerifyTitle.closeBrowser(homepageVerifyTitle.java:27)
	at homepageVerifyTitle.closeBrowser(homepageVerifyTitle.java:27)
	at homepageVerifyTitle.closeBrowser(homepageVerifyTitle.java:27)
	at homepageVerifyTitle.closeBrowser(homepageVerifyTitle.java:27)
	at homepageVerifyTitle.closeBrowser(homepageVerifyTitle.java:27)
	at homepageVerifyTitle.closeBrowser(homepageVerifyTitle.java:27)
	at homepageVerifyTitle.closeBrowser(homepageVerifyTitle.java:27)
	at homepageVerifyTitle.closeBrowser(homepageVerifyTitle.java:27)
	at homepageVerifyTitle.closeBrowser(homepageVerifyTitle.java:27)
	at homepageVerifyTitle.closeBrowser(homepageVerifyTitle.java:27)
	at homepageVerifyTitle.closeBrowser(homepageVerifyTitle.java:27)
	at homepageVerifyTitle.closeBrowser(homepageVerifyTitle.java:27)
	at homepageVerifyTitle.closeBrowser(homepageVerifyTitle.java:27)
	at homepageVerifyTitle.closeBrowser(homepageVerifyTitle.java:27)
	at homepageVerifyTitle.closeBrowser(homepageVerifyTitle.java:27)
	at homepageVerifyTitle.closeBrowser(homepageVerifyTitle.java:27)
	at homepageVerifyTitle.closeBrowser(homepageVerifyTitle.java:27)
	at homepageVerifyTitle.closeBrowser(homepageVerifyTitle.java:27)
	at homepageVerifyTitle.closeBrowser(homepageVerifyTitle.java:27)
	at homepageVerifyTitle.closeBrowser(homepageVerifyTitle.java:27)
	at homepageVerifyTitle.closeBrowser(homepageVerifyTitle.java:27)
	at homepageVerifyTitle.closeBrowser(homepageVerifyTitle.java:27)
	at homepageVerifyTitle.closeBrowser(homepageVerifyTitle.java:27)
	at homepageVerifyTitle.closeBrowser(homepageVerifyTitle.java:27)
	at homepageVerifyTitle.closeBrowser(homepageVerifyTitle.java:27)
	at homepageVerifyTitle.closeBrowser(homepageVerifyTitle.java:27)
	at homepageVerifyTitle.closeBrowser(homepageVerifyTitle.java:27)
	at homepageVerifyTitle.closeBrowser(homepageVerifyTitle.java:27)
	at homepageVerifyTitle.closeBrowser(homepageVerifyTitle.java:27)
	at homepageVerifyTitle.closeBrowser(homepageVerifyTitle.java:27)
	at homepageVerifyTitle.closeBrowser(homepageVerifyTitle.java:27)
	at homepageVerifyTitle.closeBrowser(homepageVerifyTitle.java:27)
	at homepageVerifyTitle.closeBrowser(homepageVerifyTitle.java:27)
	at homepageVerifyTitle.closeBrowser(homepageVerifyTitle.java:27)
	at homepageVerifyTitle.closeBrowser(homepageVerifyTitle.java:27)
	at homepageVerifyTitle.closeBrowser(homepageVerifyTitle.java:27)
	at homepageVerifyTitle.closeBrowser(homepageVerifyTitle.java:27)
	at homepageVerifyTitle.closeBrowser(homepageVerifyTitle.java:27)
	at homepageVerifyTitle.closeBrowser(homepageVerifyTitle.java:27)
	at homepageVerifyTitle.closeBrowser(homepageVerifyTitle.java:27)
	at homepageVerifyTitle.closeBrowser(homepageVerifyTitle.java:27)
	at homepageVerifyTitle.closeBrowser(homepageVerifyTitle.java:27)
	at homepageVerifyTitle.closeBrowser(homepageVerifyTitle.java:27)
	at homepageVerifyTitle.closeBrowser(homepageVerifyTitle.java:27)
	at homepageVerifyTitle.closeBrowser(homepageVerifyTitle.java:27)
	at homepageVerifyTitle.closeBrowser(homepageVerifyTitle.java:27)
	at homepageVerifyTitle.closeBrowser(homepageVerifyTitle.java:27)
	at homepageVerifyTitle.closeBrowser(homepageVerifyTitle.java:27)
	at homepageVerifyTitle.closeBrowser(homepageVerifyTitle.java:27)
	at homepageVerifyTitle.closeBrowser(homepageVerifyTitle.java:27)
	at homepageVerifyTitle.closeBrowser(homepageVerifyTitle.java:27)
	at homepageVerifyTitle.closeBrowser(homepageVerifyTitle.java:27)
	at homepageVerifyTitle.closeBrowser(homepageVerifyTitle.java:27)
	at homepageVerifyTitle.closeBrowser(homepageVerifyTitle.java:27)
	at homepageVerifyTitle.closeBrowser(homepageVerifyTitle.java:27)
	at homepageVerifyTitle.closeBrowser(homepageVerifyTitle.java:27)
	at homepageVerifyTitle.closeBrowser(homepageVerifyTitle.java:27)
	at homepageVerifyTitle.closeBrowser(homepageVerifyTitle.java:27)
	at homepageVerifyTitle.closeBrowser(homepageVerifyTitle.java:27)
	at homepageVerifyTitle.closeBrowser(homepageVerifyTitle.java:27)
	at homepageVerifyTitle.closeBrowser(homepageVerifyTitle.java:27)
	at homepageVerifyTitle.closeBrowser(homepageVerifyTitle.java:27)
	at homepageVerifyTitle.closeBrowser(homepageVerifyTitle.java:27)
	at homepageVerifyTitle.closeBrowser(homepageVerifyTitle.java:27)
	at homepageVerifyTitle.closeBrowser(homepageVerifyTitle.java:27)
	at homepageVerifyTitle.closeBrowser(homepageVerifyTitle.java:27)
	at homepageVerifyTitle.closeBrowser(homepageVerifyTitle.java:27)
	at homepageVerifyTitle.closeBrowser(homepageVerifyTitle.java:27)
	at homepageVerifyTitle.closeBrowser(homepageVerifyTitle.java:27)
	at homepageVerifyTitle.closeBrowser(homepageVerifyTitle.java:27)
	at homepageVerifyTitle.closeBrowser(homepageVerifyTitle.java:27)
	at homepageVerifyTitle.closeBrowser(homepageVerifyTitle.java:27)
	at homepageVerifyTitle.closeBrowser(homepageVerifyTitle.java:27)
	at homepageVerifyTitle.closeBrowser(homepageVerifyTitle.java:27)
	at homepageVerifyTitle.closeBrowser(homepageVerifyTitle.java:27)
	at homepageVerifyTitle.closeBrowser(homepageVerifyTitle.java:27)
	at homepageVerifyTitle.closeBrowser(homepageVerifyTitle.java:27)
	at homepageVerifyTitle.closeBrowser(homepageVerifyTitle.java:27)
	at homepageVerifyTitle.closeBrowser(homepageVerifyTitle.java:27)
	at homepageVerifyTitle.closeBrowser(homepageVerifyTitle.java:27)
	at homepageVerifyTitle.closeBrowser(homepageVerifyTitle.java:27)
	at homepageVerifyTitle.closeBrowser(homepageVerifyTitle.java:27)
	at homepageVerifyTitle.closeBrowser(homepageVerifyTitle.java:27)
	at homepageVerifyTitle.closeBrowser(homepageVerifyTitle.java:27)
	at homepageVerifyTitle.closeBrowser(homepageVerifyTitle.java:27)
	at homepageVerifyTitle.closeBrowser(homepageVerifyTitle.java:27)
	at homepageVerifyTitle.closeBrowser(homepageVerifyTitle.java:27)
	at homepageVerifyTitle.closeBrowser(homepageVerifyTitle.java:27)
	at homepageVerifyTitle.closeBrowser(homepageVerifyTitle.java:27)
	at homepageVerifyTitle.closeBrowser(homepageVerifyTitle.java:27)
	at homepageVerifyTitle.closeBrowser(homepageVerifyTitle.java:27)
	at homepageVerifyTitle.closeBrowser(homepageVerifyTitle.java:27)
	at homepageVerifyTitle.closeBrowser(homepageVerifyTitle.java:27)
	at homepageVerifyTitle.closeBrowser(homepageVerifyTitle.java:27)
	at homepageVerifyTitle.closeBrowser(homepageVerifyTitle.java:27)
	at homepageVerifyTitle.closeBrowser(homepageVerifyTitle.java:27)
	at homepageVerifyTitle.closeBrowser(homepageVerifyTitle.java:27)
	at homepageVerifyTitle.closeBrowser(homepageVerifyTitle.java:27)
	at homepageVerifyTitle.closeBrowser(homepageVerifyTitle.java:27)
	at homepageVerifyTitle.closeBrowser(homepageVerifyTitle.java:27)
	at homepageVerifyTitle.closeBrowser(homepageVerifyTitle.java:27)
	at homepageVerifyTitle.closeBrowser(homepageVerifyTitle.java:27)
	at homepageVerifyTitle.closeBrowser(homepageVerifyTitle.java:27)
	at homepageVerifyTitle.closeBrowser(homepageVerifyTitle.java:27)
	at homepageVerifyTitle.closeBrowser(homepageVerifyTitle.java:27)
	at homepageVerifyTitle.closeBrowser(homepageVerifyTitle.java:27)
	at homepageVerifyTitle.closeBrowser(homepageVerifyTitle.java:27)
	at homepageVerifyTitle.closeBrowser(homepageVerifyTitle.java:27)
	at homepageVerifyTitle.closeBrowser(homepageVerifyTitle.java:27)
	at homepageVerifyTitle.closeBrowser(homepageVerifyTitle.java:27)
	at homepageVerifyTitle.closeBrowser(homepageVerifyTitle.java:27)
	at homepageVerifyTitle.closeBrowser(homepageVerifyTitle.java:27)
	at homepageVerifyTitle.closeBrowser(homepageVerifyTitle.java:27)
	at homepageVerifyTitle.closeBrowser(homepageVerifyTitle.java:27)
	at homepageVerifyTitle.closeBrowser(homepageVerifyTitle.java:27)
	at homepageVerifyTitle.closeBrowser(homepageVerifyTitle.java:27)
	at homepageVerifyTitle.closeBrowser(homepageVerifyTitle.java:27)
	at homepageVerifyTitle.closeBrowser(homepageVerifyTitle.java:27)
	at homepageVerifyTitle.closeBrowser(homepageVerifyTitle.java:27)
	at homepageVerifyTitle.closeBrowser(homepageVerifyTitle.java:27)
	at homepageVerifyTitle.closeBrowser(homepageVerifyTitle.java:27)
	at homepageVerifyTitle.closeBrowser(homepageVerifyTitle.java:27)
	at homepageVerifyTitle.closeBrowser(homepageVerifyTitle.java:27)
	at homepageVerifyTitle.closeBrowser(homepageVerifyTitle.java:27)
	at homepageVerifyTitle.closeBrowser(homepageVerifyTitle.java:27)
	at homepageVerifyTitle.closeBrowser(homepageVerifyTitle.java:27)
	at homepageVerifyTitle.closeBrowser(homepageVerifyTitle.java:27)
	at homepageVerifyTitle.closeBrowser(homepageVerifyTitle.java:27)
	at homepageVerifyTitle.closeBrowser(homepageVerifyTitle.java:27)
	at homepageVerifyTitle.closeBrowser(homepageVerifyTitle.java:27)
	at homepageVerifyTitle.closeBrowser(homepageVerifyTitle.java:27)
	at homepageVerifyTitle.closeBrowser(homepageVerifyTitle.java:27)
	at homepageVerifyTitle.closeBrowser(homepageVerifyTitle.java:27)
	at homepageVerifyTitle.closeBrowser(homepageVerifyTitle.java:27)
	at homepageVerifyTitle.closeBrowser(homepageVerifyTitle.java:27)
	at homepageVerifyTitle.closeBrowser(homepageVerifyTitle.java:27)
	at homepageVerifyTitle.closeBrowser(homepageVerifyTitle.java:27)
	at homepageVerifyTitle.closeBrowser(homepageVerifyTitle.java:27)
	at homepageVerifyTitle.closeBrowser(homepageVerifyTitle.java:27)
	at homepageVerifyTitle.closeBrowser(homepageVerifyTitle.java:27)
	at homepageVerifyTitle.closeBrowser(homepageVerifyTitle.java:27)
	at homepageVerifyTitle.closeBrowser(homepageVerifyTitle.java:27)
	at homepageVerifyTitle.closeBrowser(homepageVerifyTitle.java:27)
	at homepageVerifyTitle.closeBrowser(homepageVerifyTitle.java:27)
	at homepageVerifyTitle.closeBrowser(homepageVerifyTitle.java:27)
	at homepageVerifyTitle.closeBrowser(homepageVerifyTitle.java:27)
	at homepageVerifyTitle.closeBrowser(homepageVerifyTitle.java:27)
	at homepageVerifyTitle.closeBrowser(homepageVerifyTitle.java:27)
	at homepageVerifyTitle.closeBrowser(homepageVerifyTitle.java:27)
	at homepageVerifyTitle.closeBrowser(homepageVerifyTitle.java:27)
	at homepageVerifyTitle.closeBrowser(homepageVerifyTitle.java:27)
	at homepageVerifyTitle.closeBrowser(homepageVerifyTitle.java:27)
	at homepageVerifyTitle.closeBrowser(homepageVerifyTitle.java:27)
	at homepageVerifyTitle.closeBrowser(homepageVerifyTitle.java:27)
	at homepageVerifyTitle.closeBrowser(homepageVerifyTitle.java:27)
	at homepageVerifyTitle.closeBrowser(homepageVerifyTitle.java:27)
	at homepageVerifyTitle.closeBrowser(homepageVerifyTitle.java:27)
	at homepageVerifyTitle.closeBrowser(homepageVerifyTitle.java:27)
	at homepageVerifyTitle.closeBrowser(homepageVerifyTitle.java:27)
	at homepageVerifyTitle.closeBrowser(homepageVerifyTitle.java:27)
	at homepageVerifyTitle.closeBrowser(homepageVerifyTitle.java:27)
	at homepageVerifyTitle.closeBrowser(homepageVerifyTitle.java:27)
	at homepageVerifyTitle.closeBrowser(homepageVerifyTitle.java:27)
	at homepageVerifyTitle.closeBrowser(homepageVerifyTitle.java:27)
	at homepageVerifyTitle.closeBrowser(homepageVerifyTitle.java:27)
	at homepageVerifyTitle.closeBrowser(homepageVerifyTitle.java:27)
	at homepageVerifyTitle.closeBrowser(homepageVerifyTitle.java:27)
	at homepageVerifyTitle.closeBrowser(homepageVerifyTitle.java:27)
	at homepageVerifyTitle.closeBrowser(homepageVerifyTitle.java:27)
	at homepageVerifyTitle.closeBrowser(homepageVerifyTitle.java:27)
	at homepageVerifyTitle.closeBrowser(homepageVerifyTitle.java:27)
	at homepageVerifyTitle.closeBrowser(homepageVerifyTitle.java:27)
	at homepageVerifyTitle.closeBrowser(homepageVerifyTitle.java:27)
	at homepageVerifyTitle.closeBrowser(homepageVerifyTitle.java:27)
	at homepageVerifyTitle.closeBrowser(homepageVerifyTitle.java:27)
	at homepageVerifyTitle.closeBrowser(homepageVerifyTitle.java:27)
	at homepageVerifyTitle.closeBrowser(homepageVerifyTitle.java:27)
	at homepageVerifyTitle.closeBrowser(homepageVerifyTitle.java:27)
	at homepageVerifyTitle.closeBrowser(homepageVerifyTitle.java:27)
	at homepageVerifyTitle.closeBrowser(homepageVerifyTitle.java:27)
	at homepageVerifyTitle.closeBrowser(homepageVerifyTitle.java:27)
	at homepageVerifyTitle.closeBrowser(homepageVerifyTitle.java:27)
	at homepageVerifyTitle.closeBrowser(homepageVerifyTitle.java:27)
	at homepageVerifyTitle.closeBrowser(homepageVerifyTitle.java:27)
	at homepageVerifyTitle.closeBrowser(homepageVerifyTitle.java:27)
	at homepageVerifyTitle.closeBrowser(homepageVerifyTitle.java:27)
	at homepageVerifyTitle.closeBrowser(homepageVerifyTitle.java:27)
	at homepageVerifyTitle.closeBrowser(homepageVerifyTitle.java:27)
	at homepageVerifyTitle.closeBrowser(homepageVerifyTitle.java:27)
	at homepageVerifyTitle.closeBrowser(homepageVerifyTitle.java:27)
	at homepageVerifyTitle.closeBrowser(homepageVerifyTitle.java:27)
	at homepageVerifyTitle.closeBrowser(homepageVerifyTitle.java:27)
	at homepageVerifyTitle.closeBrowser(homepageVerifyTitle.java:27)
	at homepageVerifyTitle.closeBrowser(homepageVerifyTitle.java:27)
	at homepageVerifyTitle.closeBrowser(homepageVerifyTitle.java:27)
	at homepageVerifyTitle.closeBrowser(homepageVerifyTitle.java:27)
	at homepageVerifyTitle.closeBrowser(homepageVerifyTitle.java:27)
	at homepageVerifyTitle.closeBrowser(homepageVerifyTitle.java:27)
	at homepageVerifyTitle.closeBrowser(homepageVerifyTitle.java:27)
	at homepageVerifyTitle.closeBrowser(homepageVerifyTitle.java:27)
	at homepageVerifyTitle.closeBrowser(homepageVerifyTitle.java:27)
	at homepageVerifyTitle.closeBrowser(homepageVerifyTitle.java:27)
	at homepageVerifyTitle.closeBrowser(homepageVerifyTitle.java:27)
	at homepageVerifyTitle.closeBrowser(homepageVerifyTitle.java:27)
	at homepageVerifyTitle.closeBrowser(homepageVerifyTitle.java:27)
	at homepageVerifyTitle.closeBrowser(homepageVerifyTitle.java:27)
	at homepageVerifyTitle.closeBrowser(homepageVerifyTitle.java:27)
	at homepageVerifyTitle.closeBrowser(homepageVerifyTitle.java:27)
	at homepageVerifyTitle.closeBrowser(homepageVerifyTitle.java:27)
	at homepageVerifyTitle.closeBrowser(homepageVerifyTitle.java:27)
	at homepageVerifyTitle.closeBrowser(homepageVerifyTitle.java:27)
	at homepageVerifyTitle.closeBrowser(homepageVerifyTitle.java:27)
	at homepageVerifyTitle.closeBrowser(homepageVerifyTitle.java:27)
	at homepageVerifyTitle.closeBrowser(homepageVerifyTitle.java:27)
	at homepageVerifyTitle.closeBrowser(homepageVerifyTitle.java:27)
	at homepageVerifyTitle.closeBrowser(homepageVerifyTitle.java:27)
	at homepageVerifyTitle.closeBrowser(homepageVerifyTitle.java:27)
	at homepageVerifyTitle.closeBrowser(homepageVerifyTitle.java:27)
	at homepageVerifyTitle.closeBrowser(homepageVerifyTitle.java:27)
	at homepageVerifyTitle.closeBrowser(homepageVerifyTitle.java:27)
	at homepageVerifyTitle.closeBrowser(homepageVerifyTitle.java:27)
	at homepageVerifyTitle.closeBrowser(homepageVerifyTitle.java:27)
	at homepageVerifyTitle.closeBrowser(homepageVerifyTitle.java:27)
	at homepageVerifyTitle.closeBrowser(homepageVerifyTitle.java:27)
	at homepageVerifyTitle.closeBrowser(homepageVerifyTitle.java:27)
	at homepageVerifyTitle.closeBrowser(homepageVerifyTitle.java:27)
	at homepageVerifyTitle.closeBrowser(homepageVerifyTitle.java:27)
	at homepageVerifyTitle.closeBrowser(homepageVerifyTitle.java:27)
	at homepageVerifyTitle.closeBrowser(homepageVerifyTitle.java:27)
	at homepageVerifyTitle.closeBrowser(homepageVerifyTitle.java:27)
	at homepageVerifyTitle.closeBrowser(homepageVerifyTitle.java:27)
	at homepageVerifyTitle.closeBrowser(homepageVerifyTitle.java:27)
	at homepageVerifyTitle.closeBrowser(homepageVerifyTitle.java:27)
	at homepageVerifyTitle.closeBrowser(homepageVerifyTitle.java:27)
	at homepageVerifyTitle.closeBrowser(homepageVerifyTitle.java:27)
	at homepageVerifyTitle.closeBrowser(homepageVerifyTitle.java:27)
	at homepageVerifyTitle.closeBrowser(homepageVerifyTitle.java:27)
	at homepageVerifyTitle.closeBrowser(homepageVerifyTitle.java:27)
	at homepageVerifyTitle.closeBrowser(homepageVerifyTitle.java:27)
	at homepageVerifyTitle.closeBrowser(homepageVerifyTitle.java:27)
	at homepageVerifyTitle.closeBrowser(homepageVerifyTitle.java:27)
	at homepageVerifyTitle.closeBrowser(homepageVerifyTitle.java:27)
	at homepageVerifyTitle.closeBrowser(homepageVerifyTitle.java:27)
	at homepageVerifyTitle.closeBrowser(homepageVerifyTitle.java:27)
	at homepageVerifyTitle.closeBrowser(homepageVerifyTitle.java:27)
	at homepageVerifyTitle.closeBrowser(homepageVerifyTitle.java:27)
	at homepageVerifyTitle.closeBrowser(homepageVerifyTitle.java:27)
	at homepageVerifyTitle.closeBrowser(homepageVerifyTitle.java:27)
	at homepageVerifyTitle.closeBrowser(homepageVerifyTitle.java:27)
	at homepageVerifyTitle.closeBrowser(homepageVerifyTitle.java:27)
	at homepageVerifyTitle.closeBrowser(homepageVerifyTitle.java:27)
	at homepageVerifyTitle.closeBrowser(homepageVerifyTitle.java:27)
	at homepageVerifyTitle.closeBrowser(homepageVerifyTitle.java:27)
	at homepageVerifyTitle.closeBrowser(homepageVerifyTitle.java:27)
	at homepageVerifyTitle.closeBrowser(homepageVerifyTitle.java:27)
	at homepageVerifyTitle.closeBrowser(homepageVerifyTitle.java:27)
	at homepageVerifyTitle.closeBrowser(homepageVerifyTitle.java:27)
	at homepageVerifyTitle.closeBrowser(homepageVerifyTitle.java:27)
	at homepageVerifyTitle.closeBrowser(homepageVerifyTitle.java:27)
	at homepageVerifyTitle.closeBrowser(homepageVerifyTitle.java:27)
	at homepageVerifyTitle.closeBrowser(homepageVerifyTitle.java:27)
	at homepageVerifyTitle.closeBrowser(homepageVerifyTitle.java:27)
	at homepageVerifyTitle.closeBrowser(homepageVerifyTitle.java:27)
	at homepageVerifyTitle.closeBrowser(homepageVerifyTitle.java:27)
	at homepageVerifyTitle.closeBrowser(homepageVerifyTitle.java:27)
	at homepageVerifyTitle.closeBrowser(homepageVerifyTitle.java:27)
	at homepageVerifyTitle.closeBrowser(homepageVerifyTitle.java:27)
	at homepageVerifyTitle.closeBrowser(homepageVerifyTitle.java:27)
	at homepageVerifyTitle.closeBrowser(homepageVerifyTitle.java:27)
	at homepageVerifyTitle.closeBrowser(homepageVerifyTitle.java:27)
	at homepageVerifyTitle.closeBrowser(homepageVerifyTitle.java:27)
	at homepageVerifyTitle.closeBrowser(homepageVerifyTitle.java:27)
	at homepageVerifyTitle.closeBrowser(homepageVerifyTitle.java:27)
	at homepageVerifyTitle.closeBrowser(homepageVerifyTitle.java:27)
	at homepageVerifyTitle.closeBrowser(homepageVerifyTitle.java:27)
	at homepageVerifyTitle.closeBrowser(homepageVerifyTitle.java:27)
	at homepageVerifyTitle.closeBrowser(homepageVerifyTitle.java:27)
	at homepageVerifyTitle.closeBrowser(homepageVerifyTitle.java:27)
	at homepageVerifyTitle.closeBrowser(homepageVerifyTitle.java:27)
	at homepageVerifyTitle.closeBrowser(homepageVerifyTitle.java:27)
	at homepageVerifyTitle.closeBrowser(homepageVerifyTitle.java:27)
	at homepageVerifyTitle.closeBrowser(homepageVerifyTitle.java:27)
	at homepageVerifyTitle.closeBrowser(homepageVerifyTitle.java:27)
	at homepageVerifyTitle.closeBrowser(homepageVerifyTitle.java:27)
	at homepageVerifyTitle.closeBrowser(homepageVerifyTitle.java:27)
	at homepageVerifyTitle.closeBrowser(homepageVerifyTitle.java:27)
	at homepageVerifyTitle.closeBrowser(homepageVerifyTitle.java:27)
	at homepageVerifyTitle.closeBrowser(homepageVerifyTitle.java:27)
	at homepageVerifyTitle.closeBrowser(homepageVerifyTitle.java:27)
	at homepageVerifyTitle.closeBrowser(homepageVerifyTitle.java:27)
	at homepageVerifyTitle.closeBrowser(homepageVerifyTitle.java:27)
	at homepageVerifyTitle.closeBrowser(homepageVerifyTitle.java:27)
	at homepageVerifyTitle.closeBrowser(homepageVerifyTitle.java:27)
	at homepageVerifyTitle.closeBrowser(homepageVerifyTitle.java:27)
	at homepageVerifyTitle.closeBrowser(homepageVerifyTitle.java:27)
	at homepageVerifyTitle.closeBrowser(homepageVerifyTitle.java:27)
	at homepageVerifyTitle.closeBrowser(homepageVerifyTitle.java:27)
	at homepageVerifyTitle.closeBrowser(homepageVerifyTitle.java:27)
	at homepageVerifyTitle.closeBrowser(homepageVerifyTitle.java:27)
	at homepageVerifyTitle.closeBrowser(homepageVerifyTitle.java:27)
	at homepageVerifyTitle.closeBrowser(homepageVerifyTitle.java:27)
	at homepageVerifyTitle.closeBrowser(homepageVerifyTitle.java:27)
	at homepageVerifyTitle.closeBrowser(homepageVerifyTitle.java:27)
	at homepageVerifyTitle.closeBrowser(homepageVerifyTitle.java:27)
	at homepageVerifyTitle.closeBrowser(homepageVerifyTitle.java:27)
	at homepageVerifyTitle.closeBrowser(homepageVerifyTitle.java:27)
	at homepageVerifyTitle.closeBrowser(homepageVerifyTitle.java:27)
	at homepageVerifyTitle.closeBrowser(homepageVerifyTitle.java:27)
	at homepageVerifyTitle.closeBrowser(homepageVerifyTitle.java:27)
	at homepageVerifyTitle.closeBrowser(homepageVerifyTitle.java:27)
	at homepageVerifyTitle.closeBrowser(homepageVerifyTitle.java:27)
	at homepageVerifyTitle.closeBrowser(homepageVerifyTitle.java:27)
	at homepageVerifyTitle.closeBrowser(homepageVerifyTitle.java:27)
	at homepageVerifyTitle.closeBrowser(homepageVerifyTitle.java:27)
	at homepageVerifyTitle.closeBrowser(homepageVerifyTitle.java:27)
	at homepageVerifyTitle.closeBrowser(homepageVerifyTitle.java:27)
	at homepageVerifyTitle.closeBrowser(homepageVerifyTitle.java:27)
	at homepageVerifyTitle.closeBrowser(homepageVerifyTitle.java:27)
	at homepageVerifyTitle.closeBrowser(homepageVerifyTitle.java:27)
	at homepageVerifyTitle.closeBrowser(homepageVerifyTitle.java:27)
	at homepageVerifyTitle.closeBrowser(homepageVerifyTitle.java:27)
	at homepageVerifyTitle.closeBrowser(homepageVerifyTitle.java:27)
	at homepageVerifyTitle.closeBrowser(homepageVerifyTitle.java:27)
	at homepageVerifyTitle.closeBrowser(homepageVerifyTitle.java:27)
	at homepageVerifyTitle.closeBrowser(homepageVerifyTitle.java:27)
	at homepageVerifyTitle.closeBrowser(homepageVerifyTitle.java:27)
	at homepageVerifyTitle.closeBrowser(homepageVerifyTitle.java:27)
	at homepageVerifyTitle.closeBrowser(homepageVerifyTitle.java:27)
	at homepageVerifyTitle.closeBrowser(homepageVerifyTitle.java:27)
	at homepageVerifyTitle.closeBrowser(homepageVerifyTitle.java:27)
	at homepageVerifyTitle.closeBrowser(homepageVerifyTitle.java:27)
	at homepageVerifyTitle.closeBrowser(homepageVerifyTitle.java:27)
	at homepageVerifyTitle.closeBrowser(homepageVerifyTitle.java:27)
	at homepageVerifyTitle.closeBrowser(homepageVerifyTitle.java:27)
	at homepageVerifyTitle.closeBrowser(homepageVerifyTitle.java:27)
	at homepageVerifyTitle.closeBrowser(homepageVerifyTitle.java:27)
	at homepageVerifyTitle.closeBrowser(homepageVerifyTitle.java:27)
	at homepageVerifyTitle.closeBrowser(homepageVerifyTitle.java:27)
	at homepageVerifyTitle.closeBrowser(homepageVerifyTitle.java:27)
	at homepageVerifyTitle.closeBrowser(homepageVerifyTitle.java:27)
	at homepageVerifyTitle.closeBrowser(homepageVerifyTitle.java:27)
	at homepageVerifyTitle.closeBrowser(homepageVerifyTitle.java:27)
	at homepageVerifyTitle.closeBrowser(homepageVerifyTitle.java:27)
	at homepageVerifyTitle.closeBrowser(homepageVerifyTitle.java:27)
	at homepageVerifyTitle.closeBrowser(homepageVerifyTitle.java:27)
	at homepageVerifyTitle.closeBrowser(homepageVerifyTitle.java:27)
	at homepageVerifyTitle.closeBrowser(homepageVerifyTitle.java:27)
	at homepageVerifyTitle.closeBrowser(homepageVerifyTitle.java:27)
	at homepageVerifyTitle.closeBrowser(homepageVerifyTitle.java:27)
	at homepageVerifyTitle.closeBrowser(homepageVerifyTitle.java:27)
	at homepageVerifyTitle.closeBrowser(homepageVerifyTitle.java:27)
	at homepageVerifyTitle.closeBrowser(homepageVerifyTitle.java:27)
	at homepageVerifyTitle.closeBrowser(homepageVerifyTitle.java:27)
	at homepageVerifyTitle.closeBrowser(homepageVerifyTitle.java:27)
	at homepageVerifyTitle.closeBrowser(homepageVerifyTitle.java:27)
	at homepageVerifyTitle.closeBrowser(homepageVerifyTitle.java:27)
	at homepageVerifyTitle.closeBrowser(homepageVerifyTitle.java:27)
	at homepageVerifyTitle.closeBrowser(homepageVerifyTitle.java:27)
	at homepageVerifyTitle.closeBrowser(homepageVerifyTitle.java:27)
	at homepageVerifyTitle.closeBrowser(homepageVerifyTitle.java:27)
	at homepageVerifyTitle.closeBrowser(homepageVerifyTitle.java:27)
	at homepageVerifyTitle.closeBrowser(homepageVerifyTitle.java:27)
	at homepageVerifyTitle.closeBrowser(homepageVerifyTitle.java:27)
	at homepageVerifyTitle.closeBrowser(homepageVerifyTitle.java:27)
	at homepageVerifyTitle.closeBrowser(homepageVerifyTitle.java:27)
	at homepageVerifyTitle.closeBrowser(homepageVerifyTitle.java:27)
	at homepageVerifyTitle.closeBrowser(homepageVerifyTitle.java:27)
	at homepageVerifyTitle.closeBrowser(homepageVerifyTitle.java:27)
	at homepageVerifyTitle.closeBrowser(homepageVerifyTitle.java:27)
	at homepageVerifyTitle.closeBrowser(homepageVerifyTitle.java:27)
	at homepageVerifyTitle.closeBrowser(homepageVerifyTitle.java:27)
	at homepageVerifyTitle.closeBrowser(homepageVerifyTitle.java:27)
	at homepageVerifyTitle.closeBrowser(homepageVerifyTitle.java:27)
	at homepageVerifyTitle.closeBrowser(homepageVerifyTitle.java:27)
	at homepageVerifyTitle.closeBrowser(homepageVerifyTitle.java:27)
	at homepageVerifyTitle.closeBrowser(homepageVerifyTitle.java:27)
	at homepageVerifyTitle.closeBrowser(homepageVerifyTitle.java:27)
	at homepageVerifyTitle.closeBrowser(homepageVerifyTitle.java:27)
	at homepageVerifyTitle.closeBrowser(homepageVerifyTitle.java:27)
	at homepageVerifyTitle.closeBrowser(homepageVerifyTitle.java:27)
	at homepageVerifyTitle.closeBrowser(homepageVerifyTitle.java:27)
	at homepageVerifyTitle.closeBrowser(homepageVerifyTitle.java:27)
	at homepageVerifyTitle.closeBrowser(homepageVerifyTitle.java:27)
	at homepageVerifyTitle.closeBrowser(homepageVerifyTitle.java:27)
	at homepageVerifyTitle.closeBrowser(homepageVerifyTitle.java:27)
	at homepageVerifyTitle.closeBrowser(homepageVerifyTitle.java:27)
	at homepageVerifyTitle.closeBrowser(homepageVerifyTitle.java:27)
	at homepageVerifyTitle.closeBrowser(homepageVerifyTitle.java:27)
	at homepageVerifyTitle.closeBrowser(homepageVerifyTitle.java:27)
	at homepageVerifyTitle.closeBrowser(homepageVerifyTitle.java:27)
	at homepageVerifyTitle.closeBrowser(homepageVerifyTitle.java:27)
	at homepageVerifyTitle.closeBrowser(homepageVerifyTitle.java:27)
	at homepageVerifyTitle.closeBrowser(homepageVerifyTitle.java:27)
	at homepageVerifyTitle.closeBrowser(homepageVerifyTitle.java:27)
	at homepageVerifyTitle.closeBrowser(homepageVerifyTitle.java:27)
	at homepageVerifyTitle.closeBrowser(homepageVerifyTitle.java:27)
	at homepageVerifyTitle.closeBrowser(homepageVerifyTitle.java:27)
	at homepageVerifyTitle.closeBrowser(homepageVerifyTitle.java:27)
	at homepageVerifyTitle.closeBrowser(homepageVerifyTitle.java:27)
	at homepageVerifyTitle.closeBrowser(homepageVerifyTitle.java:27)
	at homepageVerifyTitle.closeBrowser(homepageVerifyTitle.java:27)
	at homepageVerifyTitle.closeBrowser(homepageVerifyTitle.java:27)
	at homepageVerifyTitle.closeBrowser(homepageVerifyTitle.java:27)
	at homepageVerifyTitle.closeBrowser(homepageVerifyTitle.java:27)
	at homepageVerifyTitle.closeBrowser(homepageVerifyTitle.java:27)
	at homepageVerifyTitle.closeBrowser(homepageVerifyTitle.java:27)
	at homepageVerifyTitle.closeBrowser(homepageVerifyTitle.java:27)
	at homepageVerifyTitle.closeBrowser(homepageVerifyTitle.java:27)
	at homepageVerifyTitle.closeBrowser(homepageVerifyTitle.java:27)
	at homepageVerifyTitle.closeBrowser(homepageVerifyTitle.java:27)
	at homepageVerifyTitle.closeBrowser(homepageVerifyTitle.java:27)
	at homepageVerifyTitle.closeBrowser(homepageVerifyTitle.java:27)
	at homepageVerifyTitle.closeBrowser(homepageVerifyTitle.java:27)
	at homepageVerifyTitle.closeBrowser(homepageVerifyTitle.java:27)
	at homepageVerifyTitle.closeBrowser(homepageVerifyTitle.java:27)
	at homepageVerifyTitle.closeBrowser(homepageVerifyTitle.java:27)
	at homepageVerifyTitle.closeBrowser(homepageVerifyTitle.java:27)
	at homepageVerifyTitle.closeBrowser(homepageVerifyTitle.java:27)
	at homepageVerifyTitle.closeBrowser(homepageVerifyTitle.java:27)
	at homepageVerifyTitle.closeBrowser(homepageVerifyTitle.java:27)
	at homepageVerifyTitle.closeBrowser(homepageVerifyTitle.java:27)
	at homepageVerifyTitle.closeBrowser(homepageVerifyTitle.java:27)
	at homepageVerifyTitle.closeBrowser(homepageVerifyTitle.java:27)
	at homepageVerifyTitle.closeBrowser(homepageVerifyTitle.java:27)
	at homepageVerifyTitle.closeBrowser(homepageVerifyTitle.java:27)
	at homepageVerifyTitle.closeBrowser(homepageVerifyTitle.java:27)
	at homepageVerifyTitle.closeBrowser(homepageVerifyTitle.java:27)
	at homepageVerifyTitle.closeBrowser(homepageVerifyTitle.java:27)
	at homepageVerifyTitle.closeBrowser(homepageVerifyTitle.java:27)
	at homepageVerifyTitle.closeBrowser(homepageVerifyTitle.java:27)
	at homepageVerifyTitle.closeBrowser(homepageVerifyTitle.java:27)
	at homepageVerifyTitle.closeBrowser(homepageVerifyTitle.java:27)
	at homepageVerifyTitle.closeBrowser(homepageVerifyTitle.java:27)
	at homepageVerifyTitle.closeBrowser(homepageVerifyTitle.java:27)
	at homepageVerifyTitle.closeBrowser(homepageVerifyTitle.java:27)
	at homepageVerifyTitle.closeBrowser(homepageVerifyTitle.java:27)
	at homepageVerifyTitle.closeBrowser(homepageVerifyTitle.java:27)
	at homepageVerifyTitle.closeBrowser(homepageVerifyTitle.java:27)
	at homepageVerifyTitle.closeBrowser(homepageVerifyTitle.java:27)
	at homepageVerifyTitle.closeBrowser(homepageVerifyTitle.java:27)
	at homepageVerifyTitle.closeBrowser(homepageVerifyTitle.java:27)
	at homepageVerifyTitle.closeBrowser(homepageVerifyTitle.java:27)
	at homepageVerifyTitle.closeBrowser(homepageVerifyTitle.java:27)
	at homepageVerifyTitle.closeBrowser(homepageVerifyTitle.java:27)
	at homepageVerifyTitle.closeBrowser(homepageVerifyTitle.java:27)
	at homepageVerifyTitle.closeBrowser(homepageVerifyTitle.java:27)
	at homepageVerifyTitle.closeBrowser(homepageVerifyTitle.java:27)
	at homepageVerifyTitle.closeBrowser(homepageVerifyTitle.java:27)
	at homepageVerifyTitle.closeBrowser(homepageVerifyTitle.java:27)
	at homepageVerifyTitle.closeBrowser(homepageVerifyTitle.java:27)
	at homepageVerifyTitle.closeBrowser(homepageVerifyTitle.java:27)
	at homepageVerifyTitle.closeBrowser(homepageVerifyTitle.java:27)
	at homepageVerifyTitle.closeBrowser(homepageVerifyTitle.java:27)
	at homepageVerifyTitle.closeBrowser(homepageVerifyTitle.java:27)
	at homepageVerifyTitle.closeBrowser(homepageVerifyTitle.java:27)
	at homepageVerifyTitle.closeBrowser(homepageVerifyTitle.java:27)
	at homepageVerifyTitle.closeBrowser(homepageVerifyTitle.java:27)
	at homepageVerifyTitle.closeBrowser(homepageVerifyTitle.java:27)
	at homepageVerifyTitle.closeBrowser(homepageVerifyTitle.java:27)
	at homepageVerifyTitle.closeBrowser(homepageVerifyTitle.java:27)
	at homepageVerifyTitle.closeBrowser(homepageVerifyTitle.java:27)
	at homepageVerifyTitle.closeBrowser(homepageVerifyTitle.java:27)
	at homepageVerifyTitle.closeBrowser(homepageVerifyTitle.java:27)
	at homepageVerifyTitle.closeBrowser(homepageVerifyTitle.java:27)
	at homepageVerifyTitle.closeBrowser(homepageVerifyTitle.java:27)
	at homepageVerifyTitle.closeBrowser(homepageVerifyTitle.java:27)
	at homepageVerifyTitle.closeBrowser(homepageVerifyTitle.java:27)
	at homepageVerifyTitle.closeBrowser(homepageVerifyTitle.java:27)
	at homepageVerifyTitle.closeBrowser(homepageVerifyTitle.java:27)
	at homepageVerifyTitle.closeBrowser(homepageVerifyTitle.java:27)
	at homepageVerifyTitle.closeBrowser(homepageVerifyTitle.java:27)
	at homepageVerifyTitle.closeBrowser(homepageVerifyTitle.java:27)
	at homepageVerifyTitle.closeBrowser(homepageVerifyTitle.java:27)
	at homepageVerifyTitle.closeBrowser(homepageVerifyTitle.java:27)
	at homepageVerifyTitle.closeBrowser(homepageVerifyTitle.java:27)
	at homepageVerifyTitle.closeBrowser(homepageVerifyTitle.java:27)
	at homepageVerifyTitle.closeBrowser(homepageVerifyTitle.java:27)
	at homepageVerifyTitle.closeBrowser(homepageVerifyTitle.java:27)
	at homepageVerifyTitle.closeBrowser(homepageVerifyTitle.java:27)
	at homepageVerifyTitle.closeBrowser(homepageVerifyTitle.java:27)
	at homepageVerifyTitle.closeBrowser(homepageVerifyTitle.java:27)
	at homepageVerifyTitle.closeBrowser(homepageVerifyTitle.java:27)
	at homepageVerifyTitle.closeBrowser(homepageVerifyTitle.java:27)
	at homepageVerifyTitle.closeBrowser(homepageVerifyTitle.java:27)
	at homepageVerifyTitle.closeBrowser(homepageVerifyTitle.java:27)
	at homepageVerifyTitle.closeBrowser(homepageVerifyTitle.java:27)
	at homepageVerifyTitle.closeBrowser(homepageVerifyTitle.java:27)
	at homepageVerifyTitle.closeBrowser(homepageVerifyTitle.java:27)
	at homepageVerifyTitle.closeBrowser(homepageVerifyTitle.java:27)
	at homepageVerifyTitle.closeBrowser(homepageVerifyTitle.java:27)
	at homepageVerifyTitle.closeBrowser(homepageVerifyTitle.java:27)
	at homepageVerifyTitle.closeBrowser(homepageVerifyTitle.java:27)
	at homepageVerifyTitle.closeBrowser(homepageVerifyTitle.java:27)
	at homepageVerifyTitle.closeBrowser(homepageVerifyTitle.java:27)
	at homepageVerifyTitle.closeBrowser(homepageVerifyTitle.java:27)
	at homepageVerifyTitle.closeBrowser(homepageVerifyTitle.java:27)
	at homepageVerifyTitle.closeBrowser(homepageVerifyTitle.java:27)
	at homepageVerifyTitle.closeBrowser(homepageVerifyTitle.java:27)
	at homepageVerifyTitle.closeBrowser(homepageVerifyTitle.java:27)
	at homepageVerifyTitle.closeBrowser(homepageVerifyTitle.java:27)
	at homepageVerifyTitle.closeBrowser(homepageVerifyTitle.java:27)
	at homepageVerifyTitle.closeBrowser(homepageVerifyTitle.java:27)
	at homepageVerifyTitle.closeBrowser(homepageVerifyTitle.java:27)
	at homepageVerifyTitle.closeBrowser(homepageVerifyTitle.java:27)
	at homepageVerifyTitle.closeBrowser(homepageVerifyTitle.java:27)
	at homepageVerifyTitle.closeBrowser(homepageVerifyTitle.java:27)
	at homepageVerifyTitle.closeBrowser(homepageVerifyTitle.java:27)
	at homepageVerifyTitle.closeBrowser(homepageVerifyTitle.java:27)
	at homepageVerifyTitle.closeBrowser(homepageVerifyTitle.java:27)
	at homepageVerifyTitle.closeBrowser(homepageVerifyTitle.java:27)
	at homepageVerifyTitle.closeBrowser(homepageVerifyTitle.java:27)
	at homepageVerifyTitle.closeBrowser(homepageVerifyTitle.java:27)
	at homepageVerifyTitle.closeBrowser(homepageVerifyTitle.java:27)
	at homepageVerifyTitle.closeBrowser(homepageVerifyTitle.java:27)
	at homepageVerifyTitle.closeBrowser(homepageVerifyTitle.java:27)
	at homepageVerifyTitle.closeBrowser(homepageVerifyTitle.java:27)
	at homepageVerifyTitle.closeBrowser(homepageVerifyTitle.java:27)
	at homepageVerifyTitle.closeBrowser(homepageVerifyTitle.java:27)
	at homepageVerifyTitle.closeBrowser(homepageVerifyTitle.java:27)
	at homepageVerifyTitle.closeBrowser(homepageVerifyTitle.java:27)
	at homepageVerifyTitle.closeBrowser(homepageVerifyTitle.java:27)
	at homepageVerifyTitle.closeBrowser(homepageVerifyTitle.java:27)
	at homepageVerifyTitle.closeBrowser(homepageVerifyTitle.java:27)
	at homepageVerifyTitle.closeBrowser(homepageVerifyTitle.java:27)
	at homepageVerifyTitle.closeBrowser(homepageVerifyTitle.java:27)
	at homepageVerifyTitle.closeBrowser(homepageVerifyTitle.java:27)
	at homepageVerifyTitle.closeBrowser(homepageVerifyTitle.java:27)
	at homepageVerifyTitle.closeBrowser(homepageVerifyTitle.java:27)
	at homepageVerifyTitle.closeBrowser(homepageVerifyTitle.java:27)
	at homepageVerifyTitle.closeBrowser(homepageVerifyTitle.java:27)
	at homepageVerifyTitle.closeBrowser(homepageVerifyTitle.java:27)
	at homepageVerifyTitle.closeBrowser(homepageVerifyTitle.java:27)
	at homepageVerifyTitle.closeBrowser(homepageVerifyTitle.java:27)
	at homepageVerifyTitle.closeBrowser(homepageVerifyTitle.java:27)
	at homepageVerifyTitle.closeBrowser(homepageVerifyTitle.java:27)
	at homepageVerifyTitle.closeBrowser(homepageVerifyTitle.java:27)
	at homepageVerifyTitle.closeBrowser(homepageVerifyTitle.java:27)
	at homepageVerifyTitle.closeBrowser(homepageVerifyTitle.java:27)
	at homepageVerifyTitle.closeBrowser(homepageVerifyTitle.java:27)
	at homepageVerifyTitle.closeBrowser(homepageVerifyTitle.java:27)
	at homepageVerifyTitle.closeBrowser(homepageVerifyTitle.java:27)
	at homepageVerifyTitle.closeBrowser(homepageVerifyTitle.java:27)
	at homepageVerifyTitle.closeBrowser(homepageVerifyTitle.java:27)
	at homepageVerifyTitle.closeBrowser(homepageVerifyTitle.java:27)
	at homepageVerifyTitle.closeBrowser(homepageVerifyTitle.java:27)
	at homepageVerifyTitle.closeBrowser(homepageVerifyTitle.java:27)
	at homepageVerifyTitle.closeBrowser(homepageVerifyTitle.java:27)
	at homepageVerifyTitle.closeBrowser(homepageVerifyTitle.java:27)
	at homepageVerifyTitle.closeBrowser(homepageVerifyTitle.java:27)
	at homepageVerifyTitle.closeBrowser(homepageVerifyTitle.java:27)
	at homepageVerifyTitle.closeBrowser(homepageVerifyTitle.java:27)
	at homepageVerifyTitle.closeBrowser(homepageVerifyTitle.java:27)
	at homepageVerifyTitle.closeBrowser(homepageVerifyTitle.java:27)
	at homepageVerifyTitle.closeBrowser(homepageVerifyTitle.java:27)
	at homepageVerifyTitle.closeBrowser(homepageVerifyTitle.java:27)
	at homepageVerifyTitle.closeBrowser(homepageVerifyTitle.java:27)
	at homepageVerifyTitle.closeBrowser(homepageVerifyTitle.java:27)
	at homepageVerifyTitle.closeBrowser(homepageVerifyTitle.java:27)
	at homepageVerifyTitle.closeBrowser(homepageVerifyTitle.java:27)
	at homepageVerifyTitle.closeBrowser(homepageVerifyTitle.java:27)
	at homepageVerifyTitle.closeBrowser(homepageVerifyTitle.java:27)
	at homepageVerifyTitle.closeBrowser(homepageVerifyTitle.java:27)
	at homepageVerifyTitle.closeBrowser(homepageVerifyTitle.java:27)
	at homepageVerifyTitle.closeBrowser(homepageVerifyTitle.java:27)
	at homepageVerifyTitle.closeBrowser(homepageVerifyTitle.java:27)
	at homepageVerifyTitle.closeBrowser(homepageVerifyTitle.java:27)
	at homepageVerifyTitle.closeBrowser(homepageVerifyTitle.java:27)
	at homepageVerifyTitle.closeBrowser(homepageVerifyTitle.java:27)
	at homepageVerifyTitle.closeBrowser(homepageVerifyTitle.java:27)
	at homepageVerifyTitle.closeBrowser(homepageVerifyTitle.java:27)
	at homepageVerifyTitle.closeBrowser(homepageVerifyTitle.java:27)
	at homepageVerifyTitle.closeBrowser(homepageVerifyTitle.java:27)
	at homepageVerifyTitle.closeBrowser(homepageVerifyTitle.java:27)
	at homepageVerifyTitle.closeBrowser(homepageVerifyTitle.java:27)
	at homepageVerifyTitle.closeBrowser(homepageVerifyTitle.java:27)
	at homepageVerifyTitle.closeBrowser(homepageVerifyTitle.java:27)
	at homepageVerifyTitle.closeBrowser(homepageVerifyTitle.java:27)
	at homepageVerifyTitle.closeBrowser(homepageVerifyTitle.java:27)
	at homepageVerifyTitle.closeBrowser(homepageVerifyTitle.java:27)
	at homepageVerifyTitle.closeBrowser(homepageVerifyTitle.java:27)
	at homepageVerifyTitle.closeBrowser(homepageVerifyTitle.java:27)
	at homepageVerifyTitle.closeBrowser(homepageVerifyTitle.java:27)
	at homepageVerifyTitle.closeBrowser(homepageVerifyTitle.java:27)
	at homepageVerifyTitle.closeBrowser(homepageVerifyTitle.java:27)
	at homepageVerifyTitle.closeBrowser(homepageVerifyTitle.java:27)
	at homepageVerifyTitle.closeBrowser(homepageVerifyTitle.java:27)
	at homepageVerifyTitle.closeBrowser(homepageVerifyTitle.java:27)
	at homepageVerifyTitle.closeBrowser(homepageVerifyTitle.java:27)
	at homepageVerifyTitle.closeBrowser(homepageVerifyTitle.java:27)
	at homepageVerifyTitle.closeBrowser(homepageVerifyTitle.java:27)
	at homepageVerifyTitle.closeBrowser(homepageVerifyTitle.java:27)
	at homepageVerifyTitle.closeBrowser(homepageVerifyTitle.java:27)
	at homepageVerifyTitle.closeBrowser(homepageVerifyTitle.java:27)
	at homepageVerifyTitle.closeBrowser(homepageVerifyTitle.java:27)
	at homepageVerifyTitle.closeBrowser(homepageVerifyTitle.java:27)
	at homepageVerifyTitle.closeBrowser(homepageVerifyTitle.java:27)
	at homepageVerifyTitle.closeBrowser(homepageVerifyTitle.java:27)
	at homepageVerifyTitle.closeBrowser(homepageVerifyTitle.java:27)
	at homepageVerifyTitle.closeBrowser(homepageVerifyTitle.java:27)
	at homepageVerifyTitle.closeBrowser(homepageVerifyTitle.java:27)
	at homepageVerifyTitle.closeBrowser(homepageVerifyTitle.java:27)
	at homepageVerifyTitle.closeBrowser(homepageVerifyTitle.java:27)
	at homepageVerifyTitle.closeBrowser(homepageVerifyTitle.java:27)
	at homepageVerifyTitle.closeBrowser(homepageVerifyTitle.java:27)
	at homepageVerifyTitle.closeBrowser(homepageVerifyTitle.java:27)
	at homepageVerifyTitle.closeBrowser(homepageVerifyTitle.java:27)
	at homepageVerifyTitle.closeBrowser(homepageVerifyTitle.java:27)
	at homepageVerifyTitle.closeBrowser(homepageVerifyTitle.java:27)
	at homepageVerifyTitle.closeBrowser(homepageVerifyTitle.java:27)
	at homepageVerifyTitle.closeBrowser(homepageVerifyTitle.java:27)
	at homepageVerifyTitle.closeBrowser(homepageVerifyTitle.java:27)
	at homepageVerifyTitle.closeBrowser(homepageVerifyTitle.java:27)
	at homepageVerifyTitle.closeBrowser(homepageVerifyTitle.java:27)
	at homepageVerifyTitle.closeBrowser(homepageVerifyTitle.java:27)
	at homepageVerifyTitle.closeBrowser(homepageVerifyTitle.java:27)
	at homepageVerifyTitle.closeBrowser(homepageVerifyTitle.java:27)
	at homepageVerifyTitle.closeBrowser(homepageVerifyTitle.java:27)
	at homepageVerifyTitle.closeBrowser(homepageVerifyTitle.java:27)
	at homepageVerifyTitle.closeBrowser(homepageVerifyTitle.java:27)
	at homepageVerifyTitle.closeBrowser(homepageVerifyTitle.java:27)
	at homepageVerifyTitle.closeBrowser(homepageVerifyTitle.java:27)
	at homepageVerifyTitle.closeBrowser(homepageVerifyTitle.java:27)
	at homepageVerifyTitle.closeBrowser(homepageVerifyTitle.java:27)
	at homepageVerifyTitle.closeBrowser(homepageVerifyTitle.java:27)
	at homepageVerifyTitle.closeBrowser(homepageVerifyTitle.java:27)
	at homepageVerifyTitle.closeBrowser(homepageVerifyTitle.java:27)
	at homepageVerifyTitle.closeBrowser(homepageVerifyTitle.java:27)
	at homepageVerifyTitle.closeBrowser(homepageVerifyTitle.java:27)
	at homepageVerifyTitle.closeBrowser(homepageVerifyTitle.java:27)
	at homepageVerifyTitle.closeBrowser(homepageVerifyTitle.java:27)
	at homepageVerifyTitle.closeBrowser(homepageVerifyTitle.java:27)
	at homepageVerifyTitle.closeBrowser(homepageVerifyTitle.java:27)
	at homepageVerifyTitle.closeBrowser(homepageVerifyTitle.java:27)
	at homepageVerifyTitle.closeBrowser(homepageVerifyTitle.java:27)
	at homepageVerifyTitle.closeBrowser(homepageVerifyTitle.java:27)
	at homepageVerifyTitle.closeBrowser(homepageVerifyTitle.java:27)
	at homepageVerifyTitle.closeBrowser(homepageVerifyTitle.java:27)
	at homepageVerifyTitle.closeBrowser(homepageVerifyTitle.java:27)
	at homepageVerifyTitle.closeBrowser(homepageVerifyTitle.java:27)
	at homepageVerifyTitle.closeBrowser(homepageVerifyTitle.java:27)
	at homepageVerifyTitle.closeBrowser(homepageVerifyTitle.java:27)
	at homepageVerifyTitle.closeBrowser(homepageVerifyTitle.java:27)
	at homepageVerifyTitle.closeBrowser(homepageVerifyTitle.java:27)
	at homepageVerifyTitle.closeBrowser(homepageVerifyTitle.java:27)
	at homepageVerifyTitle.closeBrowser(homepageVerifyTitle.java:27)
	at homepageVerifyTitle.closeBrowser(homepageVerifyTitle.java:27)
	at homepageVerifyTitle.closeBrowser(homepageVerifyTitle.java:27)
	at homepageVerifyTitle.closeBrowser(homepageVerifyTitle.java:27)
	at homepageVerifyTitle.closeBrowser(homepageVerifyTitle.java:27)
	at homepageVerifyTitle.closeBrowser(homepageVerifyTitle.java:27)
	at homepageVerifyTitle.closeBrowser(homepageVerifyTitle.java:27)
	at homepageVerifyTitle.closeBrowser(homepageVerifyTitle.java:27)
	at homepageVerifyTitle.closeBrowser(homepageVerifyTitle.java:27)
	at homepageVerifyTitle.closeBrowser(homepageVerifyTitle.java:27)
	at homepageVerifyTitle.closeBrowser(homepageVerifyTitle.java:27)
	at homepageVerifyTitle.closeBrowser(homepageVerifyTitle.java:27)
	at homepageVerifyTitle.closeBrowser(homepageVerifyTitle.java:27)
	at homepageVerifyTitle.closeBrowser(homepageVerifyTitle.java:27)
	at homepageVerifyTitle.closeBrowser(homepageVerifyTitle.java:27)
	at homepageVerifyTitle.closeBrowser(homepageVerifyTitle.java:27)
	at homepageVerifyTitle.closeBrowser(homepageVerifyTitle.java:27)
	at homepageVerifyTitle.closeBrowser(homepageVerifyTitle.java:27)
	at homepageVerifyTitle.closeBrowser(homepageVerifyTitle.java:27)
	at homepageVerifyTitle.closeBrowser(homepageVerifyTitle.java:27)
	at homepageVerifyTitle.closeBrowser(homepageVerifyTitle.java:27)
	at homepageVerifyTitle.closeBrowser(homepageVerifyTitle.java:27)
	at homepageVerifyTitle.closeBrowser(homepageVerifyTitle.java:27)
	at homepageVerifyTitle.closeBrowser(homepageVerifyTitle.java:27)
	at homepageVerifyTitle.closeBrowser(homepageVerifyTitle.java:27)
	at homepageVerifyTitle.closeBrowser(homepageVerifyTitle.java:27)
	at homepageVerifyTitle.closeBrowser(homepageVerifyTitle.java:27)
	at homepageVerifyTitle.closeBrowser(homepageVerifyTitle.java:27)
	at homepageVerifyTitle.closeBrowser(homepageVerifyTitle.java:27)
	at homepageVerifyTitle.closeBrowser(homepageVerifyTitle.java:27)
	at homepageVerifyTitle.closeBrowser(homepageVerifyTitle.java:27)
	at homepageVerifyTitle.closeBrowser(homepageVerifyTitle.java:27)
	at homepageVerifyTitle.closeBrowser(homepageVerifyTitle.java:27)
	at homepageVerifyTitle.closeBrowser(homepageVerifyTitle.java:27)
	at homepageVerifyTitle.closeBrowser(homepageVerifyTitle.java:27)
	at homepageVerifyTitle.closeBrowser(homepageVerifyTitle.java:27)
	at homepageVerifyTitle.closeBrowser(homepageVerifyTitle.java:27)
	at homepageVerifyTitle.closeBrowser(homepageVerifyTitle.java:27)
	at homepageVerifyTitle.closeBrowser(homepageVerifyTitle.java:27)
	at homepageVerifyTitle.closeBrowser(homepageVerifyTitle.java:27)
	at homepageVerifyTitle.closeBrowser(homepageVerifyTitle.java:27)
	at homepageVerifyTitle.closeBrowser(homepageVerifyTitle.java:27)
	at homepageVerifyTitle.closeBrowser(homepageVerifyTitle.java:27)
	at homepageVerifyTitle.closeBrowser(homepageVerifyTitle.java:27)
	at homepageVerifyTitle.closeBrowser(homepageVerifyTitle.java:27)
	at homepageVerifyTitle.closeBrowser(homepageVerifyTitle.java:27)
	at homepageVerifyTitle.closeBrowser(homepageVerifyTitle.java:27)
	at homepageVerifyTitle.closeBrowser(homepageVerifyTitle.java:27)
	at homepageVerifyTitle.closeBrowser(homepageVerifyTitle.java:27)
	at homepageVerifyTitle.closeBrowser(homepageVerifyTitle.java:27)
	at homepageVerifyTitle.closeBrowser(homepageVerifyTitle.java:27)
	at homepageVerifyTitle.closeBrowser(homepageVerifyTitle.java:27)
	at homepageVerifyTitle.closeBrowser(homepageVerifyTitle.java:27)
	at homepageVerifyTitle.closeBrowser(homepageVerifyTitle.java:27)
	at homepageVerifyTitle.closeBrowser(homepageVerifyTitle.java:27)
	at homepageVerifyTitle.closeBrowser(homepageVerifyTitle.java:27)
	at homepageVerifyTitle.closeBrowser(homepageVerifyTitle.java:27)
	at homepageVerifyTitle.closeBrowser(homepageVerifyTitle.java:27)
	at homepageVerifyTitle.closeBrowser(homepageVerifyTitle.java:27)
	at homepageVerifyTitle.closeBrowser(homepageVerifyTitle.java:27)
	at homepageVerifyTitle.closeBrowser(homepageVerifyTitle.java:27)
	at homepageVerifyTitle.closeBrowser(homepageVerifyTitle.java:27)
	at homepageVerifyTitle.closeBrowser(homepageVerifyTitle.java:27)
	at homepageVerifyTitle.closeBrowser(homepageVerifyTitle.java:27)
	at homepageVerifyTitle.closeBrowser(homepageVerifyTitle.java:27)
	at homepageVerifyTitle.closeBrowser(homepageVerifyTitle.java:27)
	at homepageVerifyTitle.closeBrowser(homepageVerifyTitle.java:27)
	at homepageVerifyTitle.closeBrowser(homepageVerifyTitle.java:27)
	at homepageVerifyTitle.closeBrowser(homepageVerifyTitle.java:27)
	at homepageVerifyTitle.closeBrowser(homepageVerifyTitle.java:27)
	at homepageVerifyTitle.closeBrowser(homepageVerifyTitle.java:27)
	at homepageVerifyTitle.closeBrowser(homepageVerifyTitle.java:27)
	at homepageVerifyTitle.closeBrowser(homepageVerifyTitle.java:27)
	at homepageVerifyTitle.closeBrowser(homepageVerifyTitle.java:27)
	at homepageVerifyTitle.closeBrowser(homepageVerifyTitle.java:27)
	at homepageVerifyTitle.closeBrowser(homepageVerifyTitle.java:27)
	at homepageVerifyTitle.closeBrowser(homepageVerifyTitle.java:27)
	at homepageVerifyTitle.closeBrowser(homepageVerifyTitle.java:27)
	at homepageVerifyTitle.closeBrowser(homepageVerifyTitle.java:27)
	at homepageVerifyTitle.closeBrowser(homepageVerifyTitle.java:27)
	at homepageVerifyTitle.closeBrowser(homepageVerifyTitle.java:27)
	at homepageVerifyTitle.closeBrowser(homepageVerifyTitle.java:27)
	at homepageVerifyTitle.closeBrowser(homepageVerifyTitle.java:27)
	at homepageVerifyTitle.closeBrowser(homepageVerifyTitle.java:27)
	at homepageVerifyTitle.closeBrowser(homepageVerifyTitle.java:27)
	at homepageVerifyTitle.closeBrowser(homepageVerifyTitle.java:27)
	at homepageVerifyTitle.closeBrowser(homepageVerifyTitle.java:27)
	at homepageVerifyTitle.closeBrowser(homepageVerifyTitle.java:27)
	at homepageVerifyTitle.closeBrowser(homepageVerifyTitle.java:27)
	at homepageVerifyTitle.closeBrowser(homepageVerifyTitle.java:27)
	at homepageVerifyTitle.closeBrowser(homepageVerifyTitle.java:27)
	at homepageVerifyTitle.closeBrowser(homepageVerifyTitle.java:27)
	at homepageVerifyTitle.closeBrowser(homepageVerifyTitle.java:27)
	at homepageVerifyTitle.closeBrowser(homepageVerifyTitle.java:27)
	at homepageVerifyTitle.closeBrowser(homepageVerifyTitle.java:27)
	at homepageVerifyTitle.closeBrowser(homepageVerifyTitle.java:27)
	at homepageVerifyTitle.closeBrowser(homepageVerifyTitle.java:27)
	at homepageVerifyTitle.closeBrowser(homepageVerifyTitle.java:27)
	at homepageVerifyTitle.closeBrowser(homepageVerifyTitle.java:27)
	at homepageVerifyTitle.closeBrowser(homepageVerifyTitle.java:27)
	at homepageVerifyTitle.closeBrowser(homepageVerifyTitle.java:27)
	at homepageVerifyTitle.closeBrowser(homepageVerifyTitle.java:27)
	at homepageVerifyTitle.closeBrowser(homepageVerifyTitle.java:27)
	at homepageVerifyTitle.closeBrowser(homepageVerifyTitle.java:27)
	at homepageVerifyTitle.closeBrowser(homepageVerifyTitle.java:27)
	at homepageVerifyTitle.closeBrowser(homepageVerifyTitle.java:27)
	at homepageVerifyTitle.closeBrowser(homepageVerifyTitle.java:27)
	at homepageVerifyTitle.closeBrowser(homepageVerifyTitle.java:27)
	at homepageVerifyTitle.closeBrowser(homepageVerifyTitle.java:27)
	at homepageVerifyTitle.closeBrowser(homepageVerifyTitle.java:27)
	at homepageVerifyTitle.closeBrowser(homepageVerifyTitle.java:27)
	at homepageVerifyTitle.closeBrowser(homepageVerifyTitle.java:27)
	at homepageVerifyTitle.closeBrowser(homepageVerifyTitle.java:27)
	at homepageVerifyTitle.closeBrowser(homepageVerifyTitle.java:27)
	at homepageVerifyTitle.closeBrowser(homepageVerifyTitle.java:27)
	at homepageVerifyTitle.closeBrowser(homepageVerifyTitle.java:27)
	at homepageVerifyTitle.closeBrowser(homepageVerifyTitle.java:27)
	at homepageVerifyTitle.closeBrowser(homepageVerifyTitle.java:27)
	at homepageVerifyTitle.closeBrowser(homepageVerifyTitle.java:27)
	at homepageVerifyTitle.closeBrowser(homepageVerifyTitle.java:27)
	at homepageVerifyTitle.closeBrowser(homepageVerifyTitle.java:27)
	at homepageVerifyTitle.closeBrowser(homepageVerifyTitle.java:27)
	at homepageVerifyTitle.closeBrowser(homepageVerifyTitle.java:27)
	at homepageVerifyTitle.closeBrowser(homepageVerifyTitle.java:27)
	at homepageVerifyTitle.closeBrowser(homepageVerifyTitle.java:27)
	at homepageVerifyTitle.closeBrowser(homepageVerifyTitle.java:27)
	at homepageVerifyTitle.closeBrowser(homepageVerifyTitle.java:27)
	at homepageVerifyTitle.closeBrowser(homepageVerifyTitle.java:27)
	at homepageVerifyTitle.closeBrowser(homepageVerifyTitle.java:27)
	at homepageVerifyTitle.closeBrowser(homepageVerifyTitle.java:27)
	at homepageVerifyTitle.closeBrowser(homepageVerifyTitle.java:27)
	at homepageVerifyTitle.closeBrowser(homepageVerifyTitle.java:27)
	at homepageVerifyTitle.closeBrowser(homepageVerifyTitle.java:27)
	at homepageVerifyTitle.closeBrowser(homepageVerifyTitle.java:27)
	at homepageVerifyTitle.closeBrowser(homepageVerifyTitle.java:27)
	at homepageVerifyTitle.closeBrowser(homepageVerifyTitle.java:27)
	at homepageVerifyTitle.closeBrowser(homepageVerifyTitle.java:27)
	at homepageVerifyTitle.closeBrowser(homepageVerifyTitle.java:27)
	at homepageVerifyTitle.closeBrowser(homepageVerifyTitle.java:27)
	at homepageVerifyTitle.closeBrowser(homepageVerifyTitle.java:27)
	at homepageVerifyTitle.closeBrowser(homepageVerifyTitle.java:27)
	at homepageVerifyTitle.closeBrowser(homepageVerifyTitle.java:27)
	at homepageVerifyTitle.closeBrowser(homepageVerifyTitle.java:27)
	at homepageVerifyTitle.closeBrowser(homepageVerifyTitle.java:27)
	at homepageVerifyTitle.closeBrowser(homepageVerifyTitle.java:27)
	at homepageVerifyTitle.closeBrowser(homepageVerifyTitle.java:27)
	at homepageVerifyTitle.closeBrowser(homepageVerifyTitle.java:27)
	at homepageVerifyTitle.closeBrowser(homepageVerifyTitle.java:27)
	at homepageVerifyTitle.closeBrowser(homepageVerifyTitle.java:27)
	at homepageVerifyTitle.closeBrowser(homepageVerifyTitle.java:27)
	at homepageVerifyTitle.closeBrowser(homepageVerifyTitle.java:27)
	at homepageVerifyTitle.closeBrowser(homepageVerifyTitle.java:27)
	at homepageVerifyTitle.closeBrowser(homepageVerifyTitle.java:27)
	at homepageVerifyTitle.closeBrowser(homepageVerifyTitle.java:27)
	at homepageVerifyTitle.closeBrowser(homepageVerifyTitle.java:27)
	at homepageVerifyTitle.closeBrowser(homepageVerifyTitle.java:27)
	at homepageVerifyTitle.closeBrowser(homepageVerifyTitle.java:27)
	at homepageVerifyTitle.closeBrowser(homepageVerifyTitle.java:27)
	at homepageVerifyTitle.closeBrowser(homepageVerifyTitle.java:27)
	at homepageVerifyTitle.closeBrowser(homepageVerifyTitle.java:27)
	at homepageVerifyTitle.closeBrowser(homepageVerifyTitle.java:27)
	at homepageVerifyTitle.closeBrowser(homepageVerifyTitle.java:27)
	at homepageVerifyTitle.closeBrowser(homepageVerifyTitle.java:27)
	at homepageVerifyTitle.closeBrowser(homepageVerifyTitle.java:27)
	at homepageVerifyTitle.closeBrowser(homepageVerifyTitle.java:27)
	at homepageVerifyTitle.closeBrowser(homepageVerifyTitle.java:27)
	at homepageVerifyTitle.closeBrowser(homepageVerifyTitle.java:27)
	at homepageVerifyTitle.closeBrowser(homepageVerifyTitle.java:27)
	at homepageVerifyTitle.closeBrowser(homepageVerifyTitle.java:27)
	at homepageVerifyTitle.closeBrowser(homepageVerifyTitle.java:27)
	at homepageVerifyTitle.closeBrowser(homepageVerifyTitle.java:27)
	at homepageVerifyTitle.closeBrowser(homepageVerifyTitle.java:27)
	at homepageVerifyTitle.closeBrowser(homepageVerifyTitle.java:27)
	at homepageVerifyTitle.closeBrowser(homepageVerifyTitle.java:27)
	at homepageVerifyTitle.closeBrowser(homepageVerifyTitle.java:27)

