<?xml version="1.0" encoding="UTF-8"?>
<testsuite xmlns:xsi="http://www.w3.org/2001/XMLSchema-instance" xsi:noNamespaceSchemaLocation="https://maven.apache.org/surefire/maven-surefire-plugin/xsd/surefire-test-report-3.0.xsd" version="3.0" name="TestSuite" time="54.52" tests="2" errors="0" skipped="0" failures="1">
  <properties>
[...]
</properties>
  <testcase name="homepageVerifyTitle" classname="homepageVerifyTitle" time="37.719"/>
  <testcase name="closeBrowser" classname="homepageVerifyTitle" time="37.773">
    <failure type="java.lang.StackOverflowError">java.lang.StackOverflowError
	at homepageVerifyTitle.closeBrowser(homepageVerifyTitle.java:27)
	at homepageVerifyTitle.closeBrowser(homepageVerifyTitle.java:27)
	at homepageVerifyTitle.closeBrowser(homepageVerifyTitle.java:27)
	at homepageVerifyTitle.closeBrowser(homepageVerifyTitle.java:27)
	at homepageVerifyTitle.closeBrowser(homepageVerifyTitle.java:27)
	at homepageVerifyTitle.closeBrowser(homepageVerifyTitle.java:27)
	at homepageVerifyTitle.closeBrowser(homepageVerifyTitle.java:27)
	at homepageVerifyTitle.closeBrowser(homepageVerifyTitle.java:27)
	at homepageVerifyTitle.closeBrowser(homepageVerifyTitle.java:27)
	at homepageVerifyTitle.closeBrowser(homepageVerifyTitle.java:27)
	at homepageVerifyTitle.closeBrowser(homepageVerifyTitle.java:27)
	at homepageVerifyTitle.closeBrowser(homepageVerifyTitle.java:27)
	at homepageVerifyTitle.closeBrowser(homepageVerifyTitle.java:27)
	at homepageVerifyTitle.closeBrowser(homepageVerifyTitle.java:27)
	at homepageVerifyTitle.closeBrowser(homepageVerifyTitle.java:27)
	at homepageVerifyTitle.closeBrowser(homepageVerifyTitle.java:27)
	at homepageVerifyTitle.closeBrowser(homepageVerifyTitle.java:27)
	at homepageVerifyTitle.closeBrowser(homepageVerifyTitle.java:27)
	at homepageVerifyTitle.closeBrowser(homepageVerifyTitle.java:27)
	at homepageVerifyTitle.closeBrowser(homepageVerifyTitle.java:27)
	at homepageVerifyTitle.closeBrowser(homepageVerifyTitle.java:27)
	at homepageVerifyTitle.closeBrowser(homepageVerifyTitle.java:27)
	at homepageVerifyTitle.closeBrowser(homepageVerifyTitle.java:27)
	at homepageVerifyTitle.closeBrowser(homepageVerifyTitle.java:27)
	at homepageVerifyTitle.closeBrowser(homepageVerifyTitle.java:27)
	at homepageVerifyTitle.closeBrowser(homepageVerifyTitle.java:27)
	at homepageVerifyTitle.closeBrowser(homepageVerifyTitle.java:27)
	at homepageVerifyTitle.closeBrowser(homepageVerifyTitle.java:27)
	at homepageVerifyTitle.closeBrowser(homepageVerifyTitle.java:27)
	at homepageVerifyTitle.closeBrowser(homepageVerifyTitle.java:27)
	at homepageVerifyTitle.closeBrowser(homepageVerifyTitle.java:27)
	at homepageVerifyTitle.closeBrowser(homepageVerifyTitle.java:27)
	at homepageVerifyTitle.closeBrowser(homepageVerifyTitle.java:27)
	at homepageVerifyTitle.closeBrowser(homepageVerifyTitle.java:27)
	at homepageVerifyTitle.closeBrowser(homepageVerifyTitle.java:27)
	at homepageVerifyTitle.closeBrowser(homepageVerifyTitle.java:27)
	at homepageVerifyTitle.closeBrowser(homepageVerifyTitle.java:27)
	at homepageVerifyTitle.closeBrowser(homepageVerifyTitle.java:27)
	at homepageVerifyTitle.closeBrowser(homepageVerifyTitle.java:27)
	at homepageVerifyTitle.closeBrowser(homepageVerifyTitle.java:27)
	at homepageVerifyTitle.closeBrowser(homepageVerifyTitle.java:27)
	at homepageVerifyTitle.closeBrowser(homepageVerifyTitle.java:27)
	at homepageVerifyTitle.closeBrowser(homepageVerifyTitle.java:27)
	at homepageVerifyTitle.closeBrowser(homepageVerifyTitle.java:27)
	at homepageVerifyTitle.closeBrowser(homepageVerifyTitle.java:27)
	at homepageVerifyTitle.closeBrowser(homepageVerifyTitle.java:27)
	at homepageVerifyTitle.closeBrowser(homepageVerifyTitle.java:27)
	at homepageVerifyTitle.closeBrowser(homepageVerifyTitle.java:27)
	at homepageVerifyTitle.closeBrowser(homepageVerifyTitle.java:27)
	at homepageVerifyTitle.closeBrowser(homepageVerifyTitle.java:27)
	at homepageVerifyTitle.closeBrowser(homepageVerifyTitle.java:27)
	at homepageVerifyTitle.closeBrowser(homepageVerifyTitle.java:27)
	at homepageVerifyTitle.closeBrowser(homepageVerifyTitle.java:27)
	at homepageVerifyTitle.closeBrowser(homepageVerifyTitle.java:27)
	at homepageVerifyTitle.closeBrowser(homepageVerifyTitle.java:27)
	at homepageVerifyTitle.closeBrowser(homepageVerifyTitle.java:27)
	at homepageVerifyTitle.closeBrowser(homepageVerifyTitle.java:27)
	at homepageVerifyTitle.closeBrowser(homepageVerifyTitle.java:27)
	at homepageVerifyTitle.closeBrowser(homepageVerifyTitle.java:27)
	at homepageVerifyTitle.closeBrowser(homepageVerifyTitle.java:27)
	at homepageVerifyTitle.closeBrowser(homepageVerifyTitle.java:27)
	at homepageVerifyTitle.closeBrowser(homepageVerifyTitle.java:27)
	at homepageVerifyTitle.closeBrowser(homepageVerifyTitle.java:27)
	at homepageVerifyTitle.closeBrowser(homepageVerifyTitle.java:27)
	at homepageVerifyTitle.closeBrowser(homepageVerifyTitle.java:27)
	at homepageVerifyTitle.closeBrowser(homepageVerifyTitle.java:27)
	at homepageVerifyTitle.closeBrowser(homepageVerifyTitle.java:27)
	at homepageVerifyTitle.closeBrowser(homepageVerifyTitle.java:27)
	at homepageVerifyTitle.closeBrowser(homepageVerifyTitle.java:27)
	at homepageVerifyTitle.closeBrowser(homepageVerifyTitle.java:27)
	at homepageVerifyTitle.closeBrowser(homepageVerifyTitle.java:27)
	at homepageVerifyTitle.closeBrowser(homepageVerifyTitle.java:27)
	at homepageVerifyTitle.closeBrowser(homepageVerifyTitle.java:27)
	at homepageVerifyTitle.closeBrowser(homepageVerifyTitle.java:27)
	at homepageVerifyTitle.closeBrowser(homepageVerifyTitle.java:27)
	at homepageVerifyTitle.closeBrowser(homepageVerifyTitle.java:27)
	at homepageVerifyTitle.closeBrowser(homepageVerifyTitle.java:27)
	at homepageVerifyTitle.closeBrowser(homepageVerifyTitle.java:27)
	at homepageVerifyTitle.closeBrowser(homepageVerifyTitle.java:27)
	at homepageVerifyTitle.closeBrowser(homepageVerifyTitle.java:27)
	at homepageVerifyTitle.closeBrowser(homepageVerifyTitle.java:27)
	at homepageVerifyTitle.closeBrowser(homepageVerifyTitle.java:27)
	at homepageVerifyTitle.closeBrowser(homepageVerifyTitle.java:27)
	at homepageVerifyTitle.closeBrowser(homepageVerifyTitle.java:27)
	at homepageVerifyTitle.closeBrowser(homepageVerifyTitle.java:27)
	at homepageVerifyTitle.closeBrowser(homepageVerifyTitle.java:27)
	at homepageVerifyTitle.closeBrowser(homepageVerifyTitle.java:27)
	at homepageVerifyTitle.closeBrowser(homepageVerifyTitle.java:27)
	at homepageVerifyTitle.closeBrowser(homepageVerifyTitle.java:27)
	at homepageVerifyTitle.closeBrowser(homepageVerifyTitle.java:27)
	at homepageVerifyTitle.closeBrowser(homepageVerifyTitle.java:27)
	at homepageVerifyTitle.closeBrowser(homepageVerifyTitle.java:27)
	at homepageVerifyTitle.closeBrowser(homepageVerifyTitle.java:27)
	at homepageVerifyTitle.closeBrowser(homepageVerifyTitle.java:27)
	at homepageVerifyTitle.closeBrowser(homepageVerifyTitle.java:27)
	at homepageVerifyTitle.closeBrowser(homepageVerifyTitle.java:27)
	at homepageVerifyTitle.closeBrowser(homepageVerifyTitle.java:27)
	at homepageVerifyTitle.closeBrowser(homepageVerifyTitle.java:27)
	at homepageVerifyTitle.closeBrowser(homepageVerifyTitle.java:27)
	at homepageVerifyTitle.closeBrowser(homepageVerifyTitle.java:27)
	at homepageVerifyTitle.closeBrowser(homepageVerifyTitle.java:27)
	at homepageVerifyTitle.closeBrowser(homepageVerifyTitle.java:27)
	at homepageVerifyTitle.closeBrowser(homepageVerifyTitle.java:27)
	at homepageVerifyTitle.closeBrowser(homepageVerifyTitle.java:27)
	at homepageVerifyTitle.closeBrowser(homepageVerifyTitle.java:27)
	at homepageVerifyTitle.closeBrowser(homepageVerifyTitle.java:27)
	at homepageVerifyTitle.closeBrowser(homepageVerifyTitle.java:27)
	at homepageVerifyTitle.closeBrowser(homepageVerifyTitle.java:27)
	at homepageVerifyTitle.closeBrowser(homepageVerifyTitle.java:27)
	at homepageVerifyTitle.closeBrowser(homepageVerifyTitle.java:27)
	at homepageVerifyTitle.closeBrowser(homepageVerifyTitle.java:27)
	at homepageVerifyTitle.closeBrowser(homepageVerifyTitle.java:27)
	at homepageVerifyTitle.closeBrowser(homepageVerifyTitle.java:27)
	at homepageVerifyTitle.closeBrowser(homepageVerifyTitle.java:27)
	at homepageVerifyTitle.closeBrowser(homepageVerifyTitle.java:27)
	at homepageVerifyTitle.closeBrowser(homepageVerifyTitle.java:27)
	at homepageVerifyTitle.closeBrowser(homepageVerifyTitle.java:27)
	at homepageVerifyTitle.closeBrowser(homepageVerifyTitle.java:27)
	at homepageVerifyTitle.closeBrowser(homepageVerifyTitle.java:27)
	at homepageVerifyTitle.closeBrowser(homepageVerifyTitle.java:27)
	at homepageVerifyTitle.closeBrowser(homepageVerifyTitle.java:27)
	at homepageVerifyTitle.closeBrowser(homepageVerifyTitle.java:27)
	at homepageVerifyTitle.closeBrowser(homepageVerifyTitle.java:27)
	at homepageVerifyTitle.closeBrowser(homepageVerifyTitle.java:27)
	at homepageVerifyTitle.closeBrowser(homepageVerifyTitle.java:27)
	at homepageVerifyTitle.closeBrowser(homepageVerifyTitle.java:27)
	at homepageVerifyTitle.closeBrowser(homepageVerifyTitle.java:27)
	at homepageVerifyTitle.closeBrowser(homepageVerifyTitle.java:27)
	at homepageVerifyTitle.closeBrowser(homepageVerifyTitle.java:27)
	at homepageVerifyTitle.closeBrowser(homepageVerifyTitle.java:27)
	at homepageVerifyTitle.closeBrowser(homepageVerifyTitle.java:27)
	at homepageVerifyTitle.closeBrowser(homepageVerifyTitle.java:27)
	at homepageVerifyTitle.closeBrowser(homepageVerifyTitle.java:27)
	at homepageVerifyTitle.closeBrowser(homepageVerifyTitle.java:27)
	at homepageVerifyTitle.closeBrowser(homepageVerifyTitle.java:27)
	at homepageVerifyTitle.closeBrowser(homepageVerifyTitle.java:27)
	at homepageVerifyTitle.closeBrowser(homepageVerifyTitle.java:27)
	at homepageVerifyTitle.closeBrowser(homepageVerifyTitle.java:27)
	at homepageVerifyTitle.closeBrowser(homepageVerifyTitle.java:27)
	at homepageVerifyTitle.closeBrowser(homepageVerifyTitle.java:27)
	at homepageVerifyTitle.closeBrowser(homepageVerifyTitle.java:27)
	at homepageVerifyTitle.closeBrowser(homepageVerifyTitle.java:27)
	at homepageVerifyTitle.closeBrowser(homepageVerifyTitle.java:27)
	at homepageVerifyTitle.closeBrowser(homepageVerifyTitle.java:27)
	at homepageVerifyTitle.closeBrowser(homepageVerifyTitle.java:27)
	at homepageVerifyTitle.closeBrowser(homepageVerifyTitle.java:27)
	at homepageVerifyTitle.closeBrowser(homepageVerifyTitle.java:27)
	at homepageVerifyTitle.closeBrowser(homepageVerifyTitle.java:27)
	at homepageVerifyTitle.closeBrowser(homepageVerifyTitle.java:27)
	at homepageVerifyTitle.closeBrowser(homepageVerifyTitle.java:27)
	at homepageVerifyTitle.closeBrowser(homepageVerifyTitle.java:27)
	at homepageVerifyTitle.closeBrowser(homepageVerifyTitle.java:27)
	at homepageVerifyTitle.closeBrowser(homepageVerifyTitle.java:27)
	at homepageVerifyTitle.closeBrowser(homepageVerifyTitle.java:27)
	at homepageVerifyTitle.closeBrowser(homepageVerifyTitle.java:27)
	at homepageVerifyTitle.closeBrowser(homepageVerifyTitle.java:27)
	at homepageVerifyTitle.closeBrowser(homepageVerifyTitle.java:27)
	at homepageVerifyTitle.closeBrowser(homepageVerifyTitle.java:27)
	at homepageVerifyTitle.closeBrowser(homepageVerifyTitle.java:27)
	at homepageVerifyTitle.closeBrowser(homepageVerifyTitle.java:27)
	at homepageVerifyTitle.closeBrowser(homepageVerifyTitle.java:27)
	at homepageVerifyTitle.closeBrowser(homepageVerifyTitle.java:27)
	at homepageVerifyTitle.closeBrowser(homepageVerifyTitle.java:27)
	at homepageVerifyTitle.closeBrowser(homepageVerifyTitle.java:27)
	at homepageVerifyTitle.closeBrowser(homepageVerifyTitle.java:27)
	at homepageVerifyTitle.closeBrowser(homepageVerifyTitle.java:27)
	at homepageVerifyTitle.closeBrowser(homepageVerifyTitle.java:27)
	at homepageVerifyTitle.closeBrowser(homepageVerifyTitle.java:27)
	at homepageVerifyTitle.closeBrowser(homepageVerifyTitle.java:27)
	at homepageVerifyTitle.closeBrowser(homepageVerifyTitle.java:27)
	at homepageVerifyTitle.closeBrowser(homepageVerifyTitle.java:27)
	at homepageVerifyTitle.closeBrowser(homepageVerifyTitle.java:27)
	at homepageVerifyTitle.closeBrowser(homepageVerifyTitle.java:27)
	at homepageVerifyTitle.closeBrowser(homepageVerifyTitle.java:27)
	at homepageVerifyTitle.closeBrowser(homepageVerifyTitle.java:27)
	at homepageVerifyTitle.closeBrowser(homepageVerifyTitle.java:27)
	at homepageVerifyTitle.closeBrowser(homepageVerifyTitle.java:27)
	at homepageVerifyTitle.closeBrowser(homepageVerifyTitle.java:27)
	at homepageVerifyTitle.closeBrowser(homepageVerifyTitle.java:27)
	at homepageVerifyTitle.closeBrowser(homepageVerifyTitle.java:27)
	at homepageVerifyTitle.closeBrowser(homepageVerifyTitle.java:27)
	at homepageVerifyTitle.closeBrowser(homepageVerifyTitle.java:27)
	at homepageVerifyTitle.closeBrowser(homepageVerifyTitle.java:27)
	at homepageVerifyTitle.closeBrowser(homepageVerifyTitle.java:27)
	at homepageVerifyTitle.closeBrowser(homepageVerifyTitle.java:27)
	at homepageVerifyTitle.closeBrowser(homepageVerifyTitle.java:27)
	at homepageVerifyTitle.closeBrowser(homepageVerifyTitle.java:27)
	at homepageVerifyTitle.closeBrowser(homepageVerifyTitle.java:27)
	at homepageVerifyTitle.closeBrowser(homepageVerifyTitle.java:27)
	at homepageVerifyTitle.closeBrowser(homepageVerifyTitle.java:27)
	at homepageVerifyTitle.closeBrowser(homepageVerifyTitle.java:27)
	at homepageVerifyTitle.closeBrowser(homepageVerifyTitle.java:27)
	at homepageVerifyTitle.closeBrowser(homepageVerifyTitle.java:27)
	at homepageVerifyTitle.closeBrowser(homepageVerifyTitle.java:27)
	at homepageVerifyTitle.closeBrowser(homepageVerifyTitle.java:27)
	at homepageVerifyTitle.closeBrowser(homepageVerifyTitle.java:27)
	at homepageVerifyTitle.closeBrowser(homepageVerifyTitle.java:27)
	at homepageVerifyTitle.closeBrowser(homepageVerifyTitle.java:27)
	at homepageVerifyTitle.closeBrowser(homepageVerifyTitle.java:27)
	at homepageVerifyTitle.closeBrowser(homepageVerifyTitle.java:27)
	at homepageVerifyTitle.closeBrowser(homepageVerifyTitle.java:27)
	at homepageVerifyTitle.closeBrowser(homepageVerifyTitle.java:27)
	at homepageVerifyTitle.closeBrowser(homepageVerifyTitle.java:27)
	at homepageVerifyTitle.closeBrowser(homepageVerifyTitle.java:27)
	at homepageVerifyTitle.closeBrowser(homepageVerifyTitle.java:27)
	at homepageVerifyTitle.closeBrowser(homepageVerifyTitle.java:27)
	at homepageVerifyTitle.closeBrowser(homepageVerifyTitle.java:27)
	at homepageVerifyTitle.closeBrowser(homepageVerifyTitle.java:27)
	at homepageVerifyTitle.closeBrowser(homepageVerifyTitle.java:27)
	at homepageVerifyTitle.closeBrowser(homepageVerifyTitle.java:27)
	at homepageVerifyTitle.closeBrowser(homepageVerifyTitle.java:27)
	at homepageVerifyTitle.closeBrowser(homepageVerifyTitle.java:27)
	at homepageVerifyTitle.closeBrowser(homepageVerifyTitle.java:27)
	at homepageVerifyTitle.closeBrowser(homepageVerifyTitle.java:27)
	at homepageVerifyTitle.closeBrowser(homepageVerifyTitle.java:27)
	at homepageVerifyTitle.closeBrowser(homepageVerifyTitle.java:27)
	at homepageVerifyTitle.closeBrowser(homepageVerifyTitle.java:27)
	at homepageVerifyTitle.closeBrowser(homepageVerifyTitle.java:27)
	at homepageVerifyTitle.closeBrowser(homepageVerifyTitle.java:27)
	at homepageVerifyTitle.closeBrowser(homepageVerifyTitle.java:27)
	at homepageVerifyTitle.closeBrowser(homepageVerifyTitle.java:27)
	at homepageVerifyTitle.closeBrowser(homepageVerifyTitle.java:27)
	at homepageVerifyTitle.closeBrowser(homepageVerifyTitle.java:27)
	at homepageVerifyTitle.closeBrowser(homepageVerifyTitle.java:27)
	at homepageVerifyTitle.closeBrowser(homepageVerifyTitle.java:27)
	at homepageVerifyTitle.closeBrowser(homepageVerifyTitle.java:27)
	at homepageVerifyTitle.closeBrowser(homepageVerifyTitle.java:27)
	at homepageVerifyTitle.closeBrowser(homepageVerifyTitle.java:27)
	at homepageVerifyTitle.closeBrowser(homepageVerifyTitle.java:27)
	at homepageVerifyTitle.closeBrowser(homepageVerifyTitle.java:27)
	at homepageVerifyTitle.closeBrowser(homepageVerifyTitle.java:27)
	at homepageVerifyTitle.closeBrowser(homepageVerifyTitle.java:27)
	at homepageVerifyTitle.closeBrowser(homepageVerifyTitle.java:27)
	at homepageVerifyTitle.closeBrowser(homepageVerifyTitle.java:27)
	at homepageVerifyTitle.closeBrowser(homepageVerifyTitle.java:27)
	at homepageVerifyTitle.closeBrowser(homepageVerifyTitle.java:27)
	at homepageVerifyTitle.closeBrowser(homepageVerifyTitle.java:27)
	at homepageVerifyTitle.closeBrowser(homepageVerifyTitle.java:27)
	at homepageVerifyTitle.closeBrowser(homepageVerifyTitle.java:27)
	at homepageVerifyTitle.closeBrowser(homepageVerifyTitle.java:27)
	at homepageVerifyTitle.closeBrowser(homepageVerifyTitle.java:27)
	at homepageVerifyTitle.closeBrowser(homepageVerifyTitle.java:27)
	at homepageVerifyTitle.closeBrowser(homepageVerifyTitle.java:27)
	at homepageVerifyTitle.closeBrowser(homepageVerifyTitle.java:27)
	at homepageVerifyTitle.closeBrowser(homepageVerifyTitle.java:27)
	at homepageVerifyTitle.closeBrowser(homepageVerifyTitle.java:27)
	at homepageVerifyTitle.closeBrowser(homepageVerifyTitle.java:27)
	at homepageVerifyTitle.closeBrowser(homepageVerifyTitle.java:27)
	at homepageVerifyTitle.closeBrowser(homepageVerifyTitle.java:27)
	at homepageVerifyTitle.closeBrowser(homepageVerifyTitle.java:27)
	at homepageVerifyTitle.closeBrowser(homepageVerifyTitle.java:27)
	at homepageVerifyTitle.closeBrowser(homepageVerifyTitle.java:27)
	at homepageVerifyTitle.closeBrowser(homepageVerifyTitle.java:27)
	at homepageVerifyTitle.closeBrowser(homepageVerifyTitle.java:27)
	at homepageVerifyTitle.closeBrowser(homepageVerifyTitle.java:27)
	at homepageVerifyTitle.closeBrowser(homepageVerifyTitle.java:27)
	at homepageVerifyTitle.closeBrowser(homepageVerifyTitle.java:27)
	at homepageVerifyTitle.closeBrowser(homepageVerifyTitle.java:27)
	at homepageVerifyTitle.closeBrowser(homepageVerifyTitle.java:27)
	at homepageVerifyTitle.closeBrowser(homepageVerifyTitle.java:27)
	at homepageVerifyTitle.closeBrowser(homepageVerifyTitle.java:27)
	at homepageVerifyTitle.closeBrowser(homepageVerifyTitle.java:27)
	at homepageVerifyTitle.closeBrowser(homepageVerifyTitle.java:27)
	at homepageVerifyTitle.closeBrowser(homepageVerifyTitle.java:27)
	at homepageVerifyTitle.closeBrowser(homepageVerifyTitle.java:27)
	at homepageVerifyTitle.closeBrowser(homepageVerifyTitle.java:27)
	at homepageVerifyTitle.closeBrowser(homepageVerifyTitle.java:27)
	at homepageVerifyTitle.closeBrowser(homepageVerifyTitle.java:27)
	at homepageVerifyTitle.closeBrowser(homepageVerifyTitle.java:27)
	at homepageVerifyTitle.closeBrowser(homepageVerifyTitle.java:27)
	at homepageVerifyTitle.closeBrowser(homepageVerifyTitle.java:27)
	at homepageVerifyTitle.closeBrowser(homepageVerifyTitle.java:27)
	at homepageVerifyTitle.closeBrowser(homepageVerifyTitle.java:27)
	at homepageVerifyTitle.closeBrowser(homepageVerifyTitle.java:27)
	at homepageVerifyTitle.closeBrowser(homepageVerifyTitle.java:27)
	at homepageVerifyTitle.closeBrowser(homepageVerifyTitle.java:27)
	at homepageVerifyTitle.closeBrowser(homepageVerifyTitle.java:27)
	at homepageVerifyTitle.closeBrowser(homepageVerifyTitle.java:27)
	at homepageVerifyTitle.closeBrowser(homepageVerifyTitle.java:27)
	at homepageVerifyTitle.closeBrowser(homepageVerifyTitle.java:27)
	at homepageVerifyTitle.closeBrowser(homepageVerifyTitle.java:27)
	at homepageVerifyTitle.closeBrowser(homepageVerifyTitle.java:27)
	at homepageVerifyTitle.closeBrowser(homepageVerifyTitle.java:27)
	at homepageVerifyTitle.closeBrowser(homepageVerifyTitle.java:27)
	at homepageVerifyTitle.closeBrowser(homepageVerifyTitle.java:27)
	at homepageVerifyTitle.closeBrowser(homepageVerifyTitle.java:27)
	at homepageVerifyTitle.closeBrowser(homepageVerifyTitle.java:27)
	at homepageVerifyTitle.closeBrowser(homepageVerifyTitle.java:27)
	at homepageVerifyTitle.closeBrowser(homepageVerifyTitle.java:27)
	at homepageVerifyTitle.closeBrowser(homepageVerifyTitle.java:27)
	at homepageVerifyTitle.closeBrowser(homepageVerifyTitle.java:27)
	at homepageVerifyTitle.closeBrowser(homepageVerifyTitle.java:27)
	at homepageVerifyTitle.closeBrowser(homepageVerifyTitle.java:27)
	at homepageVerifyTitle.closeBrowser(homepageVerifyTitle.java:27)
	at homepageVerifyTitle.closeBrowser(homepageVerifyTitle.java:27)
	at homepageVerifyTitle.closeBrowser(homepageVerifyTitle.java:27)
	at homepageVerifyTitle.closeBrowser(homepageVerifyTitle.java:27)
	at homepageVerifyTitle.closeBrowser(homepageVerifyTitle.java:27)
	at homepageVerifyTitle.closeBrowser(homepageVerifyTitle.java:27)
	at homepageVerifyTitle.closeBrowser(homepageVerifyTitle.java:27)
	at homepageVerifyTitle.closeBrowser(homepageVerifyTitle.java:27)
	at homepageVerifyTitle.closeBrowser(homepageVerifyTitle.java:27)
	at homepageVerifyTitle.closeBrowser(homepageVerifyTitle.java:27)
	at homepageVerifyTitle.closeBrowser(homepageVerifyTitle.java:27)
	at homepageVerifyTitle.closeBrowser(homepageVerifyTitle.java:27)
	at homepageVerifyTitle.closeBrowser(homepageVerifyTitle.java:27)
	at homepageVerifyTitle.closeBrowser(homepageVerifyTitle.java:27)
	at homepageVerifyTitle.closeBrowser(homepageVerifyTitle.java:27)
	at homepageVerifyTitle.closeBrowser(homepageVerifyTitle.java:27)
	at homepageVerifyTitle.closeBrowser(homepageVerifyTitle.java:27)
	at homepageVerifyTitle.closeBrowser(homepageVerifyTitle.java:27)
	at homepageVerifyTitle.closeBrowser(homepageVerifyTitle.java:27)
	at homepageVerifyTitle.closeBrowser(homepageVerifyTitle.java:27)
	at homepageVerifyTitle.closeBrowser(homepageVerifyTitle.java:27)
	at homepageVerifyTitle.closeBrowser(homepageVerifyTitle.java:27)
	at homepageVerifyTitle.closeBrowser(homepageVerifyTitle.java:27)
	at homepageVerifyTitle.closeBrowser(homepageVerifyTitle.java:27)
	at homepageVerifyTitle.closeBrowser(homepageVerifyTitle.java:27)
	at homepageVerifyTitle.closeBrowser(homepageVerifyTitle.java:27)
	at homepageVerifyTitle.closeBrowser(homepageVerifyTitle.java:27)
	at homepageVerifyTitle.closeBrowser(homepageVerifyTitle.java:27)
	at homepageVerifyTitle.closeBrowser(homepageVerifyTitle.java:27)
	at homepageVerifyTitle.closeBrowser(homepageVerifyTitle.java:27)
	at homepageVerifyTitle.closeBrowser(homepageVerifyTitle.java:27)
	at homepageVerifyTitle.closeBrowser(homepageVerifyTitle.java:27)
	at homepageVerifyTitle.closeBrowser(homepageVerifyTitle.java:27)
	at homepageVerifyTitle.closeBrowser(homepageVerifyTitle.java:27)
	at homepageVerifyTitle.closeBrowser(homepageVerifyTitle.java:27)
	at homepageVerifyTitle.closeBrowser(homepageVerifyTitle.java:27)
	at homepageVerifyTitle.closeBrowser(homepageVerifyTitle.java:27)
	at homepageVerifyTitle.closeBrowser(homepageVerifyTitle.java:27)
	at homepageVerifyTitle.closeBrowser(homepageVerifyTitle.java:27)
	at homepageVerifyTitle.closeBrowser(homepageVerifyTitle.java:27)
	at homepageVerifyTitle.closeBrowser(homepageVerifyTitle.java:27)
	at homepageVerifyTitle.closeBrowser(homepageVerifyTitle.java:27)
	at homepageVerifyTitle.closeBrowser(homepageVerifyTitle.java:27)
	at homepageVerifyTitle.closeBrowser(homepageVerifyTitle.java:27)
	at homepageVerifyTitle.closeBrowser(homepageVerifyTitle.java:27)
	at homepageVerifyTitle.closeBrowser(homepageVerifyTitle.java:27)
	at homepageVerifyTitle.closeBrowser(homepageVerifyTitle.java:27)
	at homepageVerifyTitle.closeBrowser(homepageVerifyTitle.java:27)
	at homepageVerifyTitle.closeBrowser(homepageVerifyTitle.java:27)
	at homepageVerifyTitle.closeBrowser(homepageVerifyTitle.java:27)
	at homepageVerifyTitle.closeBrowser(homepageVerifyTitle.java:27)
	at homepageVerifyTitle.closeBrowser(homepageVerifyTitle.java:27)
	at homepageVerifyTitle.closeBrowser(homepageVerifyTitle.java:27)
	at homepageVerifyTitle.closeBrowser(homepageVerifyTitle.java:27)
	at homepageVerifyTitle.closeBrowser(homepageVerifyTitle.java:27)
	at homepageVerifyTitle.closeBrowser(homepageVerifyTitle.java:27)
	at homepageVerifyTitle.closeBrowser(homepageVerifyTitle.java:27)
	at homepageVerifyTitle.closeBrowser(homepageVerifyTitle.java:27)
	at homepageVerifyTitle.closeBrowser(homepageVerifyTitle.java:27)
	at homepageVerifyTitle.closeBrowser(homepageVerifyTitle.java:27)
	at homepageVerifyTitle.closeBrowser(homepageVerifyTitle.java:27)
	at homepageVerifyTitle.closeBrowser(homepageVerifyTitle.java:27)
	at homepageVerifyTitle.closeBrowser(homepageVerifyTitle.java:27)
	at homepageVerifyTitle.closeBrowser(homepageVerifyTitle.java:27)
	at homepageVerifyTitle.closeBrowser(homepageVerifyTitle.java:27)
	at homepageVerifyTitle.closeBrowser(homepageVerifyTitle.java:27)
	at homepageVerifyTitle.closeBrowser(homepageVerifyTitle.java:27)
	at homepageVerifyTitle.closeBrowser(homepageVerifyTitle.java:27)
	at homepageVerifyTitle.closeBrowser(homepageVerifyTitle.java:27)
	at homepageVerifyTitle.closeBrowser(homepageVerifyTitle.java:27)
	at homepageVerifyTitle.closeBrowser(homepageVerifyTitle.java:27)
	at homepageVerifyTitle.closeBrowser(homepageVerifyTitle.java:27)
	at homepageVerifyTitle.closeBrowser(homepageVerifyTitle.java:27)
	at homepageVerifyTitle.closeBrowser(homepageVerifyTitle.java:27)
	at homepageVerifyTitle.closeBrowser(homepageVerifyTitle.java:27)
	at homepageVerifyTitle.closeBrowser(homepageVerifyTitle.java:27)
	at homepageVerifyTitle.closeBrowser(homepageVerifyTitle.java:27)
	at homepageVerifyTitle.closeBrowser(homepageVerifyTitle.java:27)
	at homepageVerifyTitle.closeBrowser(homepageVerifyTitle.java:27)
	at homepageVerifyTitle.closeBrowser(homepageVerifyTitle.java:27)
	at homepageVerifyTitle.closeBrowser(homepageVerifyTitle.java:27)
	at homepageVerifyTitle.closeBrowser(homepageVerifyTitle.java:27)
	at homepageVerifyTitle.closeBrowser(homepageVerifyTitle.java:27)
	at homepageVerifyTitle.closeBrowser(homepageVerifyTitle.java:27)
	at homepageVerifyTitle.closeBrowser(homepageVerifyTitle.java:27)
	at homepageVerifyTitle.closeBrowser(homepageVerifyTitle.java:27)
	at homepageVerifyTitle.closeBrowser(homepageVerifyTitle.java:27)
	at homepageVerifyTitle.closeBrowser(homepageVerifyTitle.java:27)
	at homepageVerifyTitle.closeBrowser(homepageVerifyTitle.java:27)
	at homepageVerifyTitle.closeBrowser(homepageVerifyTitle.java:27)
	at homepageVerifyTitle.closeBrowser(homepageVerifyTitle.java:27)
	at homepageVerifyTitle.closeBrowser(homepageVerifyTitle.java:27)
	at homepageVerifyTitle.closeBrowser(homepageVerifyTitle.java:27)
	at homepageVerifyTitle.closeBrowser(homepageVerifyTitle.java:27)
	at homepageVerifyTitle.closeBrowser(homepageVerifyTitle.java:27)
	at homepageVerifyTitle.closeBrowser(homepageVerifyTitle.java:27)
	at homepageVerifyTitle.closeBrowser(homepageVerifyTitle.java:27)
	at homepageVerifyTitle.closeBrowser(homepageVerifyTitle.java:27)
	at homepageVerifyTitle.closeBrowser(homepageVerifyTitle.java:27)
	at homepageVerifyTitle.closeBrowser(homepageVerifyTitle.java:27)
	at homepageVerifyTitle.closeBrowser(homepageVerifyTitle.java:27)
	at homepageVerifyTitle.closeBrowser(homepageVerifyTitle.java:27)
	at homepageVerifyTitle.closeBrowser(homepageVerifyTitle.java:27)
	at homepageVerifyTitle.closeBrowser(homepageVerifyTitle.java:27)
	at homepageVerifyTitle.closeBrowser(homepageVerifyTitle.java:27)
	at homepageVerifyTitle.closeBrowser(homepageVerifyTitle.java:27)
	at homepageVerifyTitle.closeBrowser(homepageVerifyTitle.java:27)
	at homepageVerifyTitle.closeBrowser(homepageVerifyTitle.java:27)
	at homepageVerifyTitle.closeBrowser(homepageVerifyTitle.java:27)
	at homepageVerifyTitle.closeBrowser(homepageVerifyTitle.java:27)
	at homepageVerifyTitle.closeBrowser(homepageVerifyTitle.java:27)
	at homepageVerifyTitle.closeBrowser(homepageVerifyTitle.java:27)
	at homepageVerifyTitle.closeBrowser(homepageVerifyTitle.java:27)
	at homepageVerifyTitle.closeBrowser(homepageVerifyTitle.java:27)
	at homepageVerifyTitle.closeBrowser(homepageVerifyTitle.java:27)
	at homepageVerifyTitle.closeBrowser(homepageVerifyTitle.java:27)
	at homepageVerifyTitle.closeBrowser(homepageVerifyTitle.java:27)
	at homepageVerifyTitle.closeBrowser(homepageVerifyTitle.java:27)
	at homepageVerifyTitle.closeBrowser(homepageVerifyTitle.java:27)
	at homepageVerifyTitle.closeBrowser(homepageVerifyTitle.java:27)
	at homepageVerifyTitle.closeBrowser(homepageVerifyTitle.java:27)
	at homepageVerifyTitle.closeBrowser(homepageVerifyTitle.java:27)
	at homepageVerifyTitle.closeBrowser(homepageVerifyTitle.java:27)
	at homepageVerifyTitle.closeBrowser(homepageVerifyTitle.java:27)
	at homepageVerifyTitle.closeBrowser(homepageVerifyTitle.java:27)
	at homepageVerifyTitle.closeBrowser(homepageVerifyTitle.java:27)
	at homepageVerifyTitle.closeBrowser(homepageVerifyTitle.java:27)
	at homepageVerifyTitle.closeBrowser(homepageVerifyTitle.java:27)
	at homepageVerifyTitle.closeBrowser(homepageVerifyTitle.java:27)
	at homepageVerifyTitle.closeBrowser(homepageVerifyTitle.java:27)
	at homepageVerifyTitle.closeBrowser(homepageVerifyTitle.java:27)
	at homepageVerifyTitle.closeBrowser(homepageVerifyTitle.java:27)
	at homepageVerifyTitle.closeBrowser(homepageVerifyTitle.java:27)
	at homepageVerifyTitle.closeBrowser(homepageVerifyTitle.java:27)
	at homepageVerifyTitle.closeBrowser(homepageVerifyTitle.java:27)
	at homepageVerifyTitle.closeBrowser(homepageVerifyTitle.java:27)
	at homepageVerifyTitle.closeBrowser(homepageVerifyTitle.java:27)
	at homepageVerifyTitle.closeBrowser(homepageVerifyTitle.java:27)
	at homepageVerifyTitle.closeBrowser(homepageVerifyTitle.java:27)
	at homepageVerifyTitle.closeBrowser(homepageVerifyTitle.java:27)
	at homepageVerifyTitle.closeBrowser(homepageVerifyTitle.java:27)
	at homepageVerifyTitle.closeBrowser(homepageVerifyTitle.java:27)
	at homepageVerifyTitle.closeBrowser(homepageVerifyTitle.java:27)
	at homepageVerifyTitle.closeBrowser(homepageVerifyTitle.java:27)
	at homepageVerifyTitle.closeBrowser(homepageVerifyTitle.java:27)
	at homepageVerifyTitle.closeBrowser(homepageVerifyTitle.java:27)
	at homepageVerifyTitle.closeBrowser(homepageVerifyTitle.java:27)
	at homepageVerifyTitle.closeBrowser(homepageVerifyTitle.java:27)
	at homepageVerifyTitle.closeBrowser(homepageVerifyTitle.java:27)
	at homepageVerifyTitle.closeBrowser(homepageVerifyTitle.java:27)
	at homepageVerifyTitle.closeBrowser(homepageVerifyTitle.java:27)
	at homepageVerifyTitle.closeBrowser(homepageVerifyTitle.java:27)
	at homepageVerifyTitle.closeBrowser(homepageVerifyTitle.java:27)
	at homepageVerifyTitle.closeBrowser(homepageVerifyTitle.java:27)
	at homepageVerifyTitle.closeBrowser(homepageVerifyTitle.java:27)
	at homepageVerifyTitle.closeBrowser(homepageVerifyTitle.java:27)
	at homepageVerifyTitle.closeBrowser(homepageVerifyTitle.java:27)
	at homepageVerifyTitle.closeBrowser(homepageVerifyTitle.java:27)
	at homepageVerifyTitle.closeBrowser(homepageVerifyTitle.java:27)
	at homepageVerifyTitle.closeBrowser(homepageVerifyTitle.java:27)
	at homepageVerifyTitle.closeBrowser(homepageVerifyTitle.java:27)
	at homepageVerifyTitle.closeBrowser(homepageVerifyTitle.java:27)
	at homepageVerifyTitle.closeBrowser(homepageVerifyTitle.java:27)
	at homepageVerifyTitle.closeBrowser(homepageVerifyTitle.java:27)
	at homepageVerifyTitle.closeBrowser(homepageVerifyTitle.java:27)
	at homepageVerifyTitle.closeBrowser(homepageVerifyTitle.java:27)
	at homepageVerifyTitle.closeBrowser(homepageVerifyTitle.java:27)
	at homepageVerifyTitle.closeBrowser(homepageVerifyTitle.java:27)
	at homepageVerifyTitle.closeBrowser(homepageVerifyTitle.java:27)
	at homepageVerifyTitle.closeBrowser(homepageVerifyTitle.java:27)
	at homepageVerifyTitle.closeBrowser(homepageVerifyTitle.java:27)
	at homepageVerifyTitle.closeBrowser(homepageVerifyTitle.java:27)
	at homepageVerifyTitle.closeBrowser(homepageVerifyTitle.java:27)
	at homepageVerifyTitle.closeBrowser(homepageVerifyTitle.java:27)
	at homepageVerifyTitle.closeBrowser(homepageVerifyTitle.java:27)
	at homepageVerifyTitle.closeBrowser(homepageVerifyTitle.java:27)
	at homepageVerifyTitle.closeBrowser(homepageVerifyTitle.java:27)
	at homepageVerifyTitle.closeBrowser(homepageVerifyTitle.java:27)
	at homepageVerifyTitle.closeBrowser(homepageVerifyTitle.java:27)
	at homepageVerifyTitle.closeBrowser(homepageVerifyTitle.java:27)
	at homepageVerifyTitle.closeBrowser(homepageVerifyTitle.java:27)
	at homepageVerifyTitle.closeBrowser(homepageVerifyTitle.java:27)
	at homepageVerifyTitle.closeBrowser(homepageVerifyTitle.java:27)
	at homepageVerifyTitle.closeBrowser(homepageVerifyTitle.java:27)
	at homepageVerifyTitle.closeBrowser(homepageVerifyTitle.java:27)
	at homepageVerifyTitle.closeBrowser(homepageVerifyTitle.java:27)
	at homepageVerifyTitle.closeBrowser(homepageVerifyTitle.java:27)
	at homepageVerifyTitle.closeBrowser(homepageVerifyTitle.java:27)
	at homepageVerifyTitle.closeBrowser(homepageVerifyTitle.java:27)
	at homepageVerifyTitle.closeBrowser(homepageVerifyTitle.java:27)
	at homepageVerifyTitle.closeBrowser(homepageVerifyTitle.java:27)
	at homepageVerifyTitle.closeBrowser(homepageVerifyTitle.java:27)
	at homepageVerifyTitle.closeBrowser(homepageVerifyTitle.java:27)
	at homepageVerifyTitle.closeBrowser(homepageVerifyTitle.java:27)
	at homepageVerifyTitle.closeBrowser(homepageVerifyTitle.java:27)
	at homepageVerifyTitle.closeBrowser(homepageVerifyTitle.java:27)
	at homepageVerifyTitle.closeBrowser(homepageVerifyTitle.java:27)
	at homepageVerifyTitle.closeBrowser(homepageVerifyTitle.java:27)
	at homepageVerifyTitle.closeBrowser(homepageVerifyTitle.java:27)
	at homepageVerifyTitle.closeBrowser(homepageVerifyTitle.java:27)
	at homepageVerifyTitle.closeBrowser(homepageVerifyTitle.java:27)
	at homepageVerifyTitle.closeBrowser(homepageVerifyTitle.java:27)
	at homepageVerifyTitle.closeBrowser(homepageVerifyTitle.java:27)
	at homepageVerifyTitle.closeBrowser(homepageVerifyTitle.java:27)
	at homepageVerifyTitle.closeBrowser(homepageVerifyTitle.java:27)
	at homepageVerifyTitle.closeBrowser(homepageVerifyTitle.java:27)
	at homepageVerifyTitle.closeBrowser(homepageVerifyTitle.java:27)
	at homepageVerifyTitle.closeBrowser(homepageVerifyTitle.java:27)
	at homepageVerifyTitle.closeBrowser(homepageVerifyTitle.java:27)
	at homepageVerifyTitle.closeBrowser(homepageVerifyTitle.java:27)
	at homepageVerifyTitle.closeBrowser(homepageVerifyTitle.java:27)
	at homepageVerifyTitle.closeBrowser(homepageVerifyTitle.java:27)
	at homepageVerifyTitle.closeBrowser(homepageVerifyTitle.java:27)
	at homepageVerifyTitle.closeBrowser(homepageVerifyTitle.java:27)
	at homepageVerifyTitle.closeBrowser(homepageVerifyTitle.java:27)
	at homepageVerifyTitle.closeBrowser(homepageVerifyTitle.java:27)
	at homepageVerifyTitle.closeBrowser(homepageVerifyTitle.java:27)
	at homepageVerifyTitle.closeBrowser(homepageVerifyTitle.java:27)
	at homepageVerifyTitle.closeBrowser(homepageVerifyTitle.java:27)
	at homepageVerifyTitle.closeBrowser(homepageVerifyTitle.java:27)
	at homepageVerifyTitle.closeBrowser(homepageVerifyTitle.java:27)
	at homepageVerifyTitle.closeBrowser(homepageVerifyTitle.java:27)
	at homepageVerifyTitle.closeBrowser(homepageVerifyTitle.java:27)
	at homepageVerifyTitle.closeBrowser(homepageVerifyTitle.java:27)
	at homepageVerifyTitle.closeBrowser(homepageVerifyTitle.java:27)
	at homepageVerifyTitle.closeBrowser(homepageVerifyTitle.java:27)
	at homepageVerifyTitle.closeBrowser(homepageVerifyTitle.java:27)
	at homepageVerifyTitle.closeBrowser(homepageVerifyTitle.java:27)
	at homepageVerifyTitle.closeBrowser(homepageVerifyTitle.java:27)
	at homepageVerifyTitle.closeBrowser(homepageVerifyTitle.java:27)
	at homepageVerifyTitle.closeBrowser(homepageVerifyTitle.java:27)
	at homepageVerifyTitle.closeBrowser(homepageVerifyTitle.java:27)
	at homepageVerifyTitle.closeBrowser(homepageVerifyTitle.java:27)
	at homepageVerifyTitle.closeBrowser(homepageVerifyTitle.java:27)
	at homepageVerifyTitle.closeBrowser(homepageVerifyTitle.java:27)
	at homepageVerifyTitle.closeBrowser(homepageVerifyTitle.java:27)
	at homepageVerifyTitle.closeBrowser(homepageVerifyTitle.java:27)
	at homepageVerifyTitle.closeBrowser(homepageVerifyTitle.java:27)
	at homepageVerifyTitle.closeBrowser(homepageVerifyTitle.java:27)
	at homepageVerifyTitle.closeBrowser(homepageVerifyTitle.java:27)
	at homepageVerifyTitle.closeBrowser(homepageVerifyTitle.java:27)
	at homepageVerifyTitle.closeBrowser(homepageVerifyTitle.java:27)
	at homepageVerifyTitle.closeBrowser(homepageVerifyTitle.java:27)
	at homepageVerifyTitle.closeBrowser(homepageVerifyTitle.java:27)
	at homepageVerifyTitle.closeBrowser(homepageVerifyTitle.java:27)
	at homepageVerifyTitle.closeBrowser(homepageVerifyTitle.java:27)
	at homepageVerifyTitle.closeBrowser(homepageVerifyTitle.java:27)
	at homepageVerifyTitle.closeBrowser(homepageVerifyTitle.java:27)
	at homepageVerifyTitle.closeBrowser(homepageVerifyTitle.java:27)
	at homepageVerifyTitle.closeBrowser(homepageVerifyTitle.java:27)
	at homepageVerifyTitle.closeBrowser(homepageVerifyTitle.java:27)
	at homepageVerifyTitle.closeBrowser(homepageVerifyTitle.java:27)
	at homepageVerifyTitle.closeBrowser(homepageVerifyTitle.java:27)
	at homepageVerifyTitle.closeBrowser(homepageVerifyTitle.java:27)
	at homepageVerifyTitle.closeBrowser(homepageVerifyTitle.java:27)
	at homepageVerifyTitle.closeBrowser(homepageVerifyTitle.java:27)
	at homepageVerifyTitle.closeBrowser(homepageVerifyTitle.java:27)
	at homepageVerifyTitle.closeBrowser(homepageVerifyTitle.java:27)
	at homepageVerifyTitle.closeBrowser(homepageVerifyTitle.java:27)
	at homepageVerifyTitle.closeBrowser(homepageVerifyTitle.java:27)
	at homepageVerifyTitle.closeBrowser(homepageVerifyTitle.java:27)
	at homepageVerifyTitle.closeBrowser(homepageVerifyTitle.java:27)
	at homepageVerifyTitle.closeBrowser(homepageVerifyTitle.java:27)
	at homepageVerifyTitle.closeBrowser(homepageVerifyTitle.java:27)
	at homepageVerifyTitle.closeBrowser(homepageVerifyTitle.java:27)
	at homepageVerifyTitle.closeBrowser(homepageVerifyTitle.java:27)
	at homepageVerifyTitle.closeBrowser(homepageVerifyTitle.java:27)
	at homepageVerifyTitle.closeBrowser(homepageVerifyTitle.java:27)
	at homepageVerifyTitle.closeBrowser(homepageVerifyTitle.java:27)
	at homepageVerifyTitle.closeBrowser(homepageVerifyTitle.java:27)
	at homepageVerifyTitle.closeBrowser(homepageVerifyTitle.java:27)
	at homepageVerifyTitle.closeBrowser(homepageVerifyTitle.java:27)
	at homepageVerifyTitle.closeBrowser(homepageVerifyTitle.java:27)
	at homepageVerifyTitle.closeBrowser(homepageVerifyTitle.java:27)
	at homepageVerifyTitle.closeBrowser(homepageVerifyTitle.java:27)
	at homepageVerifyTitle.closeBrowser(homepageVerifyTitle.java:27)
	at homepageVerifyTitle.closeBrowser(homepageVerifyTitle.java:27)
	at homepageVerifyTitle.closeBrowser(homepageVerifyTitle.java:27)
	at homepageVerifyTitle.closeBrowser(homepageVerifyTitle.java:27)
	at homepageVerifyTitle.closeBrowser(homepageVerifyTitle.java:27)
	at homepageVerifyTitle.closeBrowser(homepageVerifyTitle.java:27)
	at homepageVerifyTitle.closeBrowser(homepageVerifyTitle.java:27)
	at homepageVerifyTitle.closeBrowser(homepageVerifyTitle.java:27)
	at homepageVerifyTitle.closeBrowser(homepageVerifyTitle.java:27)
	at homepageVerifyTitle.closeBrowser(homepageVerifyTitle.java:27)
	at homepageVerifyTitle.closeBrowser(homepageVerifyTitle.java:27)
	at homepageVerifyTitle.closeBrowser(homepageVerifyTitle.java:27)
	at homepageVerifyTitle.closeBrowser(homepageVerifyTitle.java:27)
	at homepageVerifyTitle.closeBrowser(homepageVerifyTitle.java:27)
	at homepageVerifyTitle.closeBrowser(homepageVerifyTitle.java:27)
	at homepageVerifyTitle.closeBrowser(homepageVerifyTitle.java:27)
	at homepageVerifyTitle.closeBrowser(homepageVerifyTitle.java:27)
	at homepageVerifyTitle.closeBrowser(homepageVerifyTitle.java:27)
	at homepageVerifyTitle.closeBrowser(homepageVerifyTitle.java:27)
	at homepageVerifyTitle.closeBrowser(homepageVerifyTitle.java:27)
	at homepageVerifyTitle.closeBrowser(homepageVerifyTitle.java:27)
	at homepageVerifyTitle.closeBrowser(homepageVerifyTitle.java:27)
	at homepageVerifyTitle.closeBrowser(homepageVerifyTitle.java:27)
	at homepageVerifyTitle.closeBrowser(homepageVerifyTitle.java:27)
	at homepageVerifyTitle.closeBrowser(homepageVerifyTitle.java:27)
	at homepageVerifyTitle.closeBrowser(homepageVerifyTitle.java:27)
	at homepageVerifyTitle.closeBrowser(homepageVerifyTitle.java:27)
	at homepageVerifyTitle.closeBrowser(homepageVerifyTitle.java:27)
	at homepageVerifyTitle.closeBrowser(homepageVerifyTitle.java:27)
	at homepageVerifyTitle.closeBrowser(homepageVerifyTitle.java:27)
	at homepageVerifyTitle.closeBrowser(homepageVerifyTitle.java:27)
	at homepageVerifyTitle.closeBrowser(homepageVerifyTitle.java:27)
	at homepageVerifyTitle.closeBrowser(homepageVerifyTitle.java:27)
	at homepageVerifyTitle.closeBrowser(homepageVerifyTitle.java:27)
	at homepageVerifyTitle.closeBrowser(homepageVerifyTitle.java:27)
	at homepageVerifyTitle.closeBrowser(homepageVerifyTitle.java:27)
	at homepageVerifyTitle.closeBrowser(homepageVerifyTitle.java:27)
	at homepageVerifyTitle.closeBrowser(homepageVerifyTitle.java:27)
	at homepageVerifyTitle.closeBrowser(homepageVerifyTitle.java:27)
	at homepageVerifyTitle.closeBrowser(homepageVerifyTitle.java:27)
	at homepageVerifyTitle.closeBrowser(homepageVerifyTitle.java:27)
	at homepageVerifyTitle.closeBrowser(homepageVerifyTitle.java:27)
	at homepageVerifyTitle.closeBrowser(homepageVerifyTitle.java:27)
	at homepageVerifyTitle.closeBrowser(homepageVerifyTitle.java:27)
	at homepageVerifyTitle.closeBrowser(homepageVerifyTitle.java:27)
	at homepageVerifyTitle.closeBrowser(homepageVerifyTitle.java:27)
	at homepageVerifyTitle.closeBrowser(homepageVerifyTitle.java:27)
	at homepageVerifyTitle.closeBrowser(homepageVerifyTitle.java:27)
	at homepageVerifyTitle.closeBrowser(homepageVerifyTitle.java:27)
	at homepageVerifyTitle.closeBrowser(homepageVerifyTitle.java:27)
	at homepageVerifyTitle.closeBrowser(homepageVerifyTitle.java:27)
	at homepageVerifyTitle.closeBrowser(homepageVerifyTitle.java:27)
	at homepageVerifyTitle.closeBrowser(homepageVerifyTitle.java:27)
	at homepageVerifyTitle.closeBrowser(homepageVerifyTitle.java:27)
	at homepageVerifyTitle.closeBrowser(homepageVerifyTitle.java:27)
	at homepageVerifyTitle.closeBrowser(homepageVerifyTitle.java:27)
	at homepageVerifyTitle.closeBrowser(homepageVerifyTitle.java:27)
	at homepageVerifyTitle.closeBrowser(homepageVerifyTitle.java:27)
	at homepageVerifyTitle.closeBrowser(homepageVerifyTitle.java:27)
	at homepageVerifyTitle.closeBrowser(homepageVerifyTitle.java:27)
	at homepageVerifyTitle.closeBrowser(homepageVerifyTitle.java:27)
	at homepageVerifyTitle.closeBrowser(homepageVerifyTitle.java:27)
	at homepageVerifyTitle.closeBrowser(homepageVerifyTitle.java:27)
	at homepageVerifyTitle.closeBrowser(homepageVerifyTitle.java:27)
	at homepageVerifyTitle.closeBrowser(homepageVerifyTitle.java:27)
	at homepageVerifyTitle.closeBrowser(homepageVerifyTitle.java:27)
	at homepageVerifyTitle.closeBrowser(homepageVerifyTitle.java:27)
	at homepageVerifyTitle.closeBrowser(homepageVerifyTitle.java:27)
	at homepageVerifyTitle.closeBrowser(homepageVerifyTitle.java:27)
	at homepageVerifyTitle.closeBrowser(homepageVerifyTitle.java:27)
	at homepageVerifyTitle.closeBrowser(homepageVerifyTitle.java:27)
	at homepageVerifyTitle.closeBrowser(homepageVerifyTitle.java:27)
	at homepageVerifyTitle.closeBrowser(homepageVerifyTitle.java:27)
	at homepageVerifyTitle.closeBrowser(homepageVerifyTitle.java:27)
	at homepageVerifyTitle.closeBrowser(homepageVerifyTitle.java:27)
	at homepageVerifyTitle.closeBrowser(homepageVerifyTitle.java:27)
	at homepageVerifyTitle.closeBrowser(homepageVerifyTitle.java:27)
	at homepageVerifyTitle.closeBrowser(homepageVerifyTitle.java:27)
	at homepageVerifyTitle.closeBrowser(homepageVerifyTitle.java:27)
	at homepageVerifyTitle.closeBrowser(homepageVerifyTitle.java:27)
	at homepageVerifyTitle.closeBrowser(homepageVerifyTitle.java:27)
	at homepageVerifyTitle.closeBrowser(homepageVerifyTitle.java:27)
	at homepageVerifyTitle.closeBrowser(homepageVerifyTitle.java:27)
	at homepageVerifyTitle.closeBrowser(homepageVerifyTitle.java:27)
	at homepageVerifyTitle.closeBrowser(homepageVerifyTitle.java:27)
	at homepageVerifyTitle.closeBrowser(homepageVerifyTitle.java:27)
	at homepageVerifyTitle.closeBrowser(homepageVerifyTitle.java:27)
	at homepageVerifyTitle.closeBrowser(homepageVerifyTitle.java:27)
	at homepageVerifyTitle.closeBrowser(homepageVerifyTitle.java:27)
	at homepageVerifyTitle.closeBrowser(homepageVerifyTitle.java:27)
	at homepageVerifyTitle.closeBrowser(homepageVerifyTitle.java:27)
	at homepageVerifyTitle.closeBrowser(homepageVerifyTitle.java:27)
	at homepageVerifyTitle.closeBrowser(homepageVerifyTitle.java:27)
	at homepageVerifyTitle.closeBrowser(homepageVerifyTitle.java:27)
	at homepageVerifyTitle.closeBrowser(homepageVerifyTitle.java:27)
	at homepageVerifyTitle.closeBrowser(homepageVerifyTitle.java:27)
	at homepageVerifyTitle.closeBrowser(homepageVerifyTitle.java:27)
	at homepageVerifyTitle.closeBrowser(homepageVerifyTitle.java:27)
	at homepageVerifyTitle.closeBrowser(homepageVerifyTitle.java:27)
	at homepageVerifyTitle.closeBrowser(homepageVerifyTitle.java:27)
	at homepageVerifyTitle.closeBrowser(homepageVerifyTitle.java:27)
	at homepageVerifyTitle.closeBrowser(homepageVerifyTitle.java:27)
	at homepageVerifyTitle.closeBrowser(homepageVerifyTitle.java:27)
	at homepageVerifyTitle.closeBrowser(homepageVerifyTitle.java:27)
	at homepageVerifyTitle.closeBrowser(homepageVerifyTitle.java:27)
	at homepageVerifyTitle.closeBrowser(homepageVerifyTitle.java:27)
	at homepageVerifyTitle.closeBrowser(homepageVerifyTitle.java:27)
	at homepageVerifyTitle.closeBrowser(homepageVerifyTitle.java:27)
	at homepageVerifyTitle.closeBrowser(homepageVerifyTitle.java:27)
	at homepageVerifyTitle.closeBrowser(homepageVerifyTitle.java:27)
	at homepageVerifyTitle.closeBrowser(homepageVerifyTitle.java:27)
	at homepageVerifyTitle.closeBrowser(homepageVerifyTitle.java:27)
	at homepageVerifyTitle.closeBrowser(homepageVerifyTitle.java:27)
	at homepageVerifyTitle.closeBrowser(homepageVerifyTitle.java:27)
	at homepageVerifyTitle.closeBrowser(homepageVerifyTitle.java:27)
	at homepageVerifyTitle.closeBrowser(homepageVerifyTitle.java:27)
	at homepageVerifyTitle.closeBrowser(homepageVerifyTitle.java:27)
	at homepageVerifyTitle.closeBrowser(homepageVerifyTitle.java:27)
	at homepageVerifyTitle.closeBrowser(homepageVerifyTitle.java:27)
	at homepageVerifyTitle.closeBrowser(homepageVerifyTitle.java:27)
	at homepageVerifyTitle.closeBrowser(homepageVerifyTitle.java:27)
	at homepageVerifyTitle.closeBrowser(homepageVerifyTitle.java:27)
	at homepageVerifyTitle.closeBrowser(homepageVerifyTitle.java:27)
	at homepageVerifyTitle.closeBrowser(homepageVerifyTitle.java:27)
	at homepageVerifyTitle.closeBrowser(homepageVerifyTitle.java:27)
	at homepageVerifyTitle.closeBrowser(homepageVerifyTitle.java:27)
	at homepageVerifyTitle.closeBrowser(homepageVerifyTitle.java:27)
	at homepageVerifyTitle.closeBrowser(homepageVerifyTitle.java:27)
	at homepageVerifyTitle.closeBrowser(homepageVerifyTitle.java:27)
	at homepageVerifyTitle.closeBrowser(homepageVerifyTitle.java:27)
	at homepageVerifyTitle.closeBrowser(homepageVerifyTitle.java:27)
	at homepageVerifyTitle.closeBrowser(homepageVerifyTitle.java:27)
	at homepageVerifyTitle.closeBrowser(homepageVerifyTitle.java:27)
	at homepageVerifyTitle.closeBrowser(homepageVerifyTitle.java:27)
	at homepageVerifyTitle.closeBrowser(homepageVerifyTitle.java:27)
	at homepageVerifyTitle.closeBrowser(homepageVerifyTitle.java:27)
	at homepageVerifyTitle.closeBrowser(homepageVerifyTitle.java:27)
	at homepageVerifyTitle.closeBrowser(homepageVerifyTitle.java:27)
	at homepageVerifyTitle.closeBrowser(homepageVerifyTitle.java:27)
	at homepageVerifyTitle.closeBrowser(homepageVerifyTitle.java:27)
	at homepageVerifyTitle.closeBrowser(homepageVerifyTitle.java:27)
	at homepageVerifyTitle.closeBrowser(homepageVerifyTitle.java:27)
	at homepageVerifyTitle.closeBrowser(homepageVerifyTitle.java:27)
	at homepageVerifyTitle.closeBrowser(homepageVerifyTitle.java:27)
	at homepageVerifyTitle.closeBrowser(homepageVerifyTitle.java:27)
	at homepageVerifyTitle.closeBrowser(homepageVerifyTitle.java:27)
	at homepageVerifyTitle.closeBrowser(homepageVerifyTitle.java:27)
	at homepageVerifyTitle.closeBrowser(homepageVerifyTitle.java:27)
	at homepageVerifyTitle.closeBrowser(homepageVerifyTitle.java:27)
	at homepageVerifyTitle.closeBrowser(homepageVerifyTitle.java:27)
	at homepageVerifyTitle.closeBrowser(homepageVerifyTitle.java:27)
	at homepageVerifyTitle.closeBrowser(homepageVerifyTitle.java:27)
	at homepageVerifyTitle.closeBrowser(homepageVerifyTitle.java:27)
	at homepageVerifyTitle.closeBrowser(homepageVerifyTitle.java:27)
	at homepageVerifyTitle.closeBrowser(homepageVerifyTitle.java:27)
	at homepageVerifyTitle.closeBrowser(homepageVerifyTitle.java:27)
	at homepageVerifyTitle.closeBrowser(homepageVerifyTitle.java:27)
	at homepageVerifyTitle.closeBrowser(homepageVerifyTitle.java:27)
	at homepageVerifyTitle.closeBrowser(homepageVerifyTitle.java:27)
	at homepageVerifyTitle.closeBrowser(homepageVerifyTitle.java:27)
	at homepageVerifyTitle.closeBrowser(homepageVerifyTitle.java:27)
	at homepageVerifyTitle.closeBrowser(homepageVerifyTitle.java:27)
	at homepageVerifyTitle.closeBrowser(homepageVerifyTitle.java:27)
	at homepageVerifyTitle.closeBrowser(homepageVerifyTitle.java:27)
	at homepageVerifyTitle.closeBrowser(homepageVerifyTitle.java:27)
	at homepageVerifyTitle.closeBrowser(homepageVerifyTitle.java:27)
	at homepageVerifyTitle.closeBrowser(homepageVerifyTitle.java:27)
	at homepageVerifyTitle.closeBrowser(homepageVerifyTitle.java:27)
	at homepageVerifyTitle.closeBrowser(homepageVerifyTitle.java:27)
	at homepageVerifyTitle.closeBrowser(homepageVerifyTitle.java:27)
	at homepageVerifyTitle.closeBrowser(homepageVerifyTitle.java:27)
	at homepageVerifyTitle.closeBrowser(homepageVerifyTitle.java:27)
	at homepageVerifyTitle.closeBrowser(homepageVerifyTitle.java:27)
	at homepageVerifyTitle.closeBrowser(homepageVerifyTitle.java:27)
	at homepageVerifyTitle.closeBrowser(homepageVerifyTitle.java:27)
	at homepageVerifyTitle.closeBrowser(homepageVerifyTitle.java:27)
	at homepageVerifyTitle.closeBrowser(homepageVerifyTitle.java:27)
	at homepageVerifyTitle.closeBrowser(homepageVerifyTitle.java:27)
	at homepageVerifyTitle.closeBrowser(homepageVerifyTitle.java:27)
	at homepageVerifyTitle.closeBrowser(homepageVerifyTitle.java:27)
	at homepageVerifyTitle.closeBrowser(homepageVerifyTitle.java:27)
	at homepageVerifyTitle.closeBrowser(homepageVerifyTitle.java:27)
	at homepageVerifyTitle.closeBrowser(homepageVerifyTitle.java:27)
	at homepageVerifyTitle.closeBrowser(homepageVerifyTitle.java:27)
	at homepageVerifyTitle.closeBrowser(homepageVerifyTitle.java:27)
	at homepageVerifyTitle.closeBrowser(homepageVerifyTitle.java:27)
	at homepageVerifyTitle.closeBrowser(homepageVerifyTitle.java:27)
	at homepageVerifyTitle.closeBrowser(homepageVerifyTitle.java:27)
	at homepageVerifyTitle.closeBrowser(homepageVerifyTitle.java:27)
	at homepageVerifyTitle.closeBrowser(homepageVerifyTitle.java:27)
	at homepageVerifyTitle.closeBrowser(homepageVerifyTitle.java:27)
	at homepageVerifyTitle.closeBrowser(homepageVerifyTitle.java:27)
	at homepageVerifyTitle.closeBrowser(homepageVerifyTitle.java:27)
	at homepageVerifyTitle.closeBrowser(homepageVerifyTitle.java:27)
	at homepageVerifyTitle.closeBrowser(homepageVerifyTitle.java:27)
	at homepageVerifyTitle.closeBrowser(homepageVerifyTitle.java:27)
	at homepageVerifyTitle.closeBrowser(homepageVerifyTitle.java:27)
	at homepageVerifyTitle.closeBrowser(homepageVerifyTitle.java:27)
	at homepageVerifyTitle.closeBrowser(homepageVerifyTitle.java:27)
	at homepageVerifyTitle.closeBrowser(homepageVerifyTitle.java:27)
	at homepageVerifyTitle.closeBrowser(homepageVerifyTitle.java:27)
	at homepageVerifyTitle.closeBrowser(homepageVerifyTitle.java:27)
	at homepageVerifyTitle.closeBrowser(homepageVerifyTitle.java:27)
	at homepageVerifyTitle.closeBrowser(homepageVerifyTitle.java:27)
	at homepageVerifyTitle.closeBrowser(homepageVerifyTitle.java:27)
	at homepageVerifyTitle.closeBrowser(homepageVerifyTitle.java:27)
	at homepageVerifyTitle.closeBrowser(homepageVerifyTitle.java:27)
	at homepageVerifyTitle.closeBrowser(homepageVerifyTitle.java:27)
	at homepageVerifyTitle.closeBrowser(homepageVerifyTitle.java:27)
	at homepageVerifyTitle.closeBrowser(homepageVerifyTitle.java:27)
	at homepageVerifyTitle.closeBrowser(homepageVerifyTitle.java:27)
	at homepageVerifyTitle.closeBrowser(homepageVerifyTitle.java:27)
	at homepageVerifyTitle.closeBrowser(homepageVerifyTitle.java:27)
	at homepageVerifyTitle.closeBrowser(homepageVerifyTitle.java:27)
	at homepageVerifyTitle.closeBrowser(homepageVerifyTitle.java:27)
	at homepageVerifyTitle.closeBrowser(homepageVerifyTitle.java:27)
	at homepageVerifyTitle.closeBrowser(homepageVerifyTitle.java:27)
	at homepageVerifyTitle.closeBrowser(homepageVerifyTitle.java:27)
	at homepageVerifyTitle.closeBrowser(homepageVerifyTitle.java:27)
	at homepageVerifyTitle.closeBrowser(homepageVerifyTitle.java:27)
	at homepageVerifyTitle.closeBrowser(homepageVerifyTitle.java:27)
	at homepageVerifyTitle.closeBrowser(homepageVerifyTitle.java:27)
	at homepageVerifyTitle.closeBrowser(homepageVerifyTitle.java:27)
	at homepageVerifyTitle.closeBrowser(homepageVerifyTitle.java:27)
	at homepageVerifyTitle.closeBrowser(homepageVerifyTitle.java:27)
	at homepageVerifyTitle.closeBrowser(homepageVerifyTitle.java:27)
	at homepageVerifyTitle.closeBrowser(homepageVerifyTitle.java:27)
	at homepageVerifyTitle.closeBrowser(homepageVerifyTitle.java:27)
	at homepageVerifyTitle.closeBrowser(homepageVerifyTitle.java:27)
	at homepageVerifyTitle.closeBrowser(homepageVerifyTitle.java:27)
	at homepageVerifyTitle.closeBrowser(homepageVerifyTitle.java:27)
	at homepageVerifyTitle.closeBrowser(homepageVerifyTitle.java:27)
	at homepageVerifyTitle.closeBrowser(homepageVerifyTitle.java:27)
	at homepageVerifyTitle.closeBrowser(homepageVerifyTitle.java:27)
	at homepageVerifyTitle.closeBrowser(homepageVerifyTitle.java:27)
	at homepageVerifyTitle.closeBrowser(homepageVerifyTitle.java:27)
	at homepageVerifyTitle.closeBrowser(homepageVerifyTitle.java:27)
	at homepageVerifyTitle.closeBrowser(homepageVerifyTitle.java:27)
	at homepageVerifyTitle.closeBrowser(homepageVerifyTitle.java:27)
	at homepageVerifyTitle.closeBrowser(homepageVerifyTitle.java:27)
	at homepageVerifyTitle.closeBrowser(homepageVerifyTitle.java:27)
	at homepageVerifyTitle.closeBrowser(homepageVerifyTitle.java:27)
	at homepageVerifyTitle.closeBrowser(homepageVerifyTitle.java:27)
	at homepageVerifyTitle.closeBrowser(homepageVerifyTitle.java:27)
	at homepageVerifyTitle.closeBrowser(homepageVerifyTitle.java:27)
	at homepageVerifyTitle.closeBrowser(homepageVerifyTitle.java:27)
	at homepageVerifyTitle.closeBrowser(homepageVerifyTitle.java:27)
	at homepageVerifyTitle.closeBrowser(homepageVerifyTitle.java:27)
	at homepageVerifyTitle.closeBrowser(homepageVerifyTitle.java:27)
	at homepageVerifyTitle.closeBrowser(homepageVerifyTitle.java:27)
	at homepageVerifyTitle.closeBrowser(homepageVerifyTitle.java:27)
	at homepageVerifyTitle.closeBrowser(homepageVerifyTitle.java:27)
	at homepageVerifyTitle.closeBrowser(homepageVerifyTitle.java:27)
	at homepageVerifyTitle.closeBrowser(homepageVerifyTitle.java:27)
	at homepageVerifyTitle.closeBrowser(homepageVerifyTitle.java:27)
	at homepageVerifyTitle.closeBrowser(homepageVerifyTitle.java:27)
	at homepageVerifyTitle.closeBrowser(homepageVerifyTitle.java:27)
	at homepageVerifyTitle.closeBrowser(homepageVerifyTitle.java:27)
	at homepageVerifyTitle.closeBrowser(homepageVerifyTitle.java:27)
	at homepageVerifyTitle.closeBrowser(homepageVerifyTitle.java:27)
	at homepageVerifyTitle.closeBrowser(homepageVerifyTitle.java:27)
	at homepageVerifyTitle.closeBrowser(homepageVerifyTitle.java:27)
	at homepageVerifyTitle.closeBrowser(homepageVerifyTitle.java:27)
	at homepageVerifyTitle.closeBrowser(homepageVerifyTitle.java:27)
	at homepageVerifyTitle.closeBrowser(homepageVerifyTitle.java:27)
	at homepageVerifyTitle.closeBrowser(homepageVerifyTitle.java:27)
	at homepageVerifyTitle.closeBrowser(homepageVerifyTitle.java:27)
	at homepageVerifyTitle.closeBrowser(homepageVerifyTitle.java:27)
	at homepageVerifyTitle.closeBrowser(homepageVerifyTitle.java:27)
	at homepageVerifyTitle.closeBrowser(homepageVerifyTitle.java:27)
	at homepageVerifyTitle.closeBrowser(homepageVerifyTitle.java:27)
	at homepageVerifyTitle.closeBrowser(homepageVerifyTitle.java:27)
	at homepageVerifyTitle.closeBrowser(homepageVerifyTitle.java:27)
	at homepageVerifyTitle.closeBrowser(homepageVerifyTitle.java:27)
	at homepageVerifyTitle.closeBrowser(homepageVerifyTitle.java:27)
	at homepageVerifyTitle.closeBrowser(homepageVerifyTitle.java:27)
	at homepageVerifyTitle.closeBrowser(homepageVerifyTitle.java:27)
	at homepageVerifyTitle.closeBrowser(homepageVerifyTitle.java:27)
	at homepageVerifyTitle.closeBrowser(homepageVerifyTitle.java:27)
	at homepageVerifyTitle.closeBrowser(homepageVerifyTitle.java:27)
	at homepageVerifyTitle.closeBrowser(homepageVerifyTitle.java:27)
	at homepageVerifyTitle.closeBrowser(homepageVerifyTitle.java:27)
	at homepageVerifyTitle.closeBrowser(homepageVerifyTitle.java:27)
	at homepageVerifyTitle.closeBrowser(homepageVerifyTitle.java:27)
	at homepageVerifyTitle.closeBrowser(homepageVerifyTitle.java:27)
	at homepageVerifyTitle.closeBrowser(homepageVerifyTitle.java:27)
	at homepageVerifyTitle.closeBrowser(homepageVerifyTitle.java:27)
	at homepageVerifyTitle.closeBrowser(homepageVerifyTitle.java:27)
	at homepageVerifyTitle.closeBrowser(homepageVerifyTitle.java:27)
	at homepageVerifyTitle.closeBrowser(homepageVerifyTitle.java:27)
	at homepageVerifyTitle.closeBrowser(homepageVerifyTitle.java:27)
	at homepageVerifyTitle.closeBrowser(homepageVerifyTitle.java:27)
	at homepageVerifyTitle.closeBrowser(homepageVerifyTitle.java:27)
	at homepageVerifyTitle.closeBrowser(homepageVerifyTitle.java:27)
	at homepageVerifyTitle.closeBrowser(homepageVerifyTitle.java:27)
	at homepageVerifyTitle.closeBrowser(homepageVerifyTitle.java:27)
	at homepageVerifyTitle.closeBrowser(homepageVerifyTitle.java:27)
	at homepageVerifyTitle.closeBrowser(homepageVerifyTitle.java:27)
	at homepageVerifyTitle.closeBrowser(homepageVerifyTitle.java:27)
	at homepageVerifyTitle.closeBrowser(homepageVerifyTitle.java:27)
	at homepageVerifyTitle.closeBrowser(homepageVerifyTitle.java:27)
	at homepageVerifyTitle.closeBrowser(homepageVerifyTitle.java:27)
	at homepageVerifyTitle.closeBrowser(homepageVerifyTitle.java:27)
	at homepageVerifyTitle.closeBrowser(homepageVerifyTitle.java:27)
	at homepageVerifyTitle.closeBrowser(homepageVerifyTitle.java:27)
	at homepageVerifyTitle.closeBrowser(homepageVerifyTitle.java:27)
	at homepageVerifyTitle.closeBrowser(homepageVerifyTitle.java:27)
	at homepageVerifyTitle.closeBrowser(homepageVerifyTitle.java:27)
	at homepageVerifyTitle.closeBrowser(homepageVerifyTitle.java:27)
	at homepageVerifyTitle.closeBrowser(homepageVerifyTitle.java:27)
	at homepageVerifyTitle.closeBrowser(homepageVerifyTitle.java:27)
	at homepageVerifyTitle.closeBrowser(homepageVerifyTitle.java:27)
	at homepageVerifyTitle.closeBrowser(homepageVerifyTitle.java:27)
	at homepageVerifyTitle.closeBrowser(homepageVerifyTitle.java:27)
	at homepageVerifyTitle.closeBrowser(homepageVerifyTitle.java:27)
	at homepageVerifyTitle.closeBrowser(homepageVerifyTitle.java:27)
	at homepageVerifyTitle.closeBrowser(homepageVerifyTitle.java:27)
	at homepageVerifyTitle.closeBrowser(homepageVerifyTitle.java:27)
	at homepageVerifyTitle.closeBrowser(homepageVerifyTitle.java:27)
	at homepageVerifyTitle.closeBrowser(homepageVerifyTitle.java:27)
	at homepageVerifyTitle.closeBrowser(homepageVerifyTitle.java:27)
	at homepageVerifyTitle.closeBrowser(homepageVerifyTitle.java:27)
	at homepageVerifyTitle.closeBrowser(homepageVerifyTitle.java:27)
	at homepageVerifyTitle.closeBrowser(homepageVerifyTitle.java:27)
	at homepageVerifyTitle.closeBrowser(homepageVerifyTitle.java:27)
	at homepageVerifyTitle.closeBrowser(homepageVerifyTitle.java:27)
	at homepageVerifyTitle.closeBrowser(homepageVerifyTitle.java:27)
	at homepageVerifyTitle.closeBrowser(homepageVerifyTitle.java:27)
	at homepageVerifyTitle.closeBrowser(homepageVerifyTitle.java:27)
	at homepageVerifyTitle.closeBrowser(homepageVerifyTitle.java:27)
	at homepageVerifyTitle.closeBrowser(homepageVerifyTitle.java:27)
	at homepageVerifyTitle.closeBrowser(homepageVerifyTitle.java:27)
	at homepageVerifyTitle.closeBrowser(homepageVerifyTitle.java:27)
	at homepageVerifyTitle.closeBrowser(homepageVerifyTitle.java:27)
	at homepageVerifyTitle.closeBrowser(homepageVerifyTitle.java:27)
	at homepageVerifyTitle.closeBrowser(homepageVerifyTitle.java:27)
	at homepageVerifyTitle.closeBrowser(homepageVerifyTitle.java:27)
	at homepageVerifyTitle.closeBrowser(homepageVerifyTitle.java:27)
	at homepageVerifyTitle.closeBrowser(homepageVerifyTitle.java:27)
	at homepageVerifyTitle.closeBrowser(homepageVerifyTitle.java:27)
	at homepageVerifyTitle.closeBrowser(homepageVerifyTitle.java:27)
	at homepageVerifyTitle.closeBrowser(homepageVerifyTitle.java:27)
	at homepageVerifyTitle.closeBrowser(homepageVerifyTitle.java:27)
	at homepageVerifyTitle.closeBrowser(homepageVerifyTitle.java:27)
	at homepageVerifyTitle.closeBrowser(homepageVerifyTitle.java:27)
	at homepageVerifyTitle.closeBrowser(homepageVerifyTitle.java:27)
	at homepageVerifyTitle.closeBrowser(homepageVerifyTitle.java:27)
	at homepageVerifyTitle.closeBrowser(homepageVerifyTitle.java:27)
	at homepageVerifyTitle.closeBrowser(homepageVerifyTitle.java:27)
	at homepageVerifyTitle.closeBrowser(homepageVerifyTitle.java:27)
	at homepageVerifyTitle.closeBrowser(homepageVerifyTitle.java:27)
	at homepageVerifyTitle.closeBrowser(homepageVerifyTitle.java:27)
	at homepageVerifyTitle.closeBrowser(homepageVerifyTitle.java:27)
	at homepageVerifyTitle.closeBrowser(homepageVerifyTitle.java:27)
	at homepageVerifyTitle.closeBrowser(homepageVerifyTitle.java:27)
	at homepageVerifyTitle.closeBrowser(homepageVerifyTitle.java:27)
	at homepageVerifyTitle.closeBrowser(homepageVerifyTitle.java:27)
	at homepageVerifyTitle.closeBrowser(homepageVerifyTitle.java:27)
	at homepageVerifyTitle.closeBrowser(homepageVerifyTitle.java:27)
	at homepageVerifyTitle.closeBrowser(homepageVerifyTitle.java:27)
	at homepageVerifyTitle.closeBrowser(homepageVerifyTitle.java:27)
	at homepageVerifyTitle.closeBrowser(homepageVerifyTitle.java:27)
	at homepageVerifyTitle.closeBrowser(homepageVerifyTitle.java:27)
	at homepageVerifyTitle.closeBrowser(homepageVerifyTitle.java:27)
	at homepageVerifyTitle.closeBrowser(homepageVerifyTitle.java:27)
	at homepageVerifyTitle.closeBrowser(homepageVerifyTitle.java:27)
	at homepageVerifyTitle.closeBrowser(homepageVerifyTitle.java:27)
	at homepageVerifyTitle.closeBrowser(homepageVerifyTitle.java:27)
	at homepageVerifyTitle.closeBrowser(homepageVerifyTitle.java:27)
	at homepageVerifyTitle.closeBrowser(homepageVerifyTitle.java:27)
	at homepageVerifyTitle.closeBrowser(homepageVerifyTitle.java:27)
	at homepageVerifyTitle.closeBrowser(homepageVerifyTitle.java:27)
	at homepageVerifyTitle.closeBrowser(homepageVerifyTitle.java:27)
	at homepageVerifyTitle.closeBrowser(homepageVerifyTitle.java:27)
	at homepageVerifyTitle.closeBrowser(homepageVerifyTitle.java:27)
	at homepageVerifyTitle.closeBrowser(homepageVerifyTitle.java:27)
	at homepageVerifyTitle.closeBrowser(homepageVerifyTitle.java:27)
	at homepageVerifyTitle.closeBrowser(homepageVerifyTitle.java:27)
	at homepageVerifyTitle.closeBrowser(homepageVerifyTitle.java:27)
	at homepageVerifyTitle.closeBrowser(homepageVerifyTitle.java:27)
	at homepageVerifyTitle.closeBrowser(homepageVerifyTitle.java:27)
	at homepageVerifyTitle.closeBrowser(homepageVerifyTitle.java:27)
	at homepageVerifyTitle.closeBrowser(homepageVerifyTitle.java:27)
	at homepageVerifyTitle.closeBrowser(homepageVerifyTitle.java:27)
	at homepageVerifyTitle.closeBrowser(homepageVerifyTitle.java:27)
	at homepageVerifyTitle.closeBrowser(homepageVerifyTitle.java:27)
	at homepageVerifyTitle.closeBrowser(homepageVerifyTitle.java:27)
	at homepageVerifyTitle.closeBrowser(homepageVerifyTitle.java:27)
	at homepageVerifyTitle.closeBrowser(homepageVerifyTitle.java:27)
	at homepageVerifyTitle.closeBrowser(homepageVerifyTitle.java:27)
	at homepageVerifyTitle.closeBrowser(homepageVerifyTitle.java:27)
	at homepageVerifyTitle.closeBrowser(homepageVerifyTitle.java:27)
	at homepageVerifyTitle.closeBrowser(homepageVerifyTitle.java:27)
	at homepageVerifyTitle.closeBrowser(homepageVerifyTitle.java:27)
	at homepageVerifyTitle.closeBrowser(homepageVerifyTitle.java:27)
	at homepageVerifyTitle.closeBrowser(homepageVerifyTitle.java:27)
	at homepageVerifyTitle.closeBrowser(homepageVerifyTitle.java:27)
	at homepageVerifyTitle.closeBrowser(homepageVerifyTitle.java:27)
	at homepageVerifyTitle.closeBrowser(homepageVerifyTitle.java:27)
	at homepageVerifyTitle.closeBrowser(homepageVerifyTitle.java:27)
	at homepageVerifyTitle.closeBrowser(homepageVerifyTitle.java:27)
	at homepageVerifyTitle.closeBrowser(homepageVerifyTitle.java:27)
	at homepageVerifyTitle.closeBrowser(homepageVerifyTitle.java:27)
	at homepageVerifyTitle.closeBrowser(homepageVerifyTitle.java:27)
	at homepageVerifyTitle.closeBrowser(homepageVerifyTitle.java:27)
	at homepageVerifyTitle.closeBrowser(homepageVerifyTitle.java:27)
	at homepageVerifyTitle.closeBrowser(homepageVerifyTitle.java:27)
	at homepageVerifyTitle.closeBrowser(homepageVerifyTitle.java:27)
	at homepageVerifyTitle.closeBrowser(homepageVerifyTitle.java:27)
	at homepageVerifyTitle.closeBrowser(homepageVerifyTitle.java:27)
	at homepageVerifyTitle.closeBrowser(homepageVerifyTitle.java:27)
	at homepageVerifyTitle.closeBrowser(homepageVerifyTitle.java:27)
	at homepageVerifyTitle.closeBrowser(homepageVerifyTitle.java:27)
	at homepageVerifyTitle.closeBrowser(homepageVerifyTitle.java:27)
	at homepageVerifyTitle.closeBrowser(homepageVerifyTitle.java:27)
	at homepageVerifyTitle.closeBrowser(homepageVerifyTitle.java:27)
	at homepageVerifyTitle.closeBrowser(homepageVerifyTitle.java:27)
	at homepageVerifyTitle.closeBrowser(homepageVerifyTitle.java:27)
	at homepageVerifyTitle.closeBrowser(homepageVerifyTitle.java:27)
	at homepageVerifyTitle.closeBrowser(homepageVerifyTitle.java:27)
	at homepageVerifyTitle.closeBrowser(homepageVerifyTitle.java:27)
	at homepageVerifyTitle.closeBrowser(homepageVerifyTitle.java:27)
	at homepageVerifyTitle.closeBrowser(homepageVerifyTitle.java:27)
	at homepageVerifyTitle.closeBrowser(homepageVerifyTitle.java:27)
	at homepageVerifyTitle.closeBrowser(homepageVerifyTitle.java:27)
	at homepageVerifyTitle.closeBrowser(homepageVerifyTitle.java:27)
	at homepageVerifyTitle.closeBrowser(homepageVerifyTitle.java:27)
	at homepageVerifyTitle.closeBrowser(homepageVerifyTitle.java:27)
	at homepageVerifyTitle.closeBrowser(homepageVerifyTitle.java:27)
	at homepageVerifyTitle.closeBrowser(homepageVerifyTitle.java:27)
	at homepageVerifyTitle.closeBrowser(homepageVerifyTitle.java:27)
	at homepageVerifyTitle.closeBrowser(homepageVerifyTitle.java:27)
	at homepageVerifyTitle.closeBrowser(homepageVerifyTitle.java:27)
	at homepageVerifyTitle.closeBrowser(homepageVerifyTitle.java:27)
	at homepageVerifyTitle.closeBrowser(homepageVerifyTitle.java:27)
	at homepageVerifyTitle.closeBrowser(homepageVerifyTitle.java:27)
	at homepageVerifyTitle.closeBrowser(homepageVerifyTitle.java:27)
	at homepageVerifyTitle.closeBrowser(homepageVerifyTitle.java:27)
	at homepageVerifyTitle.closeBrowser(homepageVerifyTitle.java:27)
	at homepageVerifyTitle.closeBrowser(homepageVerifyTitle.java:27)
	at homepageVerifyTitle.closeBrowser(homepageVerifyTitle.java:27)
	at homepageVerifyTitle.closeBrowser(homepageVerifyTitle.java:27)
	at homepageVerifyTitle.closeBrowser(homepageVerifyTitle.java:27)
	at homepageVerifyTitle.closeBrowser(homepageVerifyTitle.java:27)
	at homepageVerifyTitle.closeBrowser(homepageVerifyTitle.java:27)
	at homepageVerifyTitle.closeBrowser(homepageVerifyTitle.java:27)
	at homepageVerifyTitle.closeBrowser(homepageVerifyTitle.java:27)
	at homepageVerifyTitle.closeBrowser(homepageVerifyTitle.java:27)
	at homepageVerifyTitle.closeBrowser(homepageVerifyTitle.java:27)
	at homepageVerifyTitle.closeBrowser(homepageVerifyTitle.java:27)
	at homepageVerifyTitle.closeBrowser(homepageVerifyTitle.java:27)
	at homepageVerifyTitle.closeBrowser(homepageVerifyTitle.java:27)
	at homepageVerifyTitle.closeBrowser(homepageVerifyTitle.java:27)
	at homepageVerifyTitle.closeBrowser(homepageVerifyTitle.java:27)
	at homepageVerifyTitle.closeBrowser(homepageVerifyTitle.java:27)
	at homepageVerifyTitle.closeBrowser(homepageVerifyTitle.java:27)
</failure>
  </testcase>
</testsuite>