<?xml version="1.0" encoding="UTF-8"?>
<testng-results ignored="0" total="1" passed="1" failed="0" skipped="0">
  <reporter-output>
  </reporter-output>
  <suite started-at="2019-06-20T20:36:42Z" name="All Test Suite" finished-at="2019-06-20T20:37:30Z" duration-ms="48251">
    <groups>
    </groups>
    <test started-at="2019-06-20T20:36:42Z" name="Homepage verification" finished-at="2019-06-20T20:37:30Z" duration-ms="48251">
      <class name="homepageVerifyTitle">
        <test-method is-config="true" signature="initialize()[pri:0, instance:homepageVerifyTitle@15d9bc04]" started-at="2019-06-20T20:36:42Z" name="initialize" finished-at="2019-06-20T20:36:52Z" duration-ms="10494" status="PASS">
          <reporter-output>
          </reporter-output>
        </test-method> <!-- initialize -->
        <test-method signature="homepageVerifyTitle()[pri:0, instance:homepageVerifyTitle@15d9bc04]" started-at="2019-06-20T20:36:52Z" name="homepageVerifyTitle" finished-at="2019-06-20T20:37:30Z" duration-ms="37704" status="PASS">
          <reporter-output>
          </reporter-output>
        </test-method> <!-- homepageVerifyTitle -->
        <test-method is-config="true" signature="closeBrowser()[pri:0, instance:homepageVerifyTitle@15d9bc04]" started-at="2019-06-20T20:37:30Z" name="closeBrowser" finished-at="2019-06-20T20:37:30Z" duration-ms="7" status="FAIL">
          <exception class="java.lang.StackOverflowError">
            <full-stacktrace>
              <![CDATA[java.lang.StackOverflowError
at homepageVerifyTitle.closeBrowser(homepageVerifyTitle.java:27)
at homepageVerifyTitle.closeBrowser(homepageVerifyTitle.java:27)
at homepageVerifyTitle.closeBrowser(homepageVerifyTitle.java:27)
at homepageVerifyTitle.closeBrowser(homepageVerifyTitle.java:27)
at homepageVerifyTitle.closeBrowser(homepageVerifyTitle.java:27)
at homepageVerifyTitle.closeBrowser(homepageVerifyTitle.java:27)
at homepageVerifyTitle.closeBrowser(homepageVerifyTitle.java:27)
at homepageVerifyTitle.closeBrowser(homepageVerifyTitle.java:27)
at homepageVerifyTitle.closeBrowser(homepageVerifyTitle.java:27)
at homepageVerifyTitle.closeBrowser(homepageVerifyTitle.java:27)
at homepageVerifyTitle.closeBrowser(homepageVerifyTitle.java:27)
at homepageVerifyTitle.closeBrowser(homepageVerifyTitle.java:27)
at homepageVerifyTitle.closeBrowser(homepageVerifyTitle.java:27)
at homepageVerifyTitle.closeBrowser(homepageVerifyTitle.java:27)
at homepageVerifyTitle.closeBrowser(homepageVerifyTitle.java:27)
at homepageVerifyTitle.closeBrowser(homepageVerifyTitle.java:27)
at homepageVerifyTitle.closeBrowser(homepageVerifyTitle.java:27)
at homepageVerifyTitle.closeBrowser(homepageVerifyTitle.java:27)
at homepageVerifyTitle.closeBrowser(homepageVerifyTitle.java:27)
at homepageVerifyTitle.closeBrowser(homepageVerifyTitle.java:27)
at homepageVerifyTitle.closeBrowser(homepageVerifyTitle.java:27)
at homepageVerifyTitle.closeBrowser(homepageVerifyTitle.java:27)
at homepageVerifyTitle.closeBrowser(homepageVerifyTitle.java:27)
at homepageVerifyTitle.closeBrowser(homepageVerifyTitle.java:27)
at homepageVerifyTitle.closeBrowser(homepageVerifyTitle.java:27)
at homepageVerifyTitle.closeBrowser(homepageVerifyTitle.java:27)
at homepageVerifyTitle.closeBrowser(homepageVerifyTitle.java:27)
at homepageVerifyTitle.closeBrowser(homepageVerifyTitle.java:27)
at homepageVerifyTitle.closeBrowser(homepageVerifyTitle.java:27)
at homepageVerifyTitle.closeBrowser(homepageVerifyTitle.java:27)
at homepageVerifyTitle.closeBrowser(homepageVerifyTitle.java:27)
at homepageVerifyTitle.closeBrowser(homepageVerifyTitle.java:27)
at homepageVerifyTitle.closeBrowser(homepageVerifyTitle.java:27)
at homepageVerifyTitle.closeBrowser(homepageVerifyTitle.java:27)
at homepageVerifyTitle.closeBrowser(homepageVerifyTitle.java:27)
at homepageVerifyTitle.closeBrowser(homepageVerifyTitle.java:27)
at homepageVerifyTitle.closeBrowser(homepageVerifyTitle.java:27)
at homepageVerifyTitle.closeBrowser(homepageVerifyTitle.java:27)
at homepageVerifyTitle.closeBrowser(homepageVerifyTitle.java:27)
at homepageVerifyTitle.closeBrowser(homepageVerifyTitle.java:27)
at homepageVerifyTitle.closeBrowser(homepageVerifyTitle.java:27)
at homepageVerifyTitle.closeBrowser(homepageVerifyTitle.java:27)
at homepageVerifyTitle.closeBrowser(homepageVerifyTitle.java:27)
at homepageVerifyTitle.closeBrowser(homepageVerifyTitle.java:27)
at homepageVerifyTitle.closeBrowser(homepageVerifyTitle.java:27)
at homepageVerifyTitle.closeBrowser(homepageVerifyTitle.java:27)
at homepageVerifyTitle.closeBrowser(homepageVerifyTitle.java:27)
at homepageVerifyTitle.closeBrowser(homepageVerifyTitle.java:27)
at homepageVerifyTitle.closeBrowser(homepageVerifyTitle.java:27)
at homepageVerifyTitle.closeBrowser(homepageVerifyTitle.java:27)
at homepageVerifyTitle.closeBrowser(homepageVerifyTitle.java:27)
at homepageVerifyTitle.closeBrowser(homepageVerifyTitle.java:27)
at homepageVerifyTitle.closeBrowser(homepageVerifyTitle.java:27)
at homepageVerifyTitle.closeBrowser(homepageVerifyTitle.java:27)
at homepageVerifyTitle.closeBrowser(homepageVerifyTitle.java:27)
at homepageVerifyTitle.closeBrowser(homepageVerifyTitle.java:27)
at homepageVerifyTitle.closeBrowser(homepageVerifyTitle.java:27)
at homepageVerifyTitle.closeBrowser(homepageVerifyTitle.java:27)
at homepageVerifyTitle.closeBrowser(homepageVerifyTitle.java:27)
at homepageVerifyTitle.closeBrowser(homepageVerifyTitle.java:27)
at homepageVerifyTitle.closeBrowser(homepageVerifyTitle.java:27)
at homepageVerifyTitle.closeBrowser(homepageVerifyTitle.java:27)
at homepageVerifyTitle.closeBrowser(homepageVerifyTitle.java:27)
at homepageVerifyTitle.closeBrowser(homepageVerifyTitle.java:27)
at homepageVerifyTitle.closeBrowser(homepageVerifyTitle.java:27)
at homepageVerifyTitle.closeBrowser(homepageVerifyTitle.java:27)
at homepageVerifyTitle.closeBrowser(homepageVerifyTitle.java:27)
at homepageVerifyTitle.closeBrowser(homepageVerifyTitle.java:27)
at homepageVerifyTitle.closeBrowser(homepageVerifyTitle.java:27)
at homepageVerifyTitle.closeBrowser(homepageVerifyTitle.java:27)
at homepageVerifyTitle.closeBrowser(homepageVerifyTitle.java:27)
at homepageVerifyTitle.closeBrowser(homepageVerifyTitle.java:27)
at homepageVerifyTitle.closeBrowser(homepageVerifyTitle.java:27)
at homepageVerifyTitle.closeBrowser(homepageVerifyTitle.java:27)
at homepageVerifyTitle.closeBrowser(homepageVerifyTitle.java:27)
at homepageVerifyTitle.closeBrowser(homepageVerifyTitle.java:27)
at homepageVerifyTitle.closeBrowser(homepageVerifyTitle.java:27)
at homepageVerifyTitle.closeBrowser(homepageVerifyTitle.java:27)
at homepageVerifyTitle.closeBrowser(homepageVerifyTitle.java:27)
at homepageVerifyTitle.closeBrowser(homepageVerifyTitle.java:27)
at homepageVerifyTitle.closeBrowser(homepageVerifyTitle.java:27)
at homepageVerifyTitle.closeBrowser(homepageVerifyTitle.java:27)
at homepageVerifyTitle.closeBrowser(homepageVerifyTitle.java:27)
at homepageVerifyTitle.closeBrowser(homepageVerifyTitle.java:27)
at homepageVerifyTitle.closeBrowser(homepageVerifyTitle.java:27)
at homepageVerifyTitle.closeBrowser(homepageVerifyTitle.java:27)
at homepageVerifyTitle.closeBrowser(homepageVerifyTitle.java:27)
at homepageVerifyTitle.closeBrowser(homepageVerifyTitle.java:27)
at homepageVerifyTitle.closeBrowser(homepageVerifyTitle.java:27)
at homepageVerifyTitle.closeBrowser(homepageVerifyTitle.java:27)
at homepageVerifyTitle.closeBrowser(homepageVerifyTitle.java:27)
at homepageVerifyTitle.closeBrowser(homepageVerifyTitle.java:27)
at homepageVerifyTitle.closeBrowser(homepageVerifyTitle.java:27)
at homepageVerifyTitle.closeBrowser(homepageVerifyTitle.java:27)
at homepageVerifyTitle.closeBrowser(homepageVerifyTitle.java:27)
at homepageVerifyTitle.closeBrowser(homepageVerifyTitle.java:27)
at homepageVerifyTitle.closeBrowser(homepageVerifyTitle.java:27)
at homepageVerifyTitle.closeBrowser(homepageVerifyTitle.java:27)
at homepageVerifyTitle.closeBrowser(homepageVerifyTitle.java:27)
at homepageVerifyTitle.closeBrowser(homepageVerifyTitle.java:27)
at homepageVerifyTitle.closeBrowser(homepageVerifyTitle.java:27)
at homepageVerifyTitle.closeBrowser(homepageVerifyTitle.java:27)
at homepageVerifyTitle.closeBrowser(homepageVerifyTitle.java:27)
at homepageVerifyTitle.closeBrowser(homepageVerifyTitle.java:27)
at homepageVerifyTitle.closeBrowser(homepageVerifyTitle.java:27)
at homepageVerifyTitle.closeBrowser(homepageVerifyTitle.java:27)
at homepageVerifyTitle.closeBrowser(homepageVerifyTitle.java:27)
at homepageVerifyTitle.closeBrowser(homepageVerifyTitle.java:27)
at homepageVerifyTitle.closeBrowser(homepageVerifyTitle.java:27)
at homepageVerifyTitle.closeBrowser(homepageVerifyTitle.java:27)
at homepageVerifyTitle.closeBrowser(homepageVerifyTitle.java:27)
at homepageVerifyTitle.closeBrowser(homepageVerifyTitle.java:27)
at homepageVerifyTitle.closeBrowser(homepageVerifyTitle.java:27)
at homepageVerifyTitle.closeBrowser(homepageVerifyTitle.java:27)
at homepageVerifyTitle.closeBrowser(homepageVerifyTitle.java:27)
at homepageVerifyTitle.closeBrowser(homepageVerifyTitle.java:27)
at homepageVerifyTitle.closeBrowser(homepageVerifyTitle.java:27)
at homepageVerifyTitle.closeBrowser(homepageVerifyTitle.java:27)
at homepageVerifyTitle.closeBrowser(homepageVerifyTitle.java:27)
at homepageVerifyTitle.closeBrowser(homepageVerifyTitle.java:27)
at homepageVerifyTitle.closeBrowser(homepageVerifyTitle.java:27)
at homepageVerifyTitle.closeBrowser(homepageVerifyTitle.java:27)
at homepageVerifyTitle.closeBrowser(homepageVerifyTitle.java:27)
at homepageVerifyTitle.closeBrowser(homepageVerifyTitle.java:27)
at homepageVerifyTitle.closeBrowser(homepageVerifyTitle.java:27)
at homepageVerifyTitle.closeBrowser(homepageVerifyTitle.java:27)
at homepageVerifyTitle.closeBrowser(homepageVerifyTitle.java:27)
at homepageVerifyTitle.closeBrowser(homepageVerifyTitle.java:27)
at homepageVerifyTitle.closeBrowser(homepageVerifyTitle.java:27)
at homepageVerifyTitle.closeBrowser(homepageVerifyTitle.java:27)
at homepageVerifyTitle.closeBrowser(homepageVerifyTitle.java:27)
at homepageVerifyTitle.closeBrowser(homepageVerifyTitle.java:27)
at homepageVerifyTitle.closeBrowser(homepageVerifyTitle.java:27)
at homepageVerifyTitle.closeBrowser(homepageVerifyTitle.java:27)
at homepageVerifyTitle.closeBrowser(homepageVerifyTitle.java:27)
at homepageVerifyTitle.closeBrowser(homepageVerifyTitle.java:27)
at homepageVerifyTitle.closeBrowser(homepageVerifyTitle.java:27)
at homepageVerifyTitle.closeBrowser(homepageVerifyTitle.java:27)
at homepageVerifyTitle.closeBrowser(homepageVerifyTitle.java:27)
at homepageVerifyTitle.closeBrowser(homepageVerifyTitle.java:27)
at homepageVerifyTitle.closeBrowser(homepageVerifyTitle.java:27)
at homepageVerifyTitle.closeBrowser(homepageVerifyTitle.java:27)
at homepageVerifyTitle.closeBrowser(homepageVerifyTitle.java:27)
at homepageVerifyTitle.closeBrowser(homepageVerifyTitle.java:27)
at homepageVerifyTitle.closeBrowser(homepageVerifyTitle.java:27)
at homepageVerifyTitle.closeBrowser(homepageVerifyTitle.java:27)
at homepageVerifyTitle.closeBrowser(homepageVerifyTitle.java:27)
at homepageVerifyTitle.closeBrowser(homepageVerifyTitle.java:27)
at homepageVerifyTitle.closeBrowser(homepageVerifyTitle.java:27)
at homepageVerifyTitle.closeBrowser(homepageVerifyTitle.java:27)
at homepageVerifyTitle.closeBrowser(homepageVerifyTitle.java:27)
at homepageVerifyTitle.closeBrowser(homepageVerifyTitle.java:27)
at homepageVerifyTitle.closeBrowser(homepageVerifyTitle.java:27)
at homepageVerifyTitle.closeBrowser(homepageVerifyTitle.java:27)
at homepageVerifyTitle.closeBrowser(homepageVerifyTitle.java:27)
at homepageVerifyTitle.closeBrowser(homepageVerifyTitle.java:27)
at homepageVerifyTitle.closeBrowser(homepageVerifyTitle.java:27)
at homepageVerifyTitle.closeBrowser(homepageVerifyTitle.java:27)
at homepageVerifyTitle.closeBrowser(homepageVerifyTitle.java:27)
at homepageVerifyTitle.closeBrowser(homepageVerifyTitle.java:27)
at homepageVerifyTitle.closeBrowser(homepageVerifyTitle.java:27)
at homepageVerifyTitle.closeBrowser(homepageVerifyTitle.java:27)
at homepageVerifyTitle.closeBrowser(homepageVerifyTitle.java:27)
at homepageVerifyTitle.closeBrowser(homepageVerifyTitle.java:27)
at homepageVerifyTitle.closeBrowser(homepageVerifyTitle.java:27)
at homepageVerifyTitle.closeBrowser(homepageVerifyTitle.java:27)
at homepageVerifyTitle.closeBrowser(homepageVerifyTitle.java:27)
at homepageVerifyTitle.closeBrowser(homepageVerifyTitle.java:27)
at homepageVerifyTitle.closeBrowser(homepageVerifyTitle.java:27)
at homepageVerifyTitle.closeBrowser(homepageVerifyTitle.java:27)
at homepageVerifyTitle.closeBrowser(homepageVerifyTitle.java:27)
at homepageVerifyTitle.closeBrowser(homepageVerifyTitle.java:27)
at homepageVerifyTitle.closeBrowser(homepageVerifyTitle.java:27)
at homepageVerifyTitle.closeBrowser(homepageVerifyTitle.java:27)
at homepageVerifyTitle.closeBrowser(homepageVerifyTitle.java:27)
at homepageVerifyTitle.closeBrowser(homepageVerifyTitle.java:27)
at homepageVerifyTitle.closeBrowser(homepageVerifyTitle.java:27)
at homepageVerifyTitle.closeBrowser(homepageVerifyTitle.java:27)
at homepageVerifyTitle.closeBrowser(homepageVerifyTitle.java:27)
at homepageVerifyTitle.closeBrowser(homepageVerifyTitle.java:27)
at homepageVerifyTitle.closeBrowser(homepageVerifyTitle.java:27)
at homepageVerifyTitle.closeBrowser(homepageVerifyTitle.java:27)
at homepageVerifyTitle.closeBrowser(homepageVerifyTitle.java:27)
at homepageVerifyTitle.closeBrowser(homepageVerifyTitle.java:27)
at homepageVerifyTitle.closeBrowser(homepageVerifyTitle.java:27)
at homepageVerifyTitle.closeBrowser(homepageVerifyTitle.java:27)
at homepageVerifyTitle.closeBrowser(homepageVerifyTitle.java:27)
at homepageVerifyTitle.closeBrowser(homepageVerifyTitle.java:27)
at homepageVerifyTitle.closeBrowser(homepageVerifyTitle.java:27)
at homepageVerifyTitle.closeBrowser(homepageVerifyTitle.java:27)
at homepageVerifyTitle.closeBrowser(homepageVerifyTitle.java:27)
at homepageVerifyTitle.closeBrowser(homepageVerifyTitle.java:27)
at homepageVerifyTitle.closeBrowser(homepageVerifyTitle.java:27)
at homepageVerifyTitle.closeBrowser(homepageVerifyTitle.java:27)
at homepageVerifyTitle.closeBrowser(homepageVerifyTitle.java:27)
at homepageVerifyTitle.closeBrowser(homepageVerifyTitle.java:27)
at homepageVerifyTitle.closeBrowser(homepageVerifyTitle.java:27)
at homepageVerifyTitle.closeBrowser(homepageVerifyTitle.java:27)
at homepageVerifyTitle.closeBrowser(homepageVerifyTitle.java:27)
at homepageVerifyTitle.closeBrowser(homepageVerifyTitle.java:27)
at homepageVerifyTitle.closeBrowser(homepageVerifyTitle.java:27)
at homepageVerifyTitle.closeBrowser(homepageVerifyTitle.java:27)
at homepageVerifyTitle.closeBrowser(homepageVerifyTitle.java:27)
at homepageVerifyTitle.closeBrowser(homepageVerifyTitle.java:27)
at homepageVerifyTitle.closeBrowser(homepageVerifyTitle.java:27)
at homepageVerifyTitle.closeBrowser(homepageVerifyTitle.java:27)
at homepageVerifyTitle.closeBrowser(homepageVerifyTitle.java:27)
at homepageVerifyTitle.closeBrowser(homepageVerifyTitle.java:27)
at homepageVerifyTitle.closeBrowser(homepageVerifyTitle.java:27)
at homepageVerifyTitle.closeBrowser(homepageVerifyTitle.java:27)
at homepageVerifyTitle.closeBrowser(homepageVerifyTitle.java:27)
at homepageVerifyTitle.closeBrowser(homepageVerifyTitle.java:27)
at homepageVerifyTitle.closeBrowser(homepageVerifyTitle.java:27)
at homepageVerifyTitle.closeBrowser(homepageVerifyTitle.java:27)
at homepageVerifyTitle.closeBrowser(homepageVerifyTitle.java:27)
at homepageVerifyTitle.closeBrowser(homepageVerifyTitle.java:27)
at homepageVerifyTitle.closeBrowser(homepageVerifyTitle.java:27)
at homepageVerifyTitle.closeBrowser(homepageVerifyTitle.java:27)
at homepageVerifyTitle.closeBrowser(homepageVerifyTitle.java:27)
at homepageVerifyTitle.closeBrowser(homepageVerifyTitle.java:27)
at homepageVerifyTitle.closeBrowser(homepageVerifyTitle.java:27)
at homepageVerifyTitle.closeBrowser(homepageVerifyTitle.java:27)
at homepageVerifyTitle.closeBrowser(homepageVerifyTitle.java:27)
at homepageVerifyTitle.closeBrowser(homepageVerifyTitle.java:27)
at homepageVerifyTitle.closeBrowser(homepageVerifyTitle.java:27)
at homepageVerifyTitle.closeBrowser(homepageVerifyTitle.java:27)
at homepageVerifyTitle.closeBrowser(homepageVerifyTitle.java:27)
at homepageVerifyTitle.closeBrowser(homepageVerifyTitle.java:27)
at homepageVerifyTitle.closeBrowser(homepageVerifyTitle.java:27)
at homepageVerifyTitle.closeBrowser(homepageVerifyTitle.java:27)
at homepageVerifyTitle.closeBrowser(homepageVerifyTitle.java:27)
at homepageVerifyTitle.closeBrowser(homepageVerifyTitle.java:27)
at homepageVerifyTitle.closeBrowser(homepageVerifyTitle.java:27)
at homepageVerifyTitle.closeBrowser(homepageVerifyTitle.java:27)
at homepageVerifyTitle.closeBrowser(homepageVerifyTitle.java:27)
at homepageVerifyTitle.closeBrowser(homepageVerifyTitle.java:27)
at homepageVerifyTitle.closeBrowser(homepageVerifyTitle.java:27)
at homepageVerifyTitle.closeBrowser(homepageVerifyTitle.java:27)
at homepageVerifyTitle.closeBrowser(homepageVerifyTitle.java:27)
at homepageVerifyTitle.closeBrowser(homepageVerifyTitle.java:27)
at homepageVerifyTitle.closeBrowser(homepageVerifyTitle.java:27)
at homepageVerifyTitle.closeBrowser(homepageVerifyTitle.java:27)
at homepageVerifyTitle.closeBrowser(homepageVerifyTitle.java:27)
at homepageVerifyTitle.closeBrowser(homepageVerifyTitle.java:27)
at homepageVerifyTitle.closeBrowser(homepageVerifyTitle.java:27)
at homepageVerifyTitle.closeBrowser(homepageVerifyTitle.java:27)
at homepageVerifyTitle.closeBrowser(homepageVerifyTitle.java:27)
at homepageVerifyTitle.closeBrowser(homepageVerifyTitle.java:27)
at homepageVerifyTitle.closeBrowser(homepageVerifyTitle.java:27)
at homepageVerifyTitle.closeBrowser(homepageVerifyTitle.java:27)
at homepageVerifyTitle.closeBrowser(homepageVerifyTitle.java:27)
at homepageVerifyTitle.closeBrowser(homepageVerifyTitle.java:27)
at homepageVerifyTitle.closeBrowser(homepageVerifyTitle.java:27)
at homepageVerifyTitle.closeBrowser(homepageVerifyTitle.java:27)
at homepageVerifyTitle.closeBrowser(homepageVerifyTitle.java:27)
at homepageVerifyTitle.closeBrowser(homepageVerifyTitle.java:27)
at homepageVerifyTitle.closeBrowser(homepageVerifyTitle.java:27)
at homepageVerifyTitle.closeBrowser(homepageVerifyTitle.java:27)
at homepageVerifyTitle.closeBrowser(homepageVerifyTitle.java:27)
at homepageVerifyTitle.closeBrowser(homepageVerifyTitle.java:27)
at homepageVerifyTitle.closeBrowser(homepageVerifyTitle.java:27)
at homepageVerifyTitle.closeBrowser(homepageVerifyTitle.java:27)
at homepageVerifyTitle.closeBrowser(homepageVerifyTitle.java:27)
at homepageVerifyTitle.closeBrowser(homepageVerifyTitle.java:27)
at homepageVerifyTitle.closeBrowser(homepageVerifyTitle.java:27)
at homepageVerifyTitle.closeBrowser(homepageVerifyTitle.java:27)
at homepageVerifyTitle.closeBrowser(homepageVerifyTitle.java:27)
at homepageVerifyTitle.closeBrowser(homepageVerifyTitle.java:27)
at homepageVerifyTitle.closeBrowser(homepageVerifyTitle.java:27)
at homepageVerifyTitle.closeBrowser(homepageVerifyTitle.java:27)
at homepageVerifyTitle.closeBrowser(homepageVerifyTitle.java:27)
at homepageVerifyTitle.closeBrowser(homepageVerifyTitle.java:27)
at homepageVerifyTitle.closeBrowser(homepageVerifyTitle.java:27)
at homepageVerifyTitle.closeBrowser(homepageVerifyTitle.java:27)
at homepageVerifyTitle.closeBrowser(homepageVerifyTitle.java:27)
at homepageVerifyTitle.closeBrowser(homepageVerifyTitle.java:27)
at homepageVerifyTitle.closeBrowser(homepageVerifyTitle.java:27)
at homepageVerifyTitle.closeBrowser(homepageVerifyTitle.java:27)
at homepageVerifyTitle.closeBrowser(homepageVerifyTitle.java:27)
at homepageVerifyTitle.closeBrowser(homepageVerifyTitle.java:27)
at homepageVerifyTitle.closeBrowser(homepageVerifyTitle.java:27)
at homepageVerifyTitle.closeBrowser(homepageVerifyTitle.java:27)
at homepageVerifyTitle.closeBrowser(homepageVerifyTitle.java:27)
at homepageVerifyTitle.closeBrowser(homepageVerifyTitle.java:27)
at homepageVerifyTitle.closeBrowser(homepageVerifyTitle.java:27)
at homepageVerifyTitle.closeBrowser(homepageVerifyTitle.java:27)
at homepageVerifyTitle.closeBrowser(homepageVerifyTitle.java:27)
at homepageVerifyTitle.closeBrowser(homepageVerifyTitle.java:27)
at homepageVerifyTitle.closeBrowser(homepageVerifyTitle.java:27)
at homepageVerifyTitle.closeBrowser(homepageVerifyTitle.java:27)
at homepageVerifyTitle.closeBrowser(homepageVerifyTitle.java:27)
at homepageVerifyTitle.closeBrowser(homepageVerifyTitle.java:27)
at homepageVerifyTitle.closeBrowser(homepageVerifyTitle.java:27)
at homepageVerifyTitle.closeBrowser(homepageVerifyTitle.java:27)
at homepageVerifyTitle.closeBrowser(homepageVerifyTitle.java:27)
at homepageVerifyTitle.closeBrowser(homepageVerifyTitle.java:27)
at homepageVerifyTitle.closeBrowser(homepageVerifyTitle.java:27)
at homepageVerifyTitle.closeBrowser(homepageVerifyTitle.java:27)
at homepageVerifyTitle.closeBrowser(homepageVerifyTitle.java:27)
at homepageVerifyTitle.closeBrowser(homepageVerifyTitle.java:27)
at homepageVerifyTitle.closeBrowser(homepageVerifyTitle.java:27)
at homepageVerifyTitle.closeBrowser(homepageVerifyTitle.java:27)
at homepageVerifyTitle.closeBrowser(homepageVerifyTitle.java:27)
at homepageVerifyTitle.closeBrowser(homepageVerifyTitle.java:27)
at homepageVerifyTitle.closeBrowser(homepageVerifyTitle.java:27)
at homepageVerifyTitle.closeBrowser(homepageVerifyTitle.java:27)
at homepageVerifyTitle.closeBrowser(homepageVerifyTitle.java:27)
at homepageVerifyTitle.closeBrowser(homepageVerifyTitle.java:27)
at homepageVerifyTitle.closeBrowser(homepageVerifyTitle.java:27)
at homepageVerifyTitle.closeBrowser(homepageVerifyTitle.java:27)
at homepageVerifyTitle.closeBrowser(homepageVerifyTitle.java:27)
at homepageVerifyTitle.closeBrowser(homepageVerifyTitle.java:27)
at homepageVerifyTitle.closeBrowser(homepageVerifyTitle.java:27)
at homepageVerifyTitle.closeBrowser(homepageVerifyTitle.java:27)
at homepageVerifyTitle.closeBrowser(homepageVerifyTitle.java:27)
at homepageVerifyTitle.closeBrowser(homepageVerifyTitle.java:27)
at homepageVerifyTitle.closeBrowser(homepageVerifyTitle.java:27)
at homepageVerifyTitle.closeBrowser(homepageVerifyTitle.java:27)
at homepageVerifyTitle.closeBrowser(homepageVerifyTitle.java:27)
at homepageVerifyTitle.closeBrowser(homepageVerifyTitle.java:27)
at homepageVerifyTitle.closeBrowser(homepageVerifyTitle.java:27)
at homepageVerifyTitle.closeBrowser(homepageVerifyTitle.java:27)
at homepageVerifyTitle.closeBrowser(homepageVerifyTitle.java:27)
at homepageVerifyTitle.closeBrowser(homepageVerifyTitle.java:27)
at homepageVerifyTitle.closeBrowser(homepageVerifyTitle.java:27)
at homepageVerifyTitle.closeBrowser(homepageVerifyTitle.java:27)
at homepageVerifyTitle.closeBrowser(homepageVerifyTitle.java:27)
at homepageVerifyTitle.closeBrowser(homepageVerifyTitle.java:27)
at homepageVerifyTitle.closeBrowser(homepageVerifyTitle.java:27)
at homepageVerifyTitle.closeBrowser(homepageVerifyTitle.java:27)
at homepageVerifyTitle.closeBrowser(homepageVerifyTitle.java:27)
at homepageVerifyTitle.closeBrowser(homepageVerifyTitle.java:27)
at homepageVerifyTitle.closeBrowser(homepageVerifyTitle.java:27)
at homepageVerifyTitle.closeBrowser(homepageVerifyTitle.java:27)
at homepageVerifyTitle.closeBrowser(homepageVerifyTitle.java:27)
at homepageVerifyTitle.closeBrowser(homepageVerifyTitle.java:27)
at homepageVerifyTitle.closeBrowser(homepageVerifyTitle.java:27)
at homepageVerifyTitle.closeBrowser(homepageVerifyTitle.java:27)
at homepageVerifyTitle.closeBrowser(homepageVerifyTitle.java:27)
at homepageVerifyTitle.closeBrowser(homepageVerifyTitle.java:27)
at homepageVerifyTitle.closeBrowser(homepageVerifyTitle.java:27)
at homepageVerifyTitle.closeBrowser(homepageVerifyTitle.java:27)
at homepageVerifyTitle.closeBrowser(homepageVerifyTitle.java:27)
at homepageVerifyTitle.closeBrowser(homepageVerifyTitle.java:27)
at homepageVerifyTitle.closeBrowser(homepageVerifyTitle.java:27)
at homepageVerifyTitle.closeBrowser(homepageVerifyTitle.java:27)
at homepageVerifyTitle.closeBrowser(homepageVerifyTitle.java:27)
at homepageVerifyTitle.closeBrowser(homepageVerifyTitle.java:27)
at homepageVerifyTitle.closeBrowser(homepageVerifyTitle.java:27)
at homepageVerifyTitle.closeBrowser(homepageVerifyTitle.java:27)
at homepageVerifyTitle.closeBrowser(homepageVerifyTitle.java:27)
at homepageVerifyTitle.closeBrowser(homepageVerifyTitle.java:27)
at homepageVerifyTitle.closeBrowser(homepageVerifyTitle.java:27)
at homepageVerifyTitle.closeBrowser(homepageVerifyTitle.java:27)
at homepageVerifyTitle.closeBrowser(homepageVerifyTitle.java:27)
at homepageVerifyTitle.closeBrowser(homepageVerifyTitle.java:27)
at homepageVerifyTitle.closeBrowser(homepageVerifyTitle.java:27)
at homepageVerifyTitle.closeBrowser(homepageVerifyTitle.java:27)
at homepageVerifyTitle.closeBrowser(homepageVerifyTitle.java:27)
at homepageVerifyTitle.closeBrowser(homepageVerifyTitle.java:27)
at homepageVerifyTitle.closeBrowser(homepageVerifyTitle.java:27)
at homepageVerifyTitle.closeBrowser(homepageVerifyTitle.java:27)
at homepageVerifyTitle.closeBrowser(homepageVerifyTitle.java:27)
at homepageVerifyTitle.closeBrowser(homepageVerifyTitle.java:27)
at homepageVerifyTitle.closeBrowser(homepageVerifyTitle.java:27)
at homepageVerifyTitle.closeBrowser(homepageVerifyTitle.java:27)
at homepageVerifyTitle.closeBrowser(homepageVerifyTitle.java:27)
at homepageVerifyTitle.closeBrowser(homepageVerifyTitle.java:27)
at homepageVerifyTitle.closeBrowser(homepageVerifyTitle.java:27)
at homepageVerifyTitle.closeBrowser(homepageVerifyTitle.java:27)
at homepageVerifyTitle.closeBrowser(homepageVerifyTitle.java:27)
at homepageVerifyTitle.closeBrowser(homepageVerifyTitle.java:27)
at homepageVerifyTitle.closeBrowser(homepageVerifyTitle.java:27)
at homepageVerifyTitle.closeBrowser(homepageVerifyTitle.java:27)
at homepageVerifyTitle.closeBrowser(homepageVerifyTitle.java:27)
at homepageVerifyTitle.closeBrowser(homepageVerifyTitle.java:27)
at homepageVerifyTitle.closeBrowser(homepageVerifyTitle.java:27)
at homepageVerifyTitle.closeBrowser(homepageVerifyTitle.java:27)
at homepageVerifyTitle.closeBrowser(homepageVerifyTitle.java:27)
at homepageVerifyTitle.closeBrowser(homepageVerifyTitle.java:27)
at homepageVerifyTitle.closeBrowser(homepageVerifyTitle.java:27)
at homepageVerifyTitle.closeBrowser(homepageVerifyTitle.java:27)
at homepageVerifyTitle.closeBrowser(homepageVerifyTitle.java:27)
at homepageVerifyTitle.closeBrowser(homepageVerifyTitle.java:27)
at homepageVerifyTitle.closeBrowser(homepageVerifyTitle.java:27)
at homepageVerifyTitle.closeBrowser(homepageVerifyTitle.java:27)
at homepageVerifyTitle.closeBrowser(homepageVerifyTitle.java:27)
at homepageVerifyTitle.closeBrowser(homepageVerifyTitle.java:27)
at homepageVerifyTitle.closeBrowser(homepageVerifyTitle.java:27)
at homepageVerifyTitle.closeBrowser(homepageVerifyTitle.java:27)
at homepageVerifyTitle.closeBrowser(homepageVerifyTitle.java:27)
at homepageVerifyTitle.closeBrowser(homepageVerifyTitle.java:27)
at homepageVerifyTitle.closeBrowser(homepageVerifyTitle.java:27)
at homepageVerifyTitle.closeBrowser(homepageVerifyTitle.java:27)
at homepageVerifyTitle.closeBrowser(homepageVerifyTitle.java:27)
at homepageVerifyTitle.closeBrowser(homepageVerifyTitle.java:27)
at homepageVerifyTitle.closeBrowser(homepageVerifyTitle.java:27)
at homepageVerifyTitle.closeBrowser(homepageVerifyTitle.java:27)
at homepageVerifyTitle.closeBrowser(homepageVerifyTitle.java:27)
at homepageVerifyTitle.closeBrowser(homepageVerifyTitle.java:27)
at homepageVerifyTitle.closeBrowser(homepageVerifyTitle.java:27)
at homepageVerifyTitle.closeBrowser(homepageVerifyTitle.java:27)
at homepageVerifyTitle.closeBrowser(homepageVerifyTitle.java:27)
at homepageVerifyTitle.closeBrowser(homepageVerifyTitle.java:27)
at homepageVerifyTitle.closeBrowser(homepageVerifyTitle.java:27)
at homepageVerifyTitle.closeBrowser(homepageVerifyTitle.java:27)
at homepageVerifyTitle.closeBrowser(homepageVerifyTitle.java:27)
at homepageVerifyTitle.closeBrowser(homepageVerifyTitle.java:27)
at homepageVerifyTitle.closeBrowser(homepageVerifyTitle.java:27)
at homepageVerifyTitle.closeBrowser(homepageVerifyTitle.java:27)
at homepageVerifyTitle.closeBrowser(homepageVerifyTitle.java:27)
at homepageVerifyTitle.closeBrowser(homepageVerifyTitle.java:27)
at homepageVerifyTitle.closeBrowser(homepageVerifyTitle.java:27)
at homepageVerifyTitle.closeBrowser(homepageVerifyTitle.java:27)
at homepageVerifyTitle.closeBrowser(homepageVerifyTitle.java:27)
at homepageVerifyTitle.closeBrowser(homepageVerifyTitle.java:27)
at homepageVerifyTitle.closeBrowser(homepageVerifyTitle.java:27)
at homepageVerifyTitle.closeBrowser(homepageVerifyTitle.java:27)
at homepageVerifyTitle.closeBrowser(homepageVerifyTitle.java:27)
at homepageVerifyTitle.closeBrowser(homepageVerifyTitle.java:27)
at homepageVerifyTitle.closeBrowser(homepageVerifyTitle.java:27)
at homepageVerifyTitle.closeBrowser(homepageVerifyTitle.java:27)
at homepageVerifyTitle.closeBrowser(homepageVerifyTitle.java:27)
at homepageVerifyTitle.closeBrowser(homepageVerifyTitle.java:27)
at homepageVerifyTitle.closeBrowser(homepageVerifyTitle.java:27)
at homepageVerifyTitle.closeBrowser(homepageVerifyTitle.java:27)
at homepageVerifyTitle.closeBrowser(homepageVerifyTitle.java:27)
at homepageVerifyTitle.closeBrowser(homepageVerifyTitle.java:27)
at homepageVerifyTitle.closeBrowser(homepageVerifyTitle.java:27)
at homepageVerifyTitle.closeBrowser(homepageVerifyTitle.java:27)
at homepageVerifyTitle.closeBrowser(homepageVerifyTitle.java:27)
at homepageVerifyTitle.closeBrowser(homepageVerifyTitle.java:27)
at homepageVerifyTitle.closeBrowser(homepageVerifyTitle.java:27)
at homepageVerifyTitle.closeBrowser(homepageVerifyTitle.java:27)
at homepageVerifyTitle.closeBrowser(homepageVerifyTitle.java:27)
at homepageVerifyTitle.closeBrowser(homepageVerifyTitle.java:27)
at homepageVerifyTitle.closeBrowser(homepageVerifyTitle.java:27)
at homepageVerifyTitle.closeBrowser(homepageVerifyTitle.java:27)
at homepageVerifyTitle.closeBrowser(homepageVerifyTitle.java:27)
at homepageVerifyTitle.closeBrowser(homepageVerifyTitle.java:27)
at homepageVerifyTitle.closeBrowser(homepageVerifyTitle.java:27)
at homepageVerifyTitle.closeBrowser(homepageVerifyTitle.java:27)
at homepageVerifyTitle.closeBrowser(homepageVerifyTitle.java:27)
at homepageVerifyTitle.closeBrowser(homepageVerifyTitle.java:27)
at homepageVerifyTitle.closeBrowser(homepageVerifyTitle.java:27)
at homepageVerifyTitle.closeBrowser(homepageVerifyTitle.java:27)
at homepageVerifyTitle.closeBrowser(homepageVerifyTitle.java:27)
at homepageVerifyTitle.closeBrowser(homepageVerifyTitle.java:27)
at homepageVerifyTitle.closeBrowser(homepageVerifyTitle.java:27)
at homepageVerifyTitle.closeBrowser(homepageVerifyTitle.java:27)
at homepageVerifyTitle.closeBrowser(homepageVerifyTitle.java:27)
at homepageVerifyTitle.closeBrowser(homepageVerifyTitle.java:27)
at homepageVerifyTitle.closeBrowser(homepageVerifyTitle.java:27)
at homepageVerifyTitle.closeBrowser(homepageVerifyTitle.java:27)
at homepageVerifyTitle.closeBrowser(homepageVerifyTitle.java:27)
at homepageVerifyTitle.closeBrowser(homepageVerifyTitle.java:27)
at homepageVerifyTitle.closeBrowser(homepageVerifyTitle.java:27)
at homepageVerifyTitle.closeBrowser(homepageVerifyTitle.java:27)
at homepageVerifyTitle.closeBrowser(homepageVerifyTitle.java:27)
at homepageVerifyTitle.closeBrowser(homepageVerifyTitle.java:27)
at homepageVerifyTitle.closeBrowser(homepageVerifyTitle.java:27)
at homepageVerifyTitle.closeBrowser(homepageVerifyTitle.java:27)
at homepageVerifyTitle.closeBrowser(homepageVerifyTitle.java:27)
at homepageVerifyTitle.closeBrowser(homepageVerifyTitle.java:27)
at homepageVerifyTitle.closeBrowser(homepageVerifyTitle.java:27)
at homepageVerifyTitle.closeBrowser(homepageVerifyTitle.java:27)
at homepageVerifyTitle.closeBrowser(homepageVerifyTitle.java:27)
at homepageVerifyTitle.closeBrowser(homepageVerifyTitle.java:27)
at homepageVerifyTitle.closeBrowser(homepageVerifyTitle.java:27)
at homepageVerifyTitle.closeBrowser(homepageVerifyTitle.java:27)
at homepageVerifyTitle.closeBrowser(homepageVerifyTitle.java:27)
at homepageVerifyTitle.closeBrowser(homepageVerifyTitle.java:27)
at homepageVerifyTitle.closeBrowser(homepageVerifyTitle.java:27)
at homepageVerifyTitle.closeBrowser(homepageVerifyTitle.java:27)
at homepageVerifyTitle.closeBrowser(homepageVerifyTitle.java:27)
at homepageVerifyTitle.closeBrowser(homepageVerifyTitle.java:27)
at homepageVerifyTitle.closeBrowser(homepageVerifyTitle.java:27)
at homepageVerifyTitle.closeBrowser(homepageVerifyTitle.java:27)
at homepageVerifyTitle.closeBrowser(homepageVerifyTitle.java:27)
at homepageVerifyTitle.closeBrowser(homepageVerifyTitle.java:27)
at homepageVerifyTitle.closeBrowser(homepageVerifyTitle.java:27)
at homepageVerifyTitle.closeBrowser(homepageVerifyTitle.java:27)
at homepageVerifyTitle.closeBrowser(homepageVerifyTitle.java:27)
at homepageVerifyTitle.closeBrowser(homepageVerifyTitle.java:27)
at homepageVerifyTitle.closeBrowser(homepageVerifyTitle.java:27)
at homepageVerifyTitle.closeBrowser(homepageVerifyTitle.java:27)
at homepageVerifyTitle.closeBrowser(homepageVerifyTitle.java:27)
at homepageVerifyTitle.closeBrowser(homepageVerifyTitle.java:27)
at homepageVerifyTitle.closeBrowser(homepageVerifyTitle.java:27)
at homepageVerifyTitle.closeBrowser(homepageVerifyTitle.java:27)
at homepageVerifyTitle.closeBrowser(homepageVerifyTitle.java:27)
at homepageVerifyTitle.closeBrowser(homepageVerifyTitle.java:27)
at homepageVerifyTitle.closeBrowser(homepageVerifyTitle.java:27)
at homepageVerifyTitle.closeBrowser(homepageVerifyTitle.java:27)
at homepageVerifyTitle.closeBrowser(homepageVerifyTitle.java:27)
at homepageVerifyTitle.closeBrowser(homepageVerifyTitle.java:27)
at homepageVerifyTitle.closeBrowser(homepageVerifyTitle.java:27)
at homepageVerifyTitle.closeBrowser(homepageVerifyTitle.java:27)
at homepageVerifyTitle.closeBrowser(homepageVerifyTitle.java:27)
at homepageVerifyTitle.closeBrowser(homepageVerifyTitle.java:27)
at homepageVerifyTitle.closeBrowser(homepageVerifyTitle.java:27)
at homepageVerifyTitle.closeBrowser(homepageVerifyTitle.java:27)
at homepageVerifyTitle.closeBrowser(homepageVerifyTitle.java:27)
at homepageVerifyTitle.closeBrowser(homepageVerifyTitle.java:27)
at homepageVerifyTitle.closeBrowser(homepageVerifyTitle.java:27)
at homepageVerifyTitle.closeBrowser(homepageVerifyTitle.java:27)
at homepageVerifyTitle.closeBrowser(homepageVerifyTitle.java:27)
at homepageVerifyTitle.closeBrowser(homepageVerifyTitle.java:27)
at homepageVerifyTitle.closeBrowser(homepageVerifyTitle.java:27)
at homepageVerifyTitle.closeBrowser(homepageVerifyTitle.java:27)
at homepageVerifyTitle.closeBrowser(homepageVerifyTitle.java:27)
at homepageVerifyTitle.closeBrowser(homepageVerifyTitle.java:27)
at homepageVerifyTitle.closeBrowser(homepageVerifyTitle.java:27)
at homepageVerifyTitle.closeBrowser(homepageVerifyTitle.java:27)
at homepageVerifyTitle.closeBrowser(homepageVerifyTitle.java:27)
at homepageVerifyTitle.closeBrowser(homepageVerifyTitle.java:27)
at homepageVerifyTitle.closeBrowser(homepageVerifyTitle.java:27)
at homepageVerifyTitle.closeBrowser(homepageVerifyTitle.java:27)
at homepageVerifyTitle.closeBrowser(homepageVerifyTitle.java:27)
at homepageVerifyTitle.closeBrowser(homepageVerifyTitle.java:27)
at homepageVerifyTitle.closeBrowser(homepageVerifyTitle.java:27)
at homepageVerifyTitle.closeBrowser(homepageVerifyTitle.java:27)
at homepageVerifyTitle.closeBrowser(homepageVerifyTitle.java:27)
at homepageVerifyTitle.closeBrowser(homepageVerifyTitle.java:27)
at homepageVerifyTitle.closeBrowser(homepageVerifyTitle.java:27)
at homepageVerifyTitle.closeBrowser(homepageVerifyTitle.java:27)
at homepageVerifyTitle.closeBrowser(homepageVerifyTitle.java:27)
at homepageVerifyTitle.closeBrowser(homepageVerifyTitle.java:27)
at homepageVerifyTitle.closeBrowser(homepageVerifyTitle.java:27)
at homepageVerifyTitle.closeBrowser(homepageVerifyTitle.java:27)
at homepageVerifyTitle.closeBrowser(homepageVerifyTitle.java:27)
at homepageVerifyTitle.closeBrowser(homepageVerifyTitle.java:27)
at homepageVerifyTitle.closeBrowser(homepageVerifyTitle.java:27)
at homepageVerifyTitle.closeBrowser(homepageVerifyTitle.java:27)
at homepageVerifyTitle.closeBrowser(homepageVerifyTitle.java:27)
at homepageVerifyTitle.closeBrowser(homepageVerifyTitle.java:27)
at homepageVerifyTitle.closeBrowser(homepageVerifyTitle.java:27)
at homepageVerifyTitle.closeBrowser(homepageVerifyTitle.java:27)
at homepageVerifyTitle.closeBrowser(homepageVerifyTitle.java:27)
at homepageVerifyTitle.closeBrowser(homepageVerifyTitle.java:27)
at homepageVerifyTitle.closeBrowser(homepageVerifyTitle.java:27)
at homepageVerifyTitle.closeBrowser(homepageVerifyTitle.java:27)
at homepageVerifyTitle.closeBrowser(homepageVerifyTitle.java:27)
at homepageVerifyTitle.closeBrowser(homepageVerifyTitle.java:27)
at homepageVerifyTitle.closeBrowser(homepageVerifyTitle.java:27)
at homepageVerifyTitle.closeBrowser(homepageVerifyTitle.java:27)
at homepageVerifyTitle.closeBrowser(homepageVerifyTitle.java:27)
at homepageVerifyTitle.closeBrowser(homepageVerifyTitle.java:27)
at homepageVerifyTitle.closeBrowser(homepageVerifyTitle.java:27)
at homepageVerifyTitle.closeBrowser(homepageVerifyTitle.java:27)
at homepageVerifyTitle.closeBrowser(homepageVerifyTitle.java:27)
at homepageVerifyTitle.closeBrowser(homepageVerifyTitle.java:27)
at homepageVerifyTitle.closeBrowser(homepageVerifyTitle.java:27)
at homepageVerifyTitle.closeBrowser(homepageVerifyTitle.java:27)
at homepageVerifyTitle.closeBrowser(homepageVerifyTitle.java:27)
at homepageVerifyTitle.closeBrowser(homepageVerifyTitle.java:27)
at homepageVerifyTitle.closeBrowser(homepageVerifyTitle.java:27)
at homepageVerifyTitle.closeBrowser(homepageVerifyTitle.java:27)
at homepageVerifyTitle.closeBrowser(homepageVerifyTitle.java:27)
at homepageVerifyTitle.closeBrowser(homepageVerifyTitle.java:27)
at homepageVerifyTitle.closeBrowser(homepageVerifyTitle.java:27)
at homepageVerifyTitle.closeBrowser(homepageVerifyTitle.java:27)
at homepageVerifyTitle.closeBrowser(homepageVerifyTitle.java:27)
at homepageVerifyTitle.closeBrowser(homepageVerifyTitle.java:27)
at homepageVerifyTitle.closeBrowser(homepageVerifyTitle.java:27)
at homepageVerifyTitle.closeBrowser(homepageVerifyTitle.java:27)
at homepageVerifyTitle.closeBrowser(homepageVerifyTitle.java:27)
at homepageVerifyTitle.closeBrowser(homepageVerifyTitle.java:27)
at homepageVerifyTitle.closeBrowser(homepageVerifyTitle.java:27)
at homepageVerifyTitle.closeBrowser(homepageVerifyTitle.java:27)
at homepageVerifyTitle.closeBrowser(homepageVerifyTitle.java:27)
at homepageVerifyTitle.closeBrowser(homepageVerifyTitle.java:27)
at homepageVerifyTitle.closeBrowser(homepageVerifyTitle.java:27)
at homepageVerifyTitle.closeBrowser(homepageVerifyTitle.java:27)
at homepageVerifyTitle.closeBrowser(homepageVerifyTitle.java:27)
at homepageVerifyTitle.closeBrowser(homepageVerifyTitle.java:27)
at homepageVerifyTitle.closeBrowser(homepageVerifyTitle.java:27)
at homepageVerifyTitle.closeBrowser(homepageVerifyTitle.java:27)
at homepageVerifyTitle.closeBrowser(homepageVerifyTitle.java:27)
at homepageVerifyTitle.closeBrowser(homepageVerifyTitle.java:27)
at homepageVerifyTitle.closeBrowser(homepageVerifyTitle.java:27)
at homepageVerifyTitle.closeBrowser(homepageVerifyTitle.java:27)
at homepageVerifyTitle.closeBrowser(homepageVerifyTitle.java:27)
at homepageVerifyTitle.closeBrowser(homepageVerifyTitle.java:27)
at homepageVerifyTitle.closeBrowser(homepageVerifyTitle.java:27)
at homepageVerifyTitle.closeBrowser(homepageVerifyTitle.java:27)
at homepageVerifyTitle.closeBrowser(homepageVerifyTitle.java:27)
at homepageVerifyTitle.closeBrowser(homepageVerifyTitle.java:27)
at homepageVerifyTitle.closeBrowser(homepageVerifyTitle.java:27)
at homepageVerifyTitle.closeBrowser(homepageVerifyTitle.java:27)
at homepageVerifyTitle.closeBrowser(homepageVerifyTitle.java:27)
at homepageVerifyTitle.closeBrowser(homepageVerifyTitle.java:27)
at homepageVerifyTitle.closeBrowser(homepageVerifyTitle.java:27)
at homepageVerifyTitle.closeBrowser(homepageVerifyTitle.java:27)
at homepageVerifyTitle.closeBrowser(homepageVerifyTitle.java:27)
at homepageVerifyTitle.closeBrowser(homepageVerifyTitle.java:27)
at homepageVerifyTitle.closeBrowser(homepageVerifyTitle.java:27)
at homepageVerifyTitle.closeBrowser(homepageVerifyTitle.java:27)
at homepageVerifyTitle.closeBrowser(homepageVerifyTitle.java:27)
at homepageVerifyTitle.closeBrowser(homepageVerifyTitle.java:27)
at homepageVerifyTitle.closeBrowser(homepageVerifyTitle.java:27)
at homepageVerifyTitle.closeBrowser(homepageVerifyTitle.java:27)
at homepageVerifyTitle.closeBrowser(homepageVerifyTitle.java:27)
at homepageVerifyTitle.closeBrowser(homepageVerifyTitle.java:27)
at homepageVerifyTitle.closeBrowser(homepageVerifyTitle.java:27)
at homepageVerifyTitle.closeBrowser(homepageVerifyTitle.java:27)
at homepageVerifyTitle.closeBrowser(homepageVerifyTitle.java:27)
at homepageVerifyTitle.closeBrowser(homepageVerifyTitle.java:27)
at homepageVerifyTitle.closeBrowser(homepageVerifyTitle.java:27)
at homepageVerifyTitle.closeBrowser(homepageVerifyTitle.java:27)
at homepageVerifyTitle.closeBrowser(homepageVerifyTitle.java:27)
at homepageVerifyTitle.closeBrowser(homepageVerifyTitle.java:27)
at homepageVerifyTitle.closeBrowser(homepageVerifyTitle.java:27)
at homepageVerifyTitle.closeBrowser(homepageVerifyTitle.java:27)
at homepageVerifyTitle.closeBrowser(homepageVerifyTitle.java:27)
at homepageVerifyTitle.closeBrowser(homepageVerifyTitle.java:27)
at homepageVerifyTitle.closeBrowser(homepageVerifyTitle.java:27)
at homepageVerifyTitle.closeBrowser(homepageVerifyTitle.java:27)
at homepageVerifyTitle.closeBrowser(homepageVerifyTitle.java:27)
at homepageVerifyTitle.closeBrowser(homepageVerifyTitle.java:27)
at homepageVerifyTitle.closeBrowser(homepageVerifyTitle.java:27)
at homepageVerifyTitle.closeBrowser(homepageVerifyTitle.java:27)
at homepageVerifyTitle.closeBrowser(homepageVerifyTitle.java:27)
at homepageVerifyTitle.closeBrowser(homepageVerifyTitle.java:27)
at homepageVerifyTitle.closeBrowser(homepageVerifyTitle.java:27)
at homepageVerifyTitle.closeBrowser(homepageVerifyTitle.java:27)
at homepageVerifyTitle.closeBrowser(homepageVerifyTitle.java:27)
at homepageVerifyTitle.closeBrowser(homepageVerifyTitle.java:27)
at homepageVerifyTitle.closeBrowser(homepageVerifyTitle.java:27)
at homepageVerifyTitle.closeBrowser(homepageVerifyTitle.java:27)
at homepageVerifyTitle.closeBrowser(homepageVerifyTitle.java:27)
at homepageVerifyTitle.closeBrowser(homepageVerifyTitle.java:27)
at homepageVerifyTitle.closeBrowser(homepageVerifyTitle.java:27)
at homepageVerifyTitle.closeBrowser(homepageVerifyTitle.java:27)
at homepageVerifyTitle.closeBrowser(homepageVerifyTitle.java:27)
at homepageVerifyTitle.closeBrowser(homepageVerifyTitle.java:27)
at homepageVerifyTitle.closeBrowser(homepageVerifyTitle.java:27)
at homepageVerifyTitle.closeBrowser(homepageVerifyTitle.java:27)
at homepageVerifyTitle.closeBrowser(homepageVerifyTitle.java:27)
at homepageVerifyTitle.closeBrowser(homepageVerifyTitle.java:27)
at homepageVerifyTitle.closeBrowser(homepageVerifyTitle.java:27)
at homepageVerifyTitle.closeBrowser(homepageVerifyTitle.java:27)
at homepageVerifyTitle.closeBrowser(homepageVerifyTitle.java:27)
at homepageVerifyTitle.closeBrowser(homepageVerifyTitle.java:27)
at homepageVerifyTitle.closeBrowser(homepageVerifyTitle.java:27)
at homepageVerifyTitle.closeBrowser(homepageVerifyTitle.java:27)
at homepageVerifyTitle.closeBrowser(homepageVerifyTitle.java:27)
at homepageVerifyTitle.closeBrowser(homepageVerifyTitle.java:27)
at homepageVerifyTitle.closeBrowser(homepageVerifyTitle.java:27)
at homepageVerifyTitle.closeBrowser(homepageVerifyTitle.java:27)
at homepageVerifyTitle.closeBrowser(homepageVerifyTitle.java:27)
at homepageVerifyTitle.closeBrowser(homepageVerifyTitle.java:27)
at homepageVerifyTitle.closeBrowser(homepageVerifyTitle.java:27)
at homepageVerifyTitle.closeBrowser(homepageVerifyTitle.java:27)
at homepageVerifyTitle.closeBrowser(homepageVerifyTitle.java:27)
at homepageVerifyTitle.closeBrowser(homepageVerifyTitle.java:27)
at homepageVerifyTitle.closeBrowser(homepageVerifyTitle.java:27)
at homepageVerifyTitle.closeBrowser(homepageVerifyTitle.java:27)
at homepageVerifyTitle.closeBrowser(homepageVerifyTitle.java:27)
at homepageVerifyTitle.closeBrowser(homepageVerifyTitle.java:27)
at homepageVerifyTitle.closeBrowser(homepageVerifyTitle.java:27)
at homepageVerifyTitle.closeBrowser(homepageVerifyTitle.java:27)
at homepageVerifyTitle.closeBrowser(homepageVerifyTitle.java:27)
at homepageVerifyTitle.closeBrowser(homepageVerifyTitle.java:27)
at homepageVerifyTitle.closeBrowser(homepageVerifyTitle.java:27)
at homepageVerifyTitle.closeBrowser(homepageVerifyTitle.java:27)
at homepageVerifyTitle.closeBrowser(homepageVerifyTitle.java:27)
at homepageVerifyTitle.closeBrowser(homepageVerifyTitle.java:27)
at homepageVerifyTitle.closeBrowser(homepageVerifyTitle.java:27)
at homepageVerifyTitle.closeBrowser(homepageVerifyTitle.java:27)
at homepageVerifyTitle.closeBrowser(homepageVerifyTitle.java:27)
at homepageVerifyTitle.closeBrowser(homepageVerifyTitle.java:27)
at homepageVerifyTitle.closeBrowser(homepageVerifyTitle.java:27)
at homepageVerifyTitle.closeBrowser(homepageVerifyTitle.java:27)
at homepageVerifyTitle.closeBrowser(homepageVerifyTitle.java:27)
at homepageVerifyTitle.closeBrowser(homepageVerifyTitle.java:27)
at homepageVerifyTitle.closeBrowser(homepageVerifyTitle.java:27)
at homepageVerifyTitle.closeBrowser(homepageVerifyTitle.java:27)
at homepageVerifyTitle.closeBrowser(homepageVerifyTitle.java:27)
at homepageVerifyTitle.closeBrowser(homepageVerifyTitle.java:27)
at homepageVerifyTitle.closeBrowser(homepageVerifyTitle.java:27)
at homepageVerifyTitle.closeBrowser(homepageVerifyTitle.java:27)
at homepageVerifyTitle.closeBrowser(homepageVerifyTitle.java:27)
at homepageVerifyTitle.closeBrowser(homepageVerifyTitle.java:27)
at homepageVerifyTitle.closeBrowser(homepageVerifyTitle.java:27)
at homepageVerifyTitle.closeBrowser(homepageVerifyTitle.java:27)
at homepageVerifyTitle.closeBrowser(homepageVerifyTitle.java:27)
at homepageVerifyTitle.closeBrowser(homepageVerifyTitle.java:27)
at homepageVerifyTitle.closeBrowser(homepageVerifyTitle.java:27)
at homepageVerifyTitle.closeBrowser(homepageVerifyTitle.java:27)
at homepageVerifyTitle.closeBrowser(homepageVerifyTitle.java:27)
at homepageVerifyTitle.closeBrowser(homepageVerifyTitle.java:27)
at homepageVerifyTitle.closeBrowser(homepageVerifyTitle.java:27)
at homepageVerifyTitle.closeBrowser(homepageVerifyTitle.java:27)
at homepageVerifyTitle.closeBrowser(homepageVerifyTitle.java:27)
at homepageVerifyTitle.closeBrowser(homepageVerifyTitle.java:27)
at homepageVerifyTitle.closeBrowser(homepageVerifyTitle.java:27)
at homepageVerifyTitle.closeBrowser(homepageVerifyTitle.java:27)
at homepageVerifyTitle.closeBrowser(homepageVerifyTitle.java:27)
at homepageVerifyTitle.closeBrowser(homepageVerifyTitle.java:27)
at homepageVerifyTitle.closeBrowser(homepageVerifyTitle.java:27)
at homepageVerifyTitle.closeBrowser(homepageVerifyTitle.java:27)
at homepageVerifyTitle.closeBrowser(homepageVerifyTitle.java:27)
at homepageVerifyTitle.closeBrowser(homepageVerifyTitle.java:27)
at homepageVerifyTitle.closeBrowser(homepageVerifyTitle.java:27)
at homepageVerifyTitle.closeBrowser(homepageVerifyTitle.java:27)
at homepageVerifyTitle.closeBrowser(homepageVerifyTitle.java:27)
at homepageVerifyTitle.closeBrowser(homepageVerifyTitle.java:27)
at homepageVerifyTitle.closeBrowser(homepageVerifyTitle.java:27)
at homepageVerifyTitle.closeBrowser(homepageVerifyTitle.java:27)
at homepageVerifyTitle.closeBrowser(homepageVerifyTitle.java:27)
at homepageVerifyTitle.closeBrowser(homepageVerifyTitle.java:27)
at homepageVerifyTitle.closeBrowser(homepageVerifyTitle.java:27)
at homepageVerifyTitle.closeBrowser(homepageVerifyTitle.java:27)
at homepageVerifyTitle.closeBrowser(homepageVerifyTitle.java:27)
at homepageVerifyTitle.closeBrowser(homepageVerifyTitle.java:27)
at homepageVerifyTitle.closeBrowser(homepageVerifyTitle.java:27)
at homepageVerifyTitle.closeBrowser(homepageVerifyTitle.java:27)
at homepageVerifyTitle.closeBrowser(homepageVerifyTitle.java:27)
at homepageVerifyTitle.closeBrowser(homepageVerifyTitle.java:27)
at homepageVerifyTitle.closeBrowser(homepageVerifyTitle.java:27)
at homepageVerifyTitle.closeBrowser(homepageVerifyTitle.java:27)
at homepageVerifyTitle.closeBrowser(homepageVerifyTitle.java:27)
at homepageVerifyTitle.closeBrowser(homepageVerifyTitle.java:27)
at homepageVerifyTitle.closeBrowser(homepageVerifyTitle.java:27)
at homepageVerifyTitle.closeBrowser(homepageVerifyTitle.java:27)
at homepageVerifyTitle.closeBrowser(homepageVerifyTitle.java:27)
at homepageVerifyTitle.closeBrowser(homepageVerifyTitle.java:27)
at homepageVerifyTitle.closeBrowser(homepageVerifyTitle.java:27)
at homepageVerifyTitle.closeBrowser(homepageVerifyTitle.java:27)
at homepageVerifyTitle.closeBrowser(homepageVerifyTitle.java:27)
at homepageVerifyTitle.closeBrowser(homepageVerifyTitle.java:27)
at homepageVerifyTitle.closeBrowser(homepageVerifyTitle.java:27)
at homepageVerifyTitle.closeBrowser(homepageVerifyTitle.java:27)
at homepageVerifyTitle.closeBrowser(homepageVerifyTitle.java:27)
at homepageVerifyTitle.closeBrowser(homepageVerifyTitle.java:27)
at homepageVerifyTitle.closeBrowser(homepageVerifyTitle.java:27)
at homepageVerifyTitle.closeBrowser(homepageVerifyTitle.java:27)
at homepageVerifyTitle.closeBrowser(homepageVerifyTitle.java:27)
at homepageVerifyTitle.closeBrowser(homepageVerifyTitle.java:27)
at homepageVerifyTitle.closeBrowser(homepageVerifyTitle.java:27)
at homepageVerifyTitle.closeBrowser(homepageVerifyTitle.java:27)
at homepageVerifyTitle.closeBrowser(homepageVerifyTitle.java:27)
at homepageVerifyTitle.closeBrowser(homepageVerifyTitle.java:27)
at homepageVerifyTitle.closeBrowser(homepageVerifyTitle.java:27)
at homepageVerifyTitle.closeBrowser(homepageVerifyTitle.java:27)
at homepageVerifyTitle.closeBrowser(homepageVerifyTitle.java:27)
at homepageVerifyTitle.closeBrowser(homepageVerifyTitle.java:27)
at homepageVerifyTitle.closeBrowser(homepageVerifyTitle.java:27)
at homepageVerifyTitle.closeBrowser(homepageVerifyTitle.java:27)
at homepageVerifyTitle.closeBrowser(homepageVerifyTitle.java:27)
at homepageVerifyTitle.closeBrowser(homepageVerifyTitle.java:27)
at homepageVerifyTitle.closeBrowser(homepageVerifyTitle.java:27)
at homepageVerifyTitle.closeBrowser(homepageVerifyTitle.java:27)
at homepageVerifyTitle.closeBrowser(homepageVerifyTitle.java:27)
at homepageVerifyTitle.closeBrowser(homepageVerifyTitle.java:27)
at homepageVerifyTitle.closeBrowser(homepageVerifyTitle.java:27)
at homepageVerifyTitle.closeBrowser(homepageVerifyTitle.java:27)
at homepageVerifyTitle.closeBrowser(homepageVerifyTitle.java:27)
at homepageVerifyTitle.closeBrowser(homepageVerifyTitle.java:27)
at homepageVerifyTitle.closeBrowser(homepageVerifyTitle.java:27)
at homepageVerifyTitle.closeBrowser(homepageVerifyTitle.java:27)
at homepageVerifyTitle.closeBrowser(homepageVerifyTitle.java:27)
at homepageVerifyTitle.closeBrowser(homepageVerifyTitle.java:27)
at homepageVerifyTitle.closeBrowser(homepageVerifyTitle.java:27)
at homepageVerifyTitle.closeBrowser(homepageVerifyTitle.java:27)
at homepageVerifyTitle.closeBrowser(homepageVerifyTitle.java:27)
at homepageVerifyTitle.closeBrowser(homepageVerifyTitle.java:27)
at homepageVerifyTitle.closeBrowser(homepageVerifyTitle.java:27)
at homepageVerifyTitle.closeBrowser(homepageVerifyTitle.java:27)
at homepageVerifyTitle.closeBrowser(homepageVerifyTitle.java:27)
at homepageVerifyTitle.closeBrowser(homepageVerifyTitle.java:27)
at homepageVerifyTitle.closeBrowser(homepageVerifyTitle.java:27)
at homepageVerifyTitle.closeBrowser(homepageVerifyTitle.java:27)
at homepageVerifyTitle.closeBrowser(homepageVerifyTitle.java:27)
at homepageVerifyTitle.closeBrowser(homepageVerifyTitle.java:27)
at homepageVerifyTitle.closeBrowser(homepageVerifyTitle.java:27)
at homepageVerifyTitle.closeBrowser(homepageVerifyTitle.java:27)
at homepageVerifyTitle.closeBrowser(homepageVerifyTitle.java:27)
at homepageVerifyTitle.closeBrowser(homepageVerifyTitle.java:27)
at homepageVerifyTitle.closeBrowser(homepageVerifyTitle.java:27)
at homepageVerifyTitle.closeBrowser(homepageVerifyTitle.java:27)
at homepageVerifyTitle.closeBrowser(homepageVerifyTitle.java:27)
at homepageVerifyTitle.closeBrowser(homepageVerifyTitle.java:27)
at homepageVerifyTitle.closeBrowser(homepageVerifyTitle.java:27)
at homepageVerifyTitle.closeBrowser(homepageVerifyTitle.java:27)
at homepageVerifyTitle.closeBrowser(homepageVerifyTitle.java:27)
at homepageVerifyTitle.closeBrowser(homepageVerifyTitle.java:27)
at homepageVerifyTitle.closeBrowser(homepageVerifyTitle.java:27)
at homepageVerifyTitle.closeBrowser(homepageVerifyTitle.java:27)
at homepageVerifyTitle.closeBrowser(homepageVerifyTitle.java:27)
at homepageVerifyTitle.closeBrowser(homepageVerifyTitle.java:27)
at homepageVerifyTitle.closeBrowser(homepageVerifyTitle.java:27)
at homepageVerifyTitle.closeBrowser(homepageVerifyTitle.java:27)
at homepageVerifyTitle.closeBrowser(homepageVerifyTitle.java:27)
at homepageVerifyTitle.closeBrowser(homepageVerifyTitle.java:27)
at homepageVerifyTitle.closeBrowser(homepageVerifyTitle.java:27)
at homepageVerifyTitle.closeBrowser(homepageVerifyTitle.java:27)
at homepageVerifyTitle.closeBrowser(homepageVerifyTitle.java:27)
at homepageVerifyTitle.closeBrowser(homepageVerifyTitle.java:27)
at homepageVerifyTitle.closeBrowser(homepageVerifyTitle.java:27)
at homepageVerifyTitle.closeBrowser(homepageVerifyTitle.java:27)
at homepageVerifyTitle.closeBrowser(homepageVerifyTitle.java:27)
at homepageVerifyTitle.closeBrowser(homepageVerifyTitle.java:27)
at homepageVerifyTitle.closeBrowser(homepageVerifyTitle.java:27)
at homepageVerifyTitle.closeBrowser(homepageVerifyTitle.java:27)
at homepageVerifyTitle.closeBrowser(homepageVerifyTitle.java:27)
at homepageVerifyTitle.closeBrowser(homepageVerifyTitle.java:27)
at homepageVerifyTitle.closeBrowser(homepageVerifyTitle.java:27)
at homepageVerifyTitle.closeBrowser(homepageVerifyTitle.java:27)
at homepageVerifyTitle.closeBrowser(homepageVerifyTitle.java:27)
at homepageVerifyTitle.closeBrowser(homepageVerifyTitle.java:27)
at homepageVerifyTitle.closeBrowser(homepageVerifyTitle.java:27)
at homepageVerifyTitle.closeBrowser(homepageVerifyTitle.java:27)
at homepageVerifyTitle.closeBrowser(homepageVerifyTitle.java:27)
at homepageVerifyTitle.closeBrowser(homepageVerifyTitle.java:27)
at homepageVerifyTitle.closeBrowser(homepageVerifyTitle.java:27)
at homepageVerifyTitle.closeBrowser(homepageVerifyTitle.java:27)
at homepageVerifyTitle.closeBrowser(homepageVerifyTitle.java:27)
at homepageVerifyTitle.closeBrowser(homepageVerifyTitle.java:27)
at homepageVerifyTitle.closeBrowser(homepageVerifyTitle.java:27)
at homepageVerifyTitle.closeBrowser(homepageVerifyTitle.java:27)
at homepageVerifyTitle.closeBrowser(homepageVerifyTitle.java:27)
at homepageVerifyTitle.closeBrowser(homepageVerifyTitle.java:27)
at homepageVerifyTitle.closeBrowser(homepageVerifyTitle.java:27)
at homepageVerifyTitle.closeBrowser(homepageVerifyTitle.java:27)
at homepageVerifyTitle.closeBrowser(homepageVerifyTitle.java:27)
at homepageVerifyTitle.closeBrowser(homepageVerifyTitle.java:27)
at homepageVerifyTitle.closeBrowser(homepageVerifyTitle.java:27)
at homepageVerifyTitle.closeBrowser(homepageVerifyTitle.java:27)
at homepageVerifyTitle.closeBrowser(homepageVerifyTitle.java:27)
at homepageVerifyTitle.closeBrowser(homepageVerifyTitle.java:27)
at homepageVerifyTitle.closeBrowser(homepageVerifyTitle.java:27)
at homepageVerifyTitle.closeBrowser(homepageVerifyTitle.java:27)
at homepageVerifyTitle.closeBrowser(homepageVerifyTitle.java:27)
at homepageVerifyTitle.closeBrowser(homepageVerifyTitle.java:27)
at homepageVerifyTitle.closeBrowser(homepageVerifyTitle.java:27)
at homepageVerifyTitle.closeBrowser(homepageVerifyTitle.java:27)
at homepageVerifyTitle.closeBrowser(homepageVerifyTitle.java:27)
at homepageVerifyTitle.closeBrowser(homepageVerifyTitle.java:27)
at homepageVerifyTitle.closeBrowser(homepageVerifyTitle.java:27)
at homepageVerifyTitle.closeBrowser(homepageVerifyTitle.java:27)
at homepageVerifyTitle.closeBrowser(homepageVerifyTitle.java:27)
at homepageVerifyTitle.closeBrowser(homepageVerifyTitle.java:27)
at homepageVerifyTitle.closeBrowser(homepageVerifyTitle.java:27)
at homepageVerifyTitle.closeBrowser(homepageVerifyTitle.java:27)
at homepageVerifyTitle.closeBrowser(homepageVerifyTitle.java:27)
at homepageVerifyTitle.closeBrowser(homepageVerifyTitle.java:27)
at homepageVerifyTitle.closeBrowser(homepageVerifyTitle.java:27)
at homepageVerifyTitle.closeBrowser(homepageVerifyTitle.java:27)
at homepageVerifyTitle.closeBrowser(homepageVerifyTitle.java:27)
at homepageVerifyTitle.closeBrowser(homepageVerifyTitle.java:27)
at homepageVerifyTitle.closeBrowser(homepageVerifyTitle.java:27)
at homepageVerifyTitle.closeBrowser(homepageVerifyTitle.java:27)
at homepageVerifyTitle.closeBrowser(homepageVerifyTitle.java:27)
at homepageVerifyTitle.closeBrowser(homepageVerifyTitle.java:27)
at homepageVerifyTitle.closeBrowser(homepageVerifyTitle.java:27)
at homepageVerifyTitle.closeBrowser(homepageVerifyTitle.java:27)
at homepageVerifyTitle.closeBrowser(homepageVerifyTitle.java:27)
at homepageVerifyTitle.closeBrowser(homepageVerifyTitle.java:27)
at homepageVerifyTitle.closeBrowser(homepageVerifyTitle.java:27)
at homepageVerifyTitle.closeBrowser(homepageVerifyTitle.java:27)
at homepageVerifyTitle.closeBrowser(homepageVerifyTitle.java:27)
at homepageVerifyTitle.closeBrowser(homepageVerifyTitle.java:27)
at homepageVerifyTitle.closeBrowser(homepageVerifyTitle.java:27)
at homepageVerifyTitle.closeBrowser(homepageVerifyTitle.java:27)
at homepageVerifyTitle.closeBrowser(homepageVerifyTitle.java:27)
at homepageVerifyTitle.closeBrowser(homepageVerifyTitle.java:27)
at homepageVerifyTitle.closeBrowser(homepageVerifyTitle.java:27)
at homepageVerifyTitle.closeBrowser(homepageVerifyTitle.java:27)
at homepageVerifyTitle.closeBrowser(homepageVerifyTitle.java:27)
at homepageVerifyTitle.closeBrowser(homepageVerifyTitle.java:27)
at homepageVerifyTitle.closeBrowser(homepageVerifyTitle.java:27)
at homepageVerifyTitle.closeBrowser(homepageVerifyTitle.java:27)
at homepageVerifyTitle.closeBrowser(homepageVerifyTitle.java:27)
at homepageVerifyTitle.closeBrowser(homepageVerifyTitle.java:27)
at homepageVerifyTitle.closeBrowser(homepageVerifyTitle.java:27)
at homepageVerifyTitle.closeBrowser(homepageVerifyTitle.java:27)
at homepageVerifyTitle.closeBrowser(homepageVerifyTitle.java:27)
at homepageVerifyTitle.closeBrowser(homepageVerifyTitle.java:27)
at homepageVerifyTitle.closeBrowser(homepageVerifyTitle.java:27)
at homepageVerifyTitle.closeBrowser(homepageVerifyTitle.java:27)
at homepageVerifyTitle.closeBrowser(homepageVerifyTitle.java:27)
at homepageVerifyTitle.closeBrowser(homepageVerifyTitle.java:27)
at homepageVerifyTitle.closeBrowser(homepageVerifyTitle.java:27)
at homepageVerifyTitle.closeBrowser(homepageVerifyTitle.java:27)
at homepageVerifyTitle.closeBrowser(homepageVerifyTitle.java:27)
at homepageVerifyTitle.closeBrowser(homepageVerifyTitle.java:27)
at homepageVerifyTitle.closeBrowser(homepageVerifyTitle.java:27)
at homepageVerifyTitle.closeBrowser(homepageVerifyTitle.java:27)
at homepageVerifyTitle.closeBrowser(homepageVerifyTitle.java:27)
at homepageVerifyTitle.closeBrowser(homepageVerifyTitle.java:27)
at homepageVerifyTitle.closeBrowser(homepageVerifyTitle.java:27)
at homepageVerifyTitle.closeBrowser(homepageVerifyTitle.java:27)
at homepageVerifyTitle.closeBrowser(homepageVerifyTitle.java:27)
at homepageVerifyTitle.closeBrowser(homepageVerifyTitle.java:27)
at homepageVerifyTitle.closeBrowser(homepageVerifyTitle.java:27)
at homepageVerifyTitle.closeBrowser(homepageVerifyTitle.java:27)
at homepageVerifyTitle.closeBrowser(homepageVerifyTitle.java:27)
at homepageVerifyTitle.closeBrowser(homepageVerifyTitle.java:27)
at homepageVerifyTitle.closeBrowser(homepageVerifyTitle.java:27)
at homepageVerifyTitle.closeBrowser(homepageVerifyTitle.java:27)
at homepageVerifyTitle.closeBrowser(homepageVerifyTitle.java:27)
at homepageVerifyTitle.closeBrowser(homepageVerifyTitle.java:27)
at homepageVerifyTitle.closeBrowser(homepageVerifyTitle.java:27)
at homepageVerifyTitle.closeBrowser(homepageVerifyTitle.java:27)
at homepageVerifyTitle.closeBrowser(homepageVerifyTitle.java:27)
at homepageVerifyTitle.closeBrowser(homepageVerifyTitle.java:27)
at homepageVerifyTitle.closeBrowser(homepageVerifyTitle.java:27)
at homepageVerifyTitle.closeBrowser(homepageVerifyTitle.java:27)
at homepageVerifyTitle.closeBrowser(homepageVerifyTitle.java:27)
at homepageVerifyTitle.closeBrowser(homepageVerifyTitle.java:27)
at homepageVerifyTitle.closeBrowser(homepageVerifyTitle.java:27)
at homepageVerifyTitle.closeBrowser(homepageVerifyTitle.java:27)
at homepageVerifyTitle.closeBrowser(homepageVerifyTitle.java:27)
at homepageVerifyTitle.closeBrowser(homepageVerifyTitle.java:27)
at homepageVerifyTitle.closeBrowser(homepageVerifyTitle.java:27)
at homepageVerifyTitle.closeBrowser(homepageVerifyTitle.java:27)
at homepageVerifyTitle.closeBrowser(homepageVerifyTitle.java:27)
at homepageVerifyTitle.closeBrowser(homepageVerifyTitle.java:27)
at homepageVerifyTitle.closeBrowser(homepageVerifyTitle.java:27)
at homepageVerifyTitle.closeBrowser(homepageVerifyTitle.java:27)
at homepageVerifyTitle.closeBrowser(homepageVerifyTitle.java:27)
at homepageVerifyTitle.closeBrowser(homepageVerifyTitle.java:27)
at homepageVerifyTitle.closeBrowser(homepageVerifyTitle.java:27)
at homepageVerifyTitle.closeBrowser(homepageVerifyTitle.java:27)
at homepageVerifyTitle.closeBrowser(homepageVerifyTitle.java:27)
at homepageVerifyTitle.closeBrowser(homepageVerifyTitle.java:27)
at homepageVerifyTitle.closeBrowser(homepageVerifyTitle.java:27)
at homepageVerifyTitle.closeBrowser(homepageVerifyTitle.java:27)
at homepageVerifyTitle.closeBrowser(homepageVerifyTitle.java:27)
at homepageVerifyTitle.closeBrowser(homepageVerifyTitle.java:27)
at homepageVerifyTitle.closeBrowser(homepageVerifyTitle.java:27)
at homepageVerifyTitle.closeBrowser(homepageVerifyTitle.java:27)
at homepageVerifyTitle.closeBrowser(homepageVerifyTitle.java:27)
at homepageVerifyTitle.closeBrowser(homepageVerifyTitle.java:27)
at homepageVerifyTitle.closeBrowser(homepageVerifyTitle.java:27)
at homepageVerifyTitle.closeBrowser(homepageVerifyTitle.java:27)
at homepageVerifyTitle.closeBrowser(homepageVerifyTitle.java:27)
at homepageVerifyTitle.closeBrowser(homepageVerifyTitle.java:27)
at homepageVerifyTitle.closeBrowser(homepageVerifyTitle.java:27)
at homepageVerifyTitle.closeBrowser(homepageVerifyTitle.java:27)
at homepageVerifyTitle.closeBrowser(homepageVerifyTitle.java:27)
at homepageVerifyTitle.closeBrowser(homepageVerifyTitle.java:27)
at homepageVerifyTitle.closeBrowser(homepageVerifyTitle.java:27)
at homepageVerifyTitle.closeBrowser(homepageVerifyTitle.java:27)
at homepageVerifyTitle.closeBrowser(homepageVerifyTitle.java:27)
at homepageVerifyTitle.closeBrowser(homepageVerifyTitle.java:27)
at homepageVerifyTitle.closeBrowser(homepageVerifyTitle.java:27)
at homepageVerifyTitle.closeBrowser(homepageVerifyTitle.java:27)
at homepageVerifyTitle.closeBrowser(homepageVerifyTitle.java:27)
at homepageVerifyTitle.closeBrowser(homepageVerifyTitle.java:27)
at homepageVerifyTitle.closeBrowser(homepageVerifyTitle.java:27)
at homepageVerifyTitle.closeBrowser(homepageVerifyTitle.java:27)
at homepageVerifyTitle.closeBrowser(homepageVerifyTitle.java:27)
at homepageVerifyTitle.closeBrowser(homepageVerifyTitle.java:27)
at homepageVerifyTitle.closeBrowser(homepageVerifyTitle.java:27)
at homepageVerifyTitle.closeBrowser(homepageVerifyTitle.java:27)
at homepageVerifyTitle.closeBrowser(homepageVerifyTitle.java:27)
at homepageVerifyTitle.closeBrowser(homepageVerifyTitle.java:27)
at homepageVerifyTitle.closeBrowser(homepageVerifyTitle.java:27)
at homepageVerifyTitle.closeBrowser(homepageVerifyTitle.java:27)
at homepageVerifyTitle.closeBrowser(homepageVerifyTitle.java:27)
at homepageVerifyTitle.closeBrowser(homepageVerifyTitle.java:27)
at homepageVerifyTitle.closeBrowser(homepageVerifyTitle.java:27)
at homepageVerifyTitle.closeBrowser(homepageVerifyTitle.java:27)
at homepageVerifyTitle.closeBrowser(homepageVerifyTitle.java:27)
at homepageVerifyTitle.closeBrowser(homepageVerifyTitle.java:27)
at homepageVerifyTitle.closeBrowser(homepageVerifyTitle.java:27)
at homepageVerifyTitle.closeBrowser(homepageVerifyTitle.java:27)
at homepageVerifyTitle.closeBrowser(homepageVerifyTitle.java:27)
at homepageVerifyTitle.closeBrowser(homepageVerifyTitle.java:27)
at homepageVerifyTitle.closeBrowser(homepageVerifyTitle.java:27)
at homepageVerifyTitle.closeBrowser(homepageVerifyTitle.java:27)
at homepageVerifyTitle.closeBrowser(homepageVerifyTitle.java:27)
at homepageVerifyTitle.closeBrowser(homepageVerifyTitle.java:27)
at homepageVerifyTitle.closeBrowser(homepageVerifyTitle.java:27)
at homepageVerifyTitle.closeBrowser(homepageVerifyTitle.java:27)
at homepageVerifyTitle.closeBrowser(homepageVerifyTitle.java:27)
at homepageVerifyTitle.closeBrowser(homepageVerifyTitle.java:27)
at homepageVerifyTitle.closeBrowser(homepageVerifyTitle.java:27)
at homepageVerifyTitle.closeBrowser(homepageVerifyTitle.java:27)
at homepageVerifyTitle.closeBrowser(homepageVerifyTitle.java:27)
at homepageVerifyTitle.closeBrowser(homepageVerifyTitle.java:27)
at homepageVerifyTitle.closeBrowser(homepageVerifyTitle.java:27)
at homepageVerifyTitle.closeBrowser(homepageVerifyTitle.java:27)
at homepageVerifyTitle.closeBrowser(homepageVerifyTitle.java:27)
at homepageVerifyTitle.closeBrowser(homepageVerifyTitle.java:27)
at homepageVerifyTitle.closeBrowser(homepageVerifyTitle.java:27)
at homepageVerifyTitle.closeBrowser(homepageVerifyTitle.java:27)
at homepageVerifyTitle.closeBrowser(homepageVerifyTitle.java:27)
at homepageVerifyTitle.closeBrowser(homepageVerifyTitle.java:27)
at homepageVerifyTitle.closeBrowser(homepageVerifyTitle.java:27)
at homepageVerifyTitle.closeBrowser(homepageVerifyTitle.java:27)
at homepageVerifyTitle.closeBrowser(homepageVerifyTitle.java:27)
at homepageVerifyTitle.closeBrowser(homepageVerifyTitle.java:27)
at homepageVerifyTitle.closeBrowser(homepageVerifyTitle.java:27)
at homepageVerifyTitle.closeBrowser(homepageVerifyTitle.java:27)
at homepageVerifyTitle.closeBrowser(homepageVerifyTitle.java:27)
at homepageVerifyTitle.closeBrowser(homepageVerifyTitle.java:27)
at homepageVerifyTitle.closeBrowser(homepageVerifyTitle.java:27)
at homepageVerifyTitle.closeBrowser(homepageVerifyTitle.java:27)
at homepageVerifyTitle.closeBrowser(homepageVerifyTitle.java:27)
at homepageVerifyTitle.closeBrowser(homepageVerifyTitle.java:27)
at homepageVerifyTitle.closeBrowser(homepageVerifyTitle.java:27)
at homepageVerifyTitle.closeBrowser(homepageVerifyTitle.java:27)
at homepageVerifyTitle.closeBrowser(homepageVerifyTitle.java:27)
at homepageVerifyTitle.closeBrowser(homepageVerifyTitle.java:27)
at homepageVerifyTitle.closeBrowser(homepageVerifyTitle.java:27)
at homepageVerifyTitle.closeBrowser(homepageVerifyTitle.java:27)
at homepageVerifyTitle.closeBrowser(homepageVerifyTitle.java:27)
at homepageVerifyTitle.closeBrowser(homepageVerifyTitle.java:27)
at homepageVerifyTitle.closeBrowser(homepageVerifyTitle.java:27)
at homepageVerifyTitle.closeBrowser(homepageVerifyTitle.java:27)
at homepageVerifyTitle.closeBrowser(homepageVerifyTitle.java:27)
at homepageVerifyTitle.closeBrowser(homepageVerifyTitle.java:27)
at homepageVerifyTitle.closeBrowser(homepageVerifyTitle.java:27)
at homepageVerifyTitle.closeBrowser(homepageVerifyTitle.java:27)
at homepageVerifyTitle.closeBrowser(homepageVerifyTitle.java:27)
at homepageVerifyTitle.closeBrowser(homepageVerifyTitle.java:27)
at homepageVerifyTitle.closeBrowser(homepageVerifyTitle.java:27)
at homepageVerifyTitle.closeBrowser(homepageVerifyTitle.java:27)
at homepageVerifyTitle.closeBrowser(homepageVerifyTitle.java:27)
at homepageVerifyTitle.closeBrowser(homepageVerifyTitle.java:27)
]]>
            </full-stacktrace>
          </exception> <!-- java.lang.StackOverflowError -->
          <reporter-output>
          </reporter-output>
        </test-method> <!-- closeBrowser -->
      </class> <!-- homepageVerifyTitle -->
    </test> <!-- Homepage verification -->
  </suite> <!-- All Test Suite -->
</testng-results>
