<?xml version="1.0" encoding="UTF-8"?>
<!-- Generated by org.testng.reporters.JUnitXMLReporter -->
<testsuite ignored="0" hostname="DESKTOP-18EMREV" failures="0" tests="3" name="Customer Verify Customised Statement" time="20.764" errors="0" timestamp="12 Nov 2019 20:26:50 GMT">
  <testcase classname="tests.customer.SC16" name="verifyACustomerCanSeeCustomizedStatementOfOnlyHisAccount" time="8.379"/>
  <testcase classname="tests.customer.SC16" name="verifyCustomizedStatementIsNotGeneratedWhenFromDateIsGreaterThanToDate" time="5.591"/>
  <testcase classname="tests.customer.SC16" name="verifySystemBehaviorWhenWrongAccountNumberIsEnteredInTheCustomizedStatement" time="6.763"/>
</testsuite> <!-- Customer Verify Customised Statement -->
