<?xml version="1.0" encoding="UTF-8"?>
<!-- Generated by org.testng.reporters.JUnitXMLReporter -->
<testsuite ignored="1" hostname="DESKTOP-18EMREV" failures="0" tests="2" name="Verify Customized Statement" time="15.029" errors="0" timestamp="27 Oct 2019 12:39:42 GMT">
  <testcase classname="tests.manager.SM31" name="verifyCustomizedStatementIsGeneratedWhenFromDateIsLessThanToDate" time="8.135"/>
  <testcase classname="tests.manager.SM31" name="verifyCustomizedStatementIsNotGeneratedWhenFromDateIsGreaterThanToDate" time="6.864"/>
  <testcase classname="tests.manager.SM31" name="verifyCustomizedStatment" time="0.0">
    <ignored/>
  </testcase> <!-- verifyCustomizedStatment -->
</testsuite> <!-- Verify Customized Statement -->
