<?xml version="1.0" encoding="UTF-8"?>
<testng-results ignored="0" total="1" passed="1" failed="0" skipped="0">
  <reporter-output>
  </reporter-output>
  <suite started-at="2019-08-12T15:43:37Z" name="All Test Suite" finished-at="2019-08-12T15:44:40Z" duration-ms="62923">
    <groups>
    </groups>
    <test started-at="2019-08-12T15:43:37Z" name="Verify Login Test Cases" finished-at="2019-08-12T15:44:40Z" duration-ms="62923">
      <class name="tests.SS1">
        <test-method is-config="true" signature="initialize()[pri:0, instance:tests.SS1@4671e53b]" started-at="2019-08-12T15:43:37Z" name="initialize" finished-at="2019-08-12T15:43:59Z" duration-ms="22728" status="PASS">
          <reporter-output>
          </reporter-output>
        </test-method> <!-- initialize -->
        <test-method signature="verifyLoginValidAndInvalidCases()[pri:0, instance:tests.SS1@4671e53b]" started-at="2019-08-12T15:44:00Z" name="verifyLoginValidAndInvalidCases" finished-at="2019-08-12T15:44:34Z" duration-ms="34195" status="PASS">
          <reporter-output>
          </reporter-output>
        </test-method> <!-- verifyLoginValidAndInvalidCases -->
        <test-method is-config="true" signature="clearBrowser()[pri:0, instance:tests.SS1@4671e53b]" started-at="2019-08-12T15:44:34Z" name="clearBrowser" finished-at="2019-08-12T15:44:40Z" duration-ms="5857" status="PASS">
          <reporter-output>
          </reporter-output>
        </test-method> <!-- clearBrowser -->
      </class> <!-- tests.SS1 -->
    </test> <!-- Verify Login Test Cases -->
  </suite> <!-- All Test Suite -->
</testng-results>
